[ 2017-06-20T09:35:00+08:00 ] 127.0.0.1 /v5.2/admin.php
INFO: [ app_begin ] --START--
INFO: ReadHtmlCache Behavior ::run [ RunTime:0.000000s ]
INFO: [ app_begin ] --END-- [ RunTime:0.000000s ]
INFO: [ view_parse ] --START--
NOTIC: [8] Undefined variable: onlymsg D:\WWW\v5.2\ThinkPHP\Common\common.php Á¨¨ 847 Ë°å.
NOTIC: [8] Undefined variable: onlymsg D:\WWW\v5.2\ThinkPHP\Common\common.php Á¨¨ 879 Ë°å.

[ 2017-06-20T09:35:01+08:00 ] 127.0.0.1 /v5.2/admin.php?m=login&a=index
INFO: [ app_begin ] --START--
INFO: ReadHtmlCache Behavior ::run [ RunTime:0.000000s ]
INFO: [ app_begin ] --END-- [ RunTime:0.000000s ]
INFO: [ view_parse ] --START--
INFO: ParseTemplate Behavior ::run [ RunTime:0.007000s ]
INFO: [ view_parse ] --END-- [ RunTime:0.009000s ]
INFO: [ view_filter ] --START--
INFO: ContentReplace Behavior ::run [ RunTime:0.000000s ]
INFO: TokenBuild Behavior ::run [ RunTime:0.000000s ]
INFO: WriteHtmlCache Behavior ::run [ RunTime:0.000000s ]
INFO: ShowRuntime Behavior ::run [ RunTime:0.001000s ]
INFO: [ view_filter ] --END-- [ RunTime:0.001000s ]
INFO: [ view_end ] --START--
INFO: ShowPageTrace Behavior ::run [ RunTime:0.000000s ]
INFO: [ view_end ] --END-- [ RunTime:0.000000s ]

[ 2017-06-20T09:35:07+08:00 ] 127.0.0.1 /v5.2/admin.php?m=login&a=login_save
INFO: [ app_begin ] --START--
INFO: ReadHtmlCache Behavior ::run [ RunTime:0.001000s ]
INFO: [ app_begin ] --END-- [ RunTime:0.001000s ]
SQL: SHOW COLUMNS FROM `index_user` [ RunTime:0.004000s ]
SQL: SELECT * FROM `index_user` WHERE ( `username` = 'bjj' ) AND ( `password` = 'ebbf368b0bcdb7e1feee880b95b8096f' ) LIMIT 1   [ RunTime:0.000000s ]
NOTIC: [2] setcookie() expects parameter 2 to be string, array given D:\WWW\v5.2\Admin\Lib\Action\loginAction.class.php Á¨¨ 19 Ë°å.
NOTIC: [8] Undefined variable: var D:\WWW\v5.2\ThinkPHP\Common\functions.php Á¨¨ 247 Ë°å.
NOTIC: [2] array_reverse() expects parameter 1 to be array, null given D:\WWW\v5.2\ThinkPHP\Common\functions.php Á¨¨ 247 Ë°å.
NOTIC: [2] http_build_query(): Parameter 1 expected to be Array or Object.  Incorrect value given D:\WWW\v5.2\ThinkPHP\Common\functions.php Á¨¨ 247 Ë°å.
INFO: [ view_parse ] --START--
INFO: ParseTemplate Behavior ::run [ RunTime:0.011001s ]
INFO: [ view_parse ] --END-- [ RunTime:0.011001s ]
INFO: [ view_filter ] --START--
INFO: ContentReplace Behavior ::run [ RunTime:0.001000s ]
INFO: TokenBuild Behavior ::run [ RunTime:0.000000s ]
INFO: WriteHtmlCache Behavior ::run [ RunTime:0.000000s ]
INFO: ShowRuntime Behavior ::run [ RunTime:0.000000s ]
INFO: [ view_filter ] --END-- [ RunTime:0.001000s ]
INFO: [ view_end ] --START--
INFO: ShowPageTrace Behavior ::run [ RunTime:0.001000s ]
INFO: [ view_end ] --END-- [ RunTime:0.001000s ]

[ 2017-06-20T09:35:08+08:00 ] 127.0.0.1 /v5.2/admin.php?
INFO: [ app_begin ] --START--
INFO: ReadHtmlCache Behavior ::run [ RunTime:0.001000s ]
INFO: [ app_begin ] --END-- [ RunTime:0.001000s ]
INFO: [ view_parse ] --START--
SQL: SHOW COLUMNS FROM `index_function_switch` [ RunTime:0.009001s ]
SQL: SELECT * FROM `index_function_switch` WHERE ( `function_switch_id` = 1 ) LIMIT 1   [ RunTime:0.000000s ]
SQL: SHOW COLUMNS FROM `index_user_page` [ RunTime:0.005000s ]
SQL: SELECT * FROM `index_user_page` WHERE ( `user_id` = 1 )  [ RunTime:0.001000s ]
NOTIC: [2] Invalid argument supplied for foreach() D:\WWW\v5.2\Admin\Tpl\public\head.php Á¨¨ 17 Ë°å.
SQL: SHOW COLUMNS FROM `index_site` [ RunTime:0.006001s ]
SQL: SELECT * FROM `index_site` LIMIT 1   [ RunTime:0.000000s ]
SQL: SELECT * FROM `index_site`  [ RunTime:0.001000s ]
SQL: SHOW COLUMNS FROM `index_admin_classify` [ RunTime:0.003000s ]
SQL: SELECT * FROM `index_admin_classify` WHERE ( `level_id` = 2 ) ORDER BY date asc  [ RunTime:0.001000s ]
SQL: SHOW COLUMNS FROM `index_user_classify` [ RunTime:0.004000s ]
SQL: SELECT * FROM `index_user_classify` WHERE ( `user_id` = 1 ) AND ( `classify_id` = 2 ) LIMIT 1   [ RunTime:0.000000s ]
SQL: SELECT * FROM `index_user_classify` WHERE ( `user_id` = 1 ) AND ( `classify_id` = 3 ) LIMIT 1   [ RunTime:0.000000s ]
SQL: SELECT * FROM `index_user_classify` WHERE ( `user_id` = 1 ) AND ( `classify_id` = 16 ) LIMIT 1   [ RunTime:0.000000s ]
SQL: SELECT * FROM `index_user_classify` WHERE ( `user_id` = 1 ) AND ( `classify_id` = 15 ) LIMIT 1   [ RunTime:0.000000s ]
SQL: SELECT * FROM `index_user_classify` WHERE ( `user_id` = 1 ) AND ( `classify_id` = 20 ) LIMIT 1   [ RunTime:0.000000s ]
SQL: SELECT * FROM `index_user_classify` WHERE ( `user_id` = 1 ) AND ( `classify_id` = 4 ) LIMIT 1   [ RunTime:0.000000s ]
SQL: SELECT * FROM `index_user_classify` WHERE ( `user_id` = 1 ) AND ( `classify_id` = 5 ) LIMIT 1   [ RunTime:0.000000s ]
SQL: SELECT * FROM `index_user_classify` WHERE ( `user_id` = 1 ) AND ( `classify_id` = 23 ) LIMIT 1   [ RunTime:0.000000s ]
SQL: SELECT * FROM `index_admin_classify` WHERE ( `classify_pid` = null ) ORDER BY date asc  [ RunTime:0.000000s ]
NOTIC: [2] Invalid argument supplied for foreach() D:\WWW\v5.2\Admin\Tpl\public\top.php Á¨¨ 36 Ë°å.
SQL: SELECT * FROM `index_site` LIMIT 1   [ RunTime:0.000000s ]
SQL: SHOW COLUMNS FROM `index_classify` [ RunTime:0.005001s ]
SQL: SELECT * FROM `index_classify` WHERE ( `level_id` = 2 ) ORDER BY date asc  [ RunTime:0.000000s ]
SQL: SELECT * FROM `index_classify` WHERE ( `classify_pid` = 2 )  [ RunTime:0.001000s ]
SQL: SELECT * FROM `index_classify` WHERE ( `classify_pid` = 4 )  [ RunTime:0.001000s ]
NOTIC: [2] Invalid argument supplied for foreach() D:\WWW\v5.2\Admin\Tpl\public\left.php Á¨¨ 17 Ë°å.
NOTIC: [8] Undefined index: order_site_id D:\WWW\v5.2\Admin\Runtime\Cache\d74b1b5354fc9f05c91cb0d6ad6a9473.php Á¨¨ 5 Ë°å.
INFO: ParseTemplate Behavior ::run [ RunTime:0.059004s ]
INFO: [ view_parse ] --END-- [ RunTime:0.059004s ]
INFO: [ view_filter ] --START--
INFO: ContentReplace Behavior ::run [ RunTime:0.001000s ]
INFO: TokenBuild Behavior ::run [ RunTime:0.000000s ]
INFO: WriteHtmlCache Behavior ::run [ RunTime:0.001000s ]
INFO: ShowRuntime Behavior ::run [ RunTime:0.000000s ]
INFO: [ view_filter ] --END-- [ RunTime:0.002000s ]
INFO: [ view_end ] --START--
INFO: ShowPageTrace Behavior ::run [ RunTime:0.001000s ]
INFO: [ view_end ] --END-- [ RunTime:0.001000s ]

[ 2017-06-20T09:35:10+08:00 ] 127.0.0.1 /v5.2/admin.php?m=site&a=index&admin_classify_id=2
INFO: [ app_begin ] --START--
INFO: ReadHtmlCache Behavior ::run [ RunTime:0.000000s ]
INFO: [ app_begin ] --END-- [ RunTime:0.000000s ]
INFO: [ view_parse ] --START--
SQL: SHOW COLUMNS FROM `index_function_switch` [ RunTime:0.003000s ]
SQL: SELECT * FROM `index_function_switch` WHERE ( `function_switch_id` = 1 ) LIMIT 1   [ RunTime:0.000000s ]
SQL: SHOW COLUMNS FROM `index_user_page` [ RunTime:0.002000s ]
SQL: SELECT * FROM `index_user_page` WHERE ( `user_id` = 1 )  [ RunTime:0.000000s ]
NOTIC: [2] Invalid argument supplied for foreach() D:\WWW\v5.2\Admin\Tpl\public\head.php Á¨¨ 17 Ë°å.
SQL: SHOW COLUMNS FROM `index_site` [ RunTime:0.003000s ]
SQL: SELECT * FROM `index_site` LIMIT 1   [ RunTime:0.000000s ]
SQL: SELECT * FROM `index_site`  [ RunTime:0.000000s ]
SQL: SHOW COLUMNS FROM `index_admin_classify` [ RunTime:0.003000s ]
SQL: SELECT * FROM `index_admin_classify` WHERE ( `level_id` = 2 ) ORDER BY date asc  [ RunTime:0.000000s ]
SQL: SHOW COLUMNS FROM `index_user_classify` [ RunTime:0.005000s ]
SQL: SELECT * FROM `index_user_classify` WHERE ( `user_id` = 1 ) AND ( `classify_id` = 2 ) LIMIT 1   [ RunTime:0.000000s ]
SQL: SELECT * FROM `index_user_classify` WHERE ( `user_id` = 1 ) AND ( `classify_id` = 3 ) LIMIT 1   [ RunTime:0.001000s ]
SQL: SELECT * FROM `index_user_classify` WHERE ( `user_id` = 1 ) AND ( `classify_id` = 16 ) LIMIT 1   [ RunTime:0.000000s ]
SQL: SELECT * FROM `index_user_classify` WHERE ( `user_id` = 1 ) AND ( `classify_id` = 15 ) LIMIT 1   [ RunTime:0.000000s ]
SQL: SELECT * FROM `index_user_classify` WHERE ( `user_id` = 1 ) AND ( `classify_id` = 20 ) LIMIT 1   [ RunTime:0.000000s ]
SQL: SELECT * FROM `index_user_classify` WHERE ( `user_id` = 1 ) AND ( `classify_id` = 4 ) LIMIT 1   [ RunTime:0.001000s ]
SQL: SELECT * FROM `index_user_classify` WHERE ( `user_id` = 1 ) AND ( `classify_id` = 5 ) LIMIT 1   [ RunTime:0.000000s ]
SQL: SELECT * FROM `index_user_classify` WHERE ( `user_id` = 1 ) AND ( `classify_id` = 23 ) LIMIT 1   [ RunTime:0.000000s ]
SQL: SELECT * FROM `index_admin_classify` WHERE ( `classify_pid` = 2 ) ORDER BY date asc  [ RunTime:0.000000s ]
SQL: SELECT * FROM `index_user_classify` WHERE ( `user_id` = 1 ) AND ( `classify_id` = 8 ) LIMIT 1   [ RunTime:0.000000s ]
SQL: SELECT * FROM `index_user_classify` WHERE ( `user_id` = 1 ) AND ( `classify_id` = 7 ) LIMIT 1   [ RunTime:0.000000s ]
SQL: SELECT * FROM `index_user_classify` WHERE ( `user_id` = 1 ) AND ( `classify_id` = 6 ) LIMIT 1   [ RunTime:0.000000s ]
SQL: SHOW COLUMNS FROM `index_classify` [ RunTime:0.003000s ]
SQL: SELECT * FROM `index_classify` WHERE ( `level_id` = 2 ) ORDER BY date asc  [ RunTime:0.000000s ]
SQL: SELECT * FROM `index_classify` WHERE ( `classify_pid` = 2 )  [ RunTime:0.000000s ]
SQL: SELECT * FROM `index_classify` WHERE ( `classify_pid` = 4 )  [ RunTime:0.000000s ]
NOTIC: [2] Invalid argument supplied for foreach() D:\WWW\v5.2\Admin\Tpl\public\left.php Á¨¨ 17 Ë°å.
SQL: SELECT * FROM `index_site` WHERE ( `version_id` = 1 ) LIMIT 1   [ RunTime:0.000000s ]
SQL: SHOW COLUMNS FROM `index_input` [ RunTime:0.005000s ]
SQL: SELECT * FROM `index_input` WHERE ( `type_id` = 1 ) AND ( `edit_switch` = 2 ) AND (  (`input_pid` is null)  ) ORDER BY date asc  [ RunTime:0.000000s ]
INFO: ParseTemplate Behavior ::run [ RunTime:0.058004s ]
INFO: [ view_parse ] --END-- [ RunTime:0.058004s ]
INFO: [ view_filter ] --START--
INFO: ContentReplace Behavior ::run [ RunTime:0.000000s ]
INFO: TokenBuild Behavior ::run [ RunTime:0.000000s ]
INFO: WriteHtmlCache Behavior ::run [ RunTime:0.001000s ]
INFO: ShowRuntime Behavior ::run [ RunTime:0.000000s ]
INFO: [ view_filter ] --END-- [ RunTime:0.001000s ]
INFO: [ view_end ] --START--
INFO: ShowPageTrace Behavior ::run [ RunTime:0.001000s ]
INFO: [ view_end ] --END-- [ RunTime:0.001000s ]

[ 2017-06-20T09:35:25+08:00 ] 127.0.0.1 /v5.2/admin.php?m=site&a=edit_save
INFO: [ app_begin ] --START--
INFO: ReadHtmlCache Behavior ::run [ RunTime:0.001000s ]
INFO: [ app_begin ] --END-- [ RunTime:0.001000s ]
SQL: SHOW COLUMNS FROM `index_input` [ RunTime:0.003001s ]
SQL: SELECT * FROM `index_input` WHERE ( `type_id` = 1 ) AND ( `edit_switch` = 2 ) AND ( `input_type_id` = 7 )  [ RunTime:0.001000s ]
SQL: SHOW COLUMNS FROM `index_site` [ RunTime:0.003000s ]
SQL: UPDATE `index_site` SET `title`='v5',`keywords`='v5',`description`='Ê∑±Âú≥Â∏ÇÁôæÂÆ∂È™èÁΩëÁªúÁßëÊäÄÊúâÈôêÂÖ¨Âè∏',`company_name`='Ê∑±Âú≥Â∏ÇÁôæÂÆ∂È™èÁΩëÁªúÁßëÊäÄÊúâÈôêÂÖ¨Âè∏',`url`='www.bjjun.com',`mobile`='',`tel`='',`qq`='',`inscribe`='<div style=\"text-align:center;\">\r\n	ÁâàÊùÉÊâÄÊú\â Copyright(C)2009-2010 Âåó‰∫¨Â¶ç‰∏ùËãëÁÆ°ÁêÜÈ°æÈóÆÊúâÈôêË¥£‰ªªÂÖ¨Âè\∏\r\n</div>' WHERE ( `version_id` = 1 ) [ RunTime:0.001000s ]

[ 2017-06-20T09:35:25+08:00 ] 127.0.0.1 /v5.2/admin.php?m=site&a=index&admin_classify_id=2
INFO: [ app_begin ] --START--
INFO: ReadHtmlCache Behavior ::run [ RunTime:0.000000s ]
INFO: [ app_begin ] --END-- [ RunTime:0.000000s ]
INFO: [ view_parse ] --START--
SQL: SHOW COLUMNS FROM `index_function_switch` [ RunTime:0.003000s ]
SQL: SELECT * FROM `index_function_switch` WHERE ( `function_switch_id` = 1 ) LIMIT 1   [ RunTime:0.000000s ]
SQL: SHOW COLUMNS FROM `index_user_page` [ RunTime:0.003001s ]
SQL: SELECT * FROM `index_user_page` WHERE ( `user_id` = 1 )  [ RunTime:0.000000s ]
NOTIC: [2] Invalid argument supplied for foreach() D:\WWW\v5.2\Admin\Tpl\public\head.php Á¨¨ 17 Ë°å.
SQL: SHOW COLUMNS FROM `index_site` [ RunTime:0.005000s ]
SQL: SELECT * FROM `index_site` LIMIT 1   [ RunTime:0.000000s ]
SQL: SELECT * FROM `index_site`  [ RunTime:0.000000s ]
SQL: SHOW COLUMNS FROM `index_admin_classify` [ RunTime:0.003000s ]
SQL: SELECT * FROM `index_admin_classify` WHERE ( `level_id` = 2 ) ORDER BY date asc  [ RunTime:0.000000s ]
SQL: SHOW COLUMNS FROM `index_user_classify` [ RunTime:0.003000s ]
SQL: SELECT * FROM `index_user_classify` WHERE ( `user_id` = 1 ) AND ( `classify_id` = 2 ) LIMIT 1   [ RunTime:0.000000s ]
SQL: SELECT * FROM `index_user_classify` WHERE ( `user_id` = 1 ) AND ( `classify_id` = 3 ) LIMIT 1   [ RunTime:0.000000s ]
SQL: SELECT * FROM `index_user_classify` WHERE ( `user_id` = 1 ) AND ( `classify_id` = 16 ) LIMIT 1   [ RunTime:0.000000s ]
SQL: SELECT * FROM `index_user_classify` WHERE ( `user_id` = 1 ) AND ( `classify_id` = 15 ) LIMIT 1   [ RunTime:0.000000s ]
SQL: SELECT * FROM `index_user_classify` WHERE ( `user_id` = 1 ) AND ( `classify_id` = 20 ) LIMIT 1   [ RunTime:0.000000s ]
SQL: SELECT * FROM `index_user_classify` WHERE ( `user_id` = 1 ) AND ( `classify_id` = 4 ) LIMIT 1   [ RunTime:0.001000s ]
SQL: SELECT * FROM `index_user_classify` WHERE ( `user_id` = 1 ) AND ( `classify_id` = 5 ) LIMIT 1   [ RunTime:0.000000s ]
SQL: SELECT * FROM `index_user_classify` WHERE ( `user_id` = 1 ) AND ( `classify_id` = 23 ) LIMIT 1   [ RunTime:0.000000s ]
SQL: SELECT * FROM `index_admin_classify` WHERE ( `classify_pid` = 2 ) ORDER BY date asc  [ RunTime:0.000000s ]
SQL: SELECT * FROM `index_user_classify` WHERE ( `user_id` = 1 ) AND ( `classify_id` = 8 ) LIMIT 1   [ RunTime:0.000000s ]
SQL: SELECT * FROM `index_user_classify` WHERE ( `user_id` = 1 ) AND ( `classify_id` = 7 ) LIMIT 1   [ RunTime:0.001000s ]
SQL: SELECT * FROM `index_user_classify` WHERE ( `user_id` = 1 ) AND ( `classify_id` = 6 ) LIMIT 1   [ RunTime:0.000000s ]
SQL: SHOW COLUMNS FROM `index_classify` [ RunTime:0.003001s ]
SQL: SELECT * FROM `index_classify` WHERE ( `level_id` = 2 ) ORDER BY date asc  [ RunTime:0.000000s ]
SQL: SELECT * FROM `index_classify` WHERE ( `classify_pid` = 2 )  [ RunTime:0.000000s ]
SQL: SELECT * FROM `index_classify` WHERE ( `classify_pid` = 4 )  [ RunTime:0.001000s ]
NOTIC: [2] Invalid argument supplied for foreach() D:\WWW\v5.2\Admin\Tpl\public\left.php Á¨¨ 17 Ë°å.
SQL: SELECT * FROM `index_site` WHERE ( `version_id` = 1 ) LIMIT 1   [ RunTime:0.000000s ]
SQL: SHOW COLUMNS FROM `index_input` [ RunTime:0.005000s ]
SQL: SELECT * FROM `index_input` WHERE ( `type_id` = 1 ) AND ( `edit_switch` = 2 ) AND (  (`input_pid` is null)  ) ORDER BY date asc  [ RunTime:0.000000s ]
INFO: ParseTemplate Behavior ::run [ RunTime:0.051003s ]
INFO: [ view_parse ] --END-- [ RunTime:0.051003s ]
INFO: [ view_filter ] --START--
INFO: ContentReplace Behavior ::run [ RunTime:0.001000s ]
INFO: TokenBuild Behavior ::run [ RunTime:0.000000s ]
INFO: WriteHtmlCache Behavior ::run [ RunTime:0.000000s ]
INFO: ShowRuntime Behavior ::run [ RunTime:0.000000s ]
INFO: [ view_filter ] --END-- [ RunTime:0.001000s ]
INFO: [ view_end ] --START--
INFO: ShowPageTrace Behavior ::run [ RunTime:0.001000s ]
INFO: [ view_end ] --END-- [ RunTime:0.001000s ]

[ 2017-06-20T09:35:27+08:00 ] 127.0.0.1 /v5.2/admin.php?m=classify&a=index&admin_classify_id=3
INFO: [ app_begin ] --START--
INFO: ReadHtmlCache Behavior ::run [ RunTime:0.001000s ]
INFO: [ app_begin ] --END-- [ RunTime:0.001000s ]
INFO: [ view_parse ] --START--
SQL: SHOW COLUMNS FROM `index_function_switch` [ RunTime:0.003000s ]
SQL: SELECT * FROM `index_function_switch` WHERE ( `function_switch_id` = 1 ) LIMIT 1   [ RunTime:0.000000s ]
SQL: SHOW COLUMNS FROM `index_user_page` [ RunTime:0.005000s ]
SQL: SELECT * FROM `index_user_page` WHERE ( `user_id` = 1 )  [ RunTime:0.000000s ]
NOTIC: [2] Invalid argument supplied for foreach() D:\WWW\v5.2\Admin\Tpl\public\head.php Á¨¨ 17 Ë°å.
SQL: SHOW COLUMNS FROM `index_site` [ RunTime:0.004001s ]
SQL: SELECT * FROM `index_site` LIMIT 1   [ RunTime:0.000000s ]
SQL: SELECT * FROM `index_site`  [ RunTime:0.001000s ]
SQL: SHOW COLUMNS FROM `index_admin_classify` [ RunTime:0.004000s ]
SQL: SELECT * FROM `index_admin_classify` WHERE ( `level_id` = 2 ) ORDER BY date asc  [ RunTime:0.001000s ]
SQL: SHOW COLUMNS FROM `index_user_classify` [ RunTime:0.002000s ]
SQL: SELECT * FROM `index_user_classify` WHERE ( `user_id` = 1 ) AND ( `classify_id` = 2 ) LIMIT 1   [ RunTime:0.001000s ]
SQL: SELECT * FROM `index_user_classify` WHERE ( `user_id` = 1 ) AND ( `classify_id` = 3 ) LIMIT 1   [ RunTime:0.000000s ]
SQL: SELECT * FROM `index_user_classify` WHERE ( `user_id` = 1 ) AND ( `classify_id` = 16 ) LIMIT 1   [ RunTime:0.002000s ]
SQL: SELECT * FROM `index_user_classify` WHERE ( `user_id` = 1 ) AND ( `classify_id` = 15 ) LIMIT 1   [ RunTime:0.001000s ]
SQL: SELECT * FROM `index_user_classify` WHERE ( `user_id` = 1 ) AND ( `classify_id` = 20 ) LIMIT 1   [ RunTime:0.001000s ]
SQL: SELECT * FROM `index_user_classify` WHERE ( `user_id` = 1 ) AND ( `classify_id` = 4 ) LIMIT 1   [ RunTime:0.000000s ]
SQL: SELECT * FROM `index_user_classify` WHERE ( `user_id` = 1 ) AND ( `classify_id` = 5 ) LIMIT 1   [ RunTime:0.000000s ]
SQL: SELECT * FROM `index_user_classify` WHERE ( `user_id` = 1 ) AND ( `classify_id` = 23 ) LIMIT 1   [ RunTime:0.000000s ]
SQL: SELECT * FROM `index_admin_classify` WHERE ( `classify_pid` = 3 ) ORDER BY date asc  [ RunTime:0.001000s ]
NOTIC: [2] Invalid argument supplied for foreach() D:\WWW\v5.2\Admin\Tpl\public\top.php Á¨¨ 36 Ë°å.
SQL: SHOW COLUMNS FROM `index_classify` [ RunTime:0.003000s ]
SQL: SELECT * FROM `index_classify` WHERE ( `classify_pid` = 1 )  [ RunTime:0.001001s ]
SQL: SELECT * FROM `index_classify` WHERE ( `level_id` = 2 ) ORDER BY date asc  [ RunTime:0.000000s ]
SQL: SELECT * FROM `index_classify` WHERE ( `classify_pid` = 2 )  [ RunTime:0.000000s ]
SQL: SELECT * FROM `index_classify` WHERE ( `classify_pid` = 4 )  [ RunTime:0.000000s ]
NOTIC: [2] Invalid argument supplied for foreach() D:\WWW\v5.2\Admin\Tpl\public\left.php Á¨¨ 17 Ë°å.
SQL: SELECT `classify_id`,`level_id`,`classify_pid`,`type_id`,`classify_name`,`date`,`is_delete`,`classify_img`,`note`,`page_img` FROM `index_classify` WHERE ( `classify_id` = 1 ) AND ( `level_id` > 1 ) ORDER BY date asc  [ RunTime:0.000000s ]
NOTIC: [2] Invalid argument supplied for foreach() D:\WWW\v5.2\Admin\Runtime\Cache\5564defe1e21527f222900f417fbd662.php Á¨¨ 28 Ë°å.
SQL: SELECT `classify_id`,`level_id`,`classify_pid`,`type_id`,`classify_name`,`date`,`is_delete`,`classify_img`,`note`,`page_img` FROM `index_classify` WHERE ( `version_id` = 1 ) ORDER BY date asc  [ RunTime:0.000000s ]
SQL: SHOW COLUMNS FROM `index_classify_type` [ RunTime:0.003000s ]
SQL: SELECT * FROM `index_classify_type` WHERE ( `type_id` = 13 ) LIMIT 1   [ RunTime:0.000000s ]
SQL: SHOW COLUMNS FROM `index_relevance` [ RunTime:0.003000s ]
SQL: SELECT COUNT(*) AS tp_count FROM `index_relevance` WHERE ( `classify_id` = 2 ) LIMIT 1   [ RunTime:0.000000s ]
SQL: SHOW COLUMNS FROM `index_input` [ RunTime:0.004000s ]
SQL: SELECT * FROM `index_input` WHERE ( `input_pid` = 351 )  [ RunTime:0.001000s ]
SQL: SELECT * FROM `index_classify` WHERE ( `classify_pid` = 2 ) LIMIT 1   [ RunTime:0.000000s ]
SQL: SELECT * FROM `index_classify_type` WHERE ( `type_id` = 60 ) LIMIT 1   [ RunTime:0.000000s ]
SQL: SELECT COUNT(*) AS tp_count FROM `index_relevance` WHERE ( `classify_id` = 3 ) LIMIT 1   [ RunTime:0.001000s ]
SQL: SELECT * FROM `index_input` WHERE ( `input_pid` = 351 )  [ RunTime:0.000000s ]
SQL: SELECT * FROM `index_classify` WHERE ( `classify_pid` = 3 ) LIMIT 1   [ RunTime:0.000000s ]
SQL: SELECT * FROM `index_classify_type` WHERE ( `type_id` = 13 ) LIMIT 1   [ RunTime:0.001000s ]
SQL: SELECT COUNT(*) AS tp_count FROM `index_relevance` WHERE ( `classify_id` = 4 ) LIMIT 1   [ RunTime:0.000000s ]
SQL: SELECT * FROM `index_input` WHERE ( `input_pid` = 351 )  [ RunTime:0.000000s ]
SQL: SELECT * FROM `index_classify` WHERE ( `classify_pid` = 4 ) LIMIT 1   [ RunTime:0.001000s ]
INFO: ParseTemplate Behavior ::run [ RunTime:0.066003s ]
INFO: [ view_parse ] --END-- [ RunTime:0.066003s ]
INFO: [ view_filter ] --START--
INFO: ContentReplace Behavior ::run [ RunTime:0.000000s ]
INFO: TokenBuild Behavior ::run [ RunTime:0.001001s ]
INFO: WriteHtmlCache Behavior ::run [ RunTime:0.000000s ]
INFO: ShowRuntime Behavior ::run [ RunTime:0.000000s ]
INFO: [ view_filter ] --END-- [ RunTime:0.001001s ]
INFO: [ view_end ] --START--
INFO: ShowPageTrace Behavior ::run [ RunTime:0.000000s ]
INFO: [ view_end ] --END-- [ RunTime:0.000000s ]

[ 2017-06-20T09:35:29+08:00 ] 127.0.0.1 /v5.2/admin.php?m=classify&a=edit&classify_id=3
INFO: [ app_begin ] --START--
INFO: ReadHtmlCache Behavior ::run [ RunTime:0.000000s ]
INFO: [ app_begin ] --END-- [ RunTime:0.001000s ]
NOTIC: [8] Constant THEME_NAME already defined D:\WWW\v5.2\ThinkPHP\Lib\Core\View.class.php Á¨¨ 223 Ë°å.
NOTIC: [8] Constant THEME_PATH already defined D:\WWW\v5.2\ThinkPHP\Lib\Core\View.class.php Á¨¨ 174 Ë°å.
NOTIC: [8] Constant APP_TMPL_PATH already defined D:\WWW\v5.2\ThinkPHP\Lib\Core\View.class.php Á¨¨ 175 Ë°å.
INFO: [ view_parse ] --START--
SQL: SHOW COLUMNS FROM `index_function_switch` [ RunTime:0.007000s ]
SQL: SELECT * FROM `index_function_switch` WHERE ( `function_switch_id` = 1 ) LIMIT 1   [ RunTime:0.008001s ]
SQL: SHOW COLUMNS FROM `index_user_page` [ RunTime:0.006000s ]
SQL: SELECT * FROM `index_user_page` WHERE ( `user_id` = 1 )  [ RunTime:0.000000s ]
NOTIC: [2] Invalid argument supplied for foreach() D:\WWW\v5.2\Admin\Tpl\public\head.php Á¨¨ 17 Ë°å.
SQL: SHOW COLUMNS FROM `index_site` [ RunTime:0.003000s ]
SQL: SELECT * FROM `index_site` LIMIT 1   [ RunTime:0.000000s ]
SQL: SHOW COLUMNS FROM `index_classify` [ RunTime:0.003001s ]
SQL: SELECT * FROM `index_classify` WHERE ( `classify_id` = 3 ) LIMIT 1   [ RunTime:0.000000s ]
SQL: SELECT `classify_id`,`level_id`,`classify_pid`,`type_id`,`classify_name` FROM `index_classify` WHERE ( `version_id` = 1 )  [ RunTime:0.000000s ]
SQL: SHOW COLUMNS FROM `index_relevance` [ RunTime:0.003000s ]
SQL: SELECT COUNT(*) AS tp_count FROM `index_relevance` WHERE ( `classify_id` = 3 ) LIMIT 1   [ RunTime:0.000000s ]
SQL: SHOW COLUMNS FROM `index_input` [ RunTime:0.003000s ]
SQL: SELECT * FROM `index_input` WHERE ( `type_id` = 4 ) AND ( `edit_switch` = 2 ) AND (  (`input_pid` is null)  ) ORDER BY date asc  [ RunTime:0.001000s ]
NOTIC: [8] Undefined variable: field_name D:\WWW\v5.2\Admin\Runtime\Cache\8e87b43eac54823303b8e5741296e940.php Á¨¨ 222 Ë°å.
INFO: ParseTemplate Behavior ::run [ RunTime:0.067004s ]
INFO: [ view_parse ] --END-- [ RunTime:0.067004s ]
INFO: [ view_filter ] --START--
INFO: ContentReplace Behavior ::run [ RunTime:0.001000s ]
INFO: TokenBuild Behavior ::run [ RunTime:0.000000s ]
INFO: WriteHtmlCache Behavior ::run [ RunTime:0.000000s ]
INFO: ShowRuntime Behavior ::run [ RunTime:0.001000s ]
INFO: [ view_filter ] --END-- [ RunTime:0.002000s ]
INFO: [ view_end ] --START--
INFO: ShowPageTrace Behavior ::run [ RunTime:0.000000s ]
INFO: [ view_end ] --END-- [ RunTime:0.000000s ]

[ 2017-06-20T09:35:36+08:00 ] 127.0.0.1 /v5.2/admin.php?m=classify&a=edit_save
INFO: [ app_begin ] --START--
INFO: ReadHtmlCache Behavior ::run [ RunTime:0.000000s ]
INFO: [ app_begin ] --END-- [ RunTime:0.000000s ]
SQL: SHOW COLUMNS FROM `index_classify` [ RunTime:0.007000s ]
SQL: SELECT `classify_id`,`level_id`,`classify_pid`,`classify_name` FROM `index_classify` WHERE ( `classify_id` = 2 )  [ RunTime:0.000000s ]
SQL: SHOW COLUMNS FROM `index_input` [ RunTime:0.003001s ]
SQL: SELECT * FROM `index_input` WHERE ( `type_id` = 4 ) AND ( `edit_switch` = 2 ) AND ( `input_type_id` = 7 )  [ RunTime:0.001000s ]
SQL: SELECT * FROM `index_input` WHERE ( `type_id` = 4 ) AND ( `edit_switch` = 2 ) AND ( `input_type_id` = 8 )  [ RunTime:0.001000s ]
NOTIC: [2] Invalid argument supplied for foreach() D:\WWW\v5.2\Admin\Lib\Action\classifyAction.class.php Á¨¨ 60 Ë°å.
SQL: UPDATE `index_classify` SET `classify_name`='È¶ñÈ°µ',`classify_pid`=2,`sub_name`='',`en_name`='Home',`classify_url`='',`classify_intro`='',`note`='',`title`='',`keywords`='',`description`='',`level_id`=3 WHERE ( `classify_id` = 3 ) [ RunTime:0.001000s ]

[ 2017-06-20T09:35:36+08:00 ] 127.0.0.1 /v5.2/admin.php?m=classify&a=index&admin_classify_id=3
INFO: [ app_begin ] --START--
INFO: ReadHtmlCache Behavior ::run [ RunTime:0.001000s ]
INFO: [ app_begin ] --END-- [ RunTime:0.001000s ]
INFO: [ view_parse ] --START--
SQL: SHOW COLUMNS FROM `index_function_switch` [ RunTime:0.003001s ]
SQL: SELECT * FROM `index_function_switch` WHERE ( `function_switch_id` = 1 ) LIMIT 1   [ RunTime:0.000000s ]
SQL: SHOW COLUMNS FROM `index_user_page` [ RunTime:0.003000s ]
SQL: SELECT * FROM `index_user_page` WHERE ( `user_id` = 1 )  [ RunTime:0.000000s ]
NOTIC: [2] Invalid argument supplied for foreach() D:\WWW\v5.2\Admin\Tpl\public\head.php Á¨¨ 17 Ë°å.
SQL: SHOW COLUMNS FROM `index_site` [ RunTime:0.008000s ]
SQL: SELECT * FROM `index_site` LIMIT 1   [ RunTime:0.000000s ]
SQL: SELECT * FROM `index_site`  [ RunTime:0.000000s ]
SQL: SHOW COLUMNS FROM `index_admin_classify` [ RunTime:0.004001s ]
SQL: SELECT * FROM `index_admin_classify` WHERE ( `level_id` = 2 ) ORDER BY date asc  [ RunTime:0.000000s ]
SQL: SHOW COLUMNS FROM `index_user_classify` [ RunTime:0.003000s ]
SQL: SELECT * FROM `index_user_classify` WHERE ( `user_id` = 1 ) AND ( `classify_id` = 2 ) LIMIT 1   [ RunTime:0.000000s ]
SQL: SELECT * FROM `index_user_classify` WHERE ( `user_id` = 1 ) AND ( `classify_id` = 3 ) LIMIT 1   [ RunTime:0.000000s ]
SQL: SELECT * FROM `index_user_classify` WHERE ( `user_id` = 1 ) AND ( `classify_id` = 16 ) LIMIT 1   [ RunTime:0.000000s ]
SQL: SELECT * FROM `index_user_classify` WHERE ( `user_id` = 1 ) AND ( `classify_id` = 15 ) LIMIT 1   [ RunTime:0.000000s ]
SQL: SELECT * FROM `index_user_classify` WHERE ( `user_id` = 1 ) AND ( `classify_id` = 20 ) LIMIT 1   [ RunTime:0.000000s ]
SQL: SELECT * FROM `index_user_classify` WHERE ( `user_id` = 1 ) AND ( `classify_id` = 4 ) LIMIT 1   [ RunTime:0.000000s ]
SQL: SELECT * FROM `index_user_classify` WHERE ( `user_id` = 1 ) AND ( `classify_id` = 5 ) LIMIT 1   [ RunTime:0.000000s ]
SQL: SELECT * FROM `index_user_classify` WHERE ( `user_id` = 1 ) AND ( `classify_id` = 23 ) LIMIT 1   [ RunTime:0.000000s ]
SQL: SELECT * FROM `index_admin_classify` WHERE ( `classify_pid` = 3 ) ORDER BY date asc  [ RunTime:0.000000s ]
NOTIC: [2] Invalid argument supplied for foreach() D:\WWW\v5.2\Admin\Tpl\public\top.php Á¨¨ 36 Ë°å.
SQL: SHOW COLUMNS FROM `index_classify` [ RunTime:0.007000s ]
SQL: SELECT * FROM `index_classify` WHERE ( `classify_pid` = 1 )  [ RunTime:0.001000s ]
SQL: SELECT * FROM `index_classify` WHERE ( `level_id` = 2 ) ORDER BY date asc  [ RunTime:0.001000s ]
SQL: SELECT * FROM `index_classify` WHERE ( `classify_pid` = 2 )  [ RunTime:0.000000s ]
SQL: SELECT * FROM `index_classify` WHERE ( `classify_pid` = 4 )  [ RunTime:0.001000s ]
NOTIC: [2] Invalid argument supplied for foreach() D:\WWW\v5.2\Admin\Tpl\public\left.php Á¨¨ 17 Ë°å.
SQL: SELECT `classify_id`,`level_id`,`classify_pid`,`type_id`,`classify_name`,`date`,`is_delete`,`classify_img`,`note`,`page_img` FROM `index_classify` WHERE ( `classify_id` = 1 ) AND ( `level_id` > 1 ) ORDER BY date asc  [ RunTime:0.000000s ]
NOTIC: [2] Invalid argument supplied for foreach() D:\WWW\v5.2\Admin\Runtime\Cache\5564defe1e21527f222900f417fbd662.php Á¨¨ 28 Ë°å.
SQL: SELECT `classify_id`,`level_id`,`classify_pid`,`type_id`,`classify_name`,`date`,`is_delete`,`classify_img`,`note`,`page_img` FROM `index_classify` WHERE ( `version_id` = 1 ) ORDER BY date asc  [ RunTime:0.000000s ]
SQL: SHOW COLUMNS FROM `index_classify_type` [ RunTime:0.004001s ]
SQL: SELECT * FROM `index_classify_type` WHERE ( `type_id` = 13 ) LIMIT 1   [ RunTime:0.000000s ]
SQL: SHOW COLUMNS FROM `index_relevance` [ RunTime:0.007000s ]
SQL: SELECT COUNT(*) AS tp_count FROM `index_relevance` WHERE ( `classify_id` = 2 ) LIMIT 1   [ RunTime:0.000000s ]
SQL: SHOW COLUMNS FROM `index_input` [ RunTime:0.006000s ]
SQL: SELECT * FROM `index_input` WHERE ( `input_pid` = 351 )  [ RunTime:0.000000s ]
SQL: SELECT * FROM `index_classify` WHERE ( `classify_pid` = 2 ) LIMIT 1   [ RunTime:0.000000s ]
SQL: SELECT * FROM `index_classify_type` WHERE ( `type_id` = 60 ) LIMIT 1   [ RunTime:0.000000s ]
SQL: SELECT COUNT(*) AS tp_count FROM `index_relevance` WHERE ( `classify_id` = 3 ) LIMIT 1   [ RunTime:0.000000s ]
SQL: SELECT * FROM `index_input` WHERE ( `input_pid` = 351 )  [ RunTime:0.001000s ]
SQL: SELECT * FROM `index_classify` WHERE ( `classify_pid` = 3 ) LIMIT 1   [ RunTime:0.000000s ]
SQL: SELECT * FROM `index_classify_type` WHERE ( `type_id` = 13 ) LIMIT 1   [ RunTime:0.001000s ]
SQL: SELECT COUNT(*) AS tp_count FROM `index_relevance` WHERE ( `classify_id` = 4 ) LIMIT 1   [ RunTime:0.000000s ]
SQL: SELECT * FROM `index_input` WHERE ( `input_pid` = 351 )  [ RunTime:0.000000s ]
SQL: SELECT * FROM `index_classify` WHERE ( `classify_pid` = 4 ) LIMIT 1   [ RunTime:0.001000s ]
INFO: ParseTemplate Behavior ::run [ RunTime:0.070004s ]
INFO: [ view_parse ] --END-- [ RunTime:0.070004s ]
INFO: [ view_filter ] --START--
INFO: ContentReplace Behavior ::run [ RunTime:0.000000s ]
INFO: TokenBuild Behavior ::run [ RunTime:0.001000s ]
INFO: WriteHtmlCache Behavior ::run [ RunTime:0.000000s ]
INFO: ShowRuntime Behavior ::run [ RunTime:0.002000s ]
INFO: [ view_filter ] --END-- [ RunTime:0.003000s ]
INFO: [ view_end ] --START--
INFO: ShowPageTrace Behavior ::run [ RunTime:0.001000s ]
INFO: [ view_end ] --END-- [ RunTime:0.001000s ]

[ 2017-06-20T09:35:37+08:00 ] 127.0.0.1 /v5.2/admin.php?m=content&a=index&type_id=60&classify_id=3
INFO: [ app_begin ] --START--
INFO: ReadHtmlCache Behavior ::run [ RunTime:0.001000s ]
INFO: [ app_begin ] --END-- [ RunTime:0.001000s ]
INFO: [ view_parse ] --START--
SQL: SHOW COLUMNS FROM `index_function_switch` [ RunTime:0.005001s ]
SQL: SELECT * FROM `index_function_switch` WHERE ( `function_switch_id` = 1 ) LIMIT 1   [ RunTime:0.000000s ]
SQL: SHOW COLUMNS FROM `index_user_page` [ RunTime:0.003000s ]
SQL: SELECT * FROM `index_user_page` WHERE ( `user_id` = 1 )  [ RunTime:0.000000s ]
NOTIC: [2] Invalid argument supplied for foreach() D:\WWW\v5.2\Admin\Tpl\public\head.php Á¨¨ 17 Ë°å.
SQL: SHOW COLUMNS FROM `index_site` [ RunTime:0.006000s ]
SQL: SELECT * FROM `index_site` LIMIT 1   [ RunTime:0.000000s ]
SQL: SELECT * FROM `index_site`  [ RunTime:0.000000s ]
SQL: SHOW COLUMNS FROM `index_admin_classify` [ RunTime:0.003000s ]
SQL: SELECT * FROM `index_admin_classify` WHERE ( `level_id` = 2 ) ORDER BY date asc  [ RunTime:0.000000s ]
SQL: SHOW COLUMNS FROM `index_user_classify` [ RunTime:0.003001s ]
SQL: SELECT * FROM `index_user_classify` WHERE ( `user_id` = 1 ) AND ( `classify_id` = 2 ) LIMIT 1   [ RunTime:0.000000s ]
SQL: SELECT * FROM `index_user_classify` WHERE ( `user_id` = 1 ) AND ( `classify_id` = 3 ) LIMIT 1   [ RunTime:0.000000s ]
SQL: SELECT * FROM `index_user_classify` WHERE ( `user_id` = 1 ) AND ( `classify_id` = 16 ) LIMIT 1   [ RunTime:0.001000s ]
SQL: SELECT * FROM `index_user_classify` WHERE ( `user_id` = 1 ) AND ( `classify_id` = 15 ) LIMIT 1   [ RunTime:0.000000s ]
SQL: SELECT * FROM `index_user_classify` WHERE ( `user_id` = 1 ) AND ( `classify_id` = 20 ) LIMIT 1   [ RunTime:0.000000s ]
SQL: SELECT * FROM `index_user_classify` WHERE ( `user_id` = 1 ) AND ( `classify_id` = 4 ) LIMIT 1   [ RunTime:0.000000s ]
SQL: SELECT * FROM `index_user_classify` WHERE ( `user_id` = 1 ) AND ( `classify_id` = 5 ) LIMIT 1   [ RunTime:0.000000s ]
SQL: SELECT * FROM `index_user_classify` WHERE ( `user_id` = 1 ) AND ( `classify_id` = 23 ) LIMIT 1   [ RunTime:0.001000s ]
SQL: SELECT * FROM `index_admin_classify` WHERE ( `classify_pid` = 3 ) ORDER BY date asc  [ RunTime:0.000000s ]
NOTIC: [2] Invalid argument supplied for foreach() D:\WWW\v5.2\Admin\Tpl\public\top.php Á¨¨ 36 Ë°å.
SQL: SHOW COLUMNS FROM `index_classify` [ RunTime:0.003000s ]
SQL: SELECT * FROM `index_classify` WHERE ( `classify_pid` = 1 )  [ RunTime:0.000000s ]
SQL: SELECT * FROM `index_classify` WHERE ( `level_id` = 2 ) ORDER BY date asc  [ RunTime:0.000000s ]
SQL: SELECT * FROM `index_classify` WHERE ( `classify_pid` = 2 )  [ RunTime:0.000000s ]
SQL: SELECT * FROM `index_classify` WHERE ( `classify_pid` = 4 )  [ RunTime:0.001000s ]
NOTIC: [2] Invalid argument supplied for foreach() D:\WWW\v5.2\Admin\Tpl\public\left.php Á¨¨ 17 Ë°å.
SQL: SHOW COLUMNS FROM `index_classify_type` [ RunTime:0.003000s ]
SQL: SELECT `table_name` FROM `index_classify_type` WHERE ( `type_id` = 60 ) LIMIT 1   [ RunTime:0.000000s ]
SQL: SELECT * FROM `index_classify` WHERE ( `classify_id` = 3 ) LIMIT 1   [ RunTime:0.000000s ]
SQL: SHOW COLUMNS FROM `index_input` [ RunTime:0.003000s ]
SQL: SELECT * FROM `index_input` WHERE ( `type_id` = 60 ) AND ( `list_switch` = 2 ) ORDER BY date asc  [ RunTime:0.000000s ]
SQL: SELECT * FROM index_qing c left join index_relevance r on r.content_id = c.qing_id WHERE ( r.classify_id = '3' ) AND ( r.type_id = '60' ) ORDER BY c.date desc LIMIT 0,20   [ RunTime:0.002000s ]
SQL: SELECT COUNT(*) AS tp_count FROM index_qing c left join index_relevance r on r.content_id = c.qing_id WHERE ( r.classify_id = '3' ) AND ( r.type_id = '60' ) LIMIT 1   [ RunTime:0.000000s ]
SQL: SELECT * FROM `index_input` WHERE ( `input_pid` = 530 ) ORDER BY date asc  [ RunTime:0.000000s ]
SQL: SHOW COLUMNS FROM `index_relevance` [ RunTime:0.003000s ]
SQL: SELECT * FROM `index_relevance` WHERE ( `content_id` = 2 ) AND ( `type_id` = 60 ) ORDER BY main_id desc  [ RunTime:0.000000s ]
SQL: SELECT * FROM `index_classify` WHERE ( `classify_id` = 3 ) LIMIT 1   [ RunTime:0.000000s ]
SQL: SELECT `classify_id`,`level_id`,`classify_pid`,`type_id`,`classify_name` FROM `index_classify` WHERE ( `version_id` = 1 ) ORDER BY date asc  [ RunTime:0.000000s ]
SQL: SELECT `classify_id`,`level_id`,`classify_pid`,`type_id`,`classify_name` FROM `index_classify` WHERE ( `version_id` = 1 ) ORDER BY date asc  [ RunTime:0.000000s ]
INFO: ParseTemplate Behavior ::run [ RunTime:0.061003s ]
INFO: [ view_parse ] --END-- [ RunTime:0.061003s ]
INFO: [ view_filter ] --START--
INFO: ContentReplace Behavior ::run [ RunTime:0.001000s ]
INFO: TokenBuild Behavior ::run [ RunTime:0.001000s ]
INFO: WriteHtmlCache Behavior ::run [ RunTime:0.000000s ]
INFO: ShowRuntime Behavior ::run [ RunTime:0.001000s ]
INFO: [ view_filter ] --END-- [ RunTime:0.003000s ]
INFO: [ view_end ] --START--
INFO: ShowPageTrace Behavior ::run [ RunTime:0.001000s ]
INFO: [ view_end ] --END-- [ RunTime:0.001000s ]

[ 2017-06-20T09:35:41+08:00 ] 127.0.0.1 /v5.2/admin.php?m=content&a=del_save&content_id=2&table_name=qing&type_id=60
INFO: [ app_begin ] --START--
INFO: ReadHtmlCache Behavior ::run [ RunTime:0.000000s ]
INFO: [ app_begin ] --END-- [ RunTime:0.000000s ]
SQL: SHOW COLUMNS FROM `index_qing` [ RunTime:0.004000s ]
SQL: SELECT * FROM `index_qing` WHERE ( `qing_id` = 2 ) LIMIT 1   [ RunTime:0.000000s ]
SQL: SHOW COLUMNS FROM `index_input` [ RunTime:0.003000s ]
SQL: SELECT * FROM `index_input` WHERE ( `type_id` = 60 ) AND ( `edit_switch` = 2 ) AND ( `input_type_id` = 7 )  [ RunTime:0.000000s ]
NOTIC: [2] Invalid argument supplied for foreach() D:\WWW\v5.2\Admin\Lib\Action\contentAction.class.php Á¨¨ 325 Ë°å.
SQL: DELETE FROM `index_qing` WHERE ( `qing_id` = 2 ) [ RunTime:0.002001s ]
SQL: SHOW COLUMNS FROM `index_relevance` [ RunTime:0.007000s ]
SQL: DELETE FROM `index_relevance` WHERE ( `content_id` = 2 ) AND ( `type_id` = 60 ) [ RunTime:0.002000s ]

[ 2017-06-20T09:35:41+08:00 ] 127.0.0.1 /v5.2/admin.php?m=content&a=index&type_id=60&classify_id=3
INFO: [ app_begin ] --START--
INFO: ReadHtmlCache Behavior ::run [ RunTime:0.001000s ]
INFO: [ app_begin ] --END-- [ RunTime:0.001000s ]
INFO: [ view_parse ] --START--
SQL: SHOW COLUMNS FROM `index_function_switch` [ RunTime:0.004000s ]
SQL: SELECT * FROM `index_function_switch` WHERE ( `function_switch_id` = 1 ) LIMIT 1   [ RunTime:0.000000s ]
SQL: SHOW COLUMNS FROM `index_user_page` [ RunTime:0.003000s ]
SQL: SELECT * FROM `index_user_page` WHERE ( `user_id` = 1 )  [ RunTime:0.000000s ]
NOTIC: [2] Invalid argument supplied for foreach() D:\WWW\v5.2\Admin\Tpl\public\head.php Á¨¨ 17 Ë°å.
SQL: SHOW COLUMNS FROM `index_site` [ RunTime:0.008001s ]
SQL: SELECT * FROM `index_site` LIMIT 1   [ RunTime:0.000000s ]
SQL: SELECT * FROM `index_site`  [ RunTime:0.000000s ]
SQL: SHOW COLUMNS FROM `index_admin_classify` [ RunTime:0.003000s ]
SQL: SELECT * FROM `index_admin_classify` WHERE ( `level_id` = 2 ) ORDER BY date asc  [ RunTime:0.000000s ]
SQL: SHOW COLUMNS FROM `index_user_classify` [ RunTime:0.004000s ]
SQL: SELECT * FROM `index_user_classify` WHERE ( `user_id` = 1 ) AND ( `classify_id` = 2 ) LIMIT 1   [ RunTime:0.000000s ]
SQL: SELECT * FROM `index_user_classify` WHERE ( `user_id` = 1 ) AND ( `classify_id` = 3 ) LIMIT 1   [ RunTime:0.000000s ]
SQL: SELECT * FROM `index_user_classify` WHERE ( `user_id` = 1 ) AND ( `classify_id` = 16 ) LIMIT 1   [ RunTime:0.000000s ]
SQL: SELECT * FROM `index_user_classify` WHERE ( `user_id` = 1 ) AND ( `classify_id` = 15 ) LIMIT 1   [ RunTime:0.001000s ]
SQL: SELECT * FROM `index_user_classify` WHERE ( `user_id` = 1 ) AND ( `classify_id` = 20 ) LIMIT 1   [ RunTime:0.000000s ]
SQL: SELECT * FROM `index_user_classify` WHERE ( `user_id` = 1 ) AND ( `classify_id` = 4 ) LIMIT 1   [ RunTime:0.001000s ]
SQL: SELECT * FROM `index_user_classify` WHERE ( `user_id` = 1 ) AND ( `classify_id` = 5 ) LIMIT 1   [ RunTime:0.000000s ]
SQL: SELECT * FROM `index_user_classify` WHERE ( `user_id` = 1 ) AND ( `classify_id` = 23 ) LIMIT 1   [ RunTime:0.000000s ]
SQL: SELECT * FROM `index_admin_classify` WHERE ( `classify_pid` = 3 ) ORDER BY date asc  [ RunTime:0.001000s ]
NOTIC: [2] Invalid argument supplied for foreach() D:\WWW\v5.2\Admin\Tpl\public\top.php Á¨¨ 36 Ë°å.
SQL: SHOW COLUMNS FROM `index_classify` [ RunTime:0.005001s ]
SQL: SELECT * FROM `index_classify` WHERE ( `classify_pid` = 1 )  [ RunTime:0.001000s ]
SQL: SELECT * FROM `index_classify` WHERE ( `level_id` = 2 ) ORDER BY date asc  [ RunTime:0.000000s ]
SQL: SELECT * FROM `index_classify` WHERE ( `classify_pid` = 2 )  [ RunTime:0.000000s ]
SQL: SELECT * FROM `index_classify` WHERE ( `classify_pid` = 4 )  [ RunTime:0.000000s ]
NOTIC: [2] Invalid argument supplied for foreach() D:\WWW\v5.2\Admin\Tpl\public\left.php Á¨¨ 17 Ë°å.
SQL: SHOW COLUMNS FROM `index_classify_type` [ RunTime:0.003000s ]
SQL: SELECT `table_name` FROM `index_classify_type` WHERE ( `type_id` = 60 ) LIMIT 1   [ RunTime:0.000000s ]
SQL: SELECT * FROM `index_classify` WHERE ( `classify_id` = 3 ) LIMIT 1   [ RunTime:0.000000s ]
SQL: SHOW COLUMNS FROM `index_input` [ RunTime:0.004000s ]
SQL: SELECT * FROM `index_input` WHERE ( `type_id` = 60 ) AND ( `list_switch` = 2 ) ORDER BY date asc  [ RunTime:0.002000s ]
SQL: SELECT * FROM index_qing c left join index_relevance r on r.content_id = c.qing_id WHERE ( r.classify_id = '3' ) AND ( r.type_id = '60' ) ORDER BY c.date desc LIMIT 0,20   [ RunTime:0.000000s ]
SQL: SELECT COUNT(*) AS tp_count FROM index_qing c left join index_relevance r on r.content_id = c.qing_id WHERE ( r.classify_id = '3' ) AND ( r.type_id = '60' ) LIMIT 1   [ RunTime:0.001001s ]
NOTIC: [2] Invalid argument supplied for foreach() D:\WWW\v5.2\Admin\Runtime\Cache\a621e41e0be12d223ab4dc3c031edd67.php Á¨¨ 31 Ë°å.
SQL: SELECT `classify_id`,`level_id`,`classify_pid`,`type_id`,`classify_name` FROM `index_classify` WHERE ( `version_id` = 1 ) ORDER BY date asc  [ RunTime:0.000000s ]
SQL: SELECT `classify_id`,`level_id`,`classify_pid`,`type_id`,`classify_name` FROM `index_classify` WHERE ( `version_id` = 1 ) ORDER BY date asc  [ RunTime:0.001000s ]
INFO: ParseTemplate Behavior ::run [ RunTime:0.063004s ]
INFO: [ view_parse ] --END-- [ RunTime:0.063004s ]
INFO: [ view_filter ] --START--
INFO: ContentReplace Behavior ::run [ RunTime:0.001000s ]
INFO: TokenBuild Behavior ::run [ RunTime:0.000000s ]
INFO: WriteHtmlCache Behavior ::run [ RunTime:0.000000s ]
INFO: ShowRuntime Behavior ::run [ RunTime:0.001000s ]
INFO: [ view_filter ] --END-- [ RunTime:0.002000s ]
INFO: [ view_end ] --START--
INFO: ShowPageTrace Behavior ::run [ RunTime:0.000000s ]
INFO: [ view_end ] --END-- [ RunTime:0.000000s ]

[ 2017-06-20T09:36:10+08:00 ] 127.0.0.1 /v5.2/admin.php?m=type&a=index&admin_classify_id=5
INFO: [ app_begin ] --START--
INFO: ReadHtmlCache Behavior ::run [ RunTime:0.000000s ]
INFO: [ app_begin ] --END-- [ RunTime:0.000000s ]
INFO: [ view_parse ] --START--
SQL: SHOW COLUMNS FROM `index_function_switch` [ RunTime:0.003000s ]
SQL: SELECT * FROM `index_function_switch` WHERE ( `function_switch_id` = 1 ) LIMIT 1   [ RunTime:0.000000s ]
SQL: SHOW COLUMNS FROM `index_user_page` [ RunTime:0.003000s ]
SQL: SELECT * FROM `index_user_page` WHERE ( `user_id` = 1 )  [ RunTime:0.000000s ]
NOTIC: [2] Invalid argument supplied for foreach() D:\WWW\v5.2\Admin\Tpl\public\head.php Á¨¨ 17 Ë°å.
SQL: SHOW COLUMNS FROM `index_site` [ RunTime:0.004000s ]
SQL: SELECT * FROM `index_site` LIMIT 1   [ RunTime:0.001000s ]
SQL: SELECT * FROM `index_site`  [ RunTime:0.000000s ]
SQL: SHOW COLUMNS FROM `index_admin_classify` [ RunTime:0.003000s ]
SQL: SELECT * FROM `index_admin_classify` WHERE ( `level_id` = 2 ) ORDER BY date asc  [ RunTime:0.001001s ]
SQL: SHOW COLUMNS FROM `index_user_classify` [ RunTime:0.003000s ]
SQL: SELECT * FROM `index_user_classify` WHERE ( `user_id` = 1 ) AND ( `classify_id` = 2 ) LIMIT 1   [ RunTime:0.000000s ]
SQL: SELECT * FROM `index_user_classify` WHERE ( `user_id` = 1 ) AND ( `classify_id` = 3 ) LIMIT 1   [ RunTime:0.000000s ]
SQL: SELECT * FROM `index_user_classify` WHERE ( `user_id` = 1 ) AND ( `classify_id` = 16 ) LIMIT 1   [ RunTime:0.000000s ]
SQL: SELECT * FROM `index_user_classify` WHERE ( `user_id` = 1 ) AND ( `classify_id` = 15 ) LIMIT 1   [ RunTime:0.000000s ]
SQL: SELECT * FROM `index_user_classify` WHERE ( `user_id` = 1 ) AND ( `classify_id` = 20 ) LIMIT 1   [ RunTime:0.000000s ]
SQL: SELECT * FROM `index_user_classify` WHERE ( `user_id` = 1 ) AND ( `classify_id` = 4 ) LIMIT 1   [ RunTime:0.000000s ]
SQL: SELECT * FROM `index_user_classify` WHERE ( `user_id` = 1 ) AND ( `classify_id` = 5 ) LIMIT 1   [ RunTime:0.000000s ]
SQL: SELECT * FROM `index_user_classify` WHERE ( `user_id` = 1 ) AND ( `classify_id` = 23 ) LIMIT 1   [ RunTime:0.000000s ]
SQL: SELECT * FROM `index_admin_classify` WHERE ( `classify_pid` = 5 ) ORDER BY date asc  [ RunTime:0.001000s ]
NOTIC: [2] Invalid argument supplied for foreach() D:\WWW\v5.2\Admin\Tpl\public\top.php Á¨¨ 36 Ë°å.
SQL: SHOW COLUMNS FROM `index_classify` [ RunTime:0.003000s ]
SQL: SELECT * FROM `index_classify` WHERE ( `level_id` = 2 ) ORDER BY date asc  [ RunTime:0.000000s ]
SQL: SELECT * FROM `index_classify` WHERE ( `classify_pid` = 2 )  [ RunTime:0.000000s ]
SQL: SELECT * FROM `index_classify` WHERE ( `classify_pid` = 4 )  [ RunTime:0.001000s ]
NOTIC: [2] Invalid argument supplied for foreach() D:\WWW\v5.2\Admin\Tpl\public\left.php Á¨¨ 17 Ë°å.
SQL: SHOW COLUMNS FROM `index_classify_type` [ RunTime:0.003000s ]
SQL: SELECT * FROM `index_classify_type`  [ RunTime:0.000000s ]
INFO: ParseTemplate Behavior ::run [ RunTime:0.046002s ]
INFO: [ view_parse ] --END-- [ RunTime:0.047002s ]
INFO: [ view_filter ] --START--
INFO: ContentReplace Behavior ::run [ RunTime:0.000000s ]
INFO: TokenBuild Behavior ::run [ RunTime:0.000000s ]
INFO: WriteHtmlCache Behavior ::run [ RunTime:0.001000s ]
INFO: ShowRuntime Behavior ::run [ RunTime:0.000000s ]
INFO: [ view_filter ] --END-- [ RunTime:0.001000s ]
INFO: [ view_end ] --START--
INFO: ShowPageTrace Behavior ::run [ RunTime:0.001000s ]
INFO: [ view_end ] --END-- [ RunTime:0.001000s ]

[ 2017-06-20T09:36:11+08:00 ] 127.0.0.1 /v5.2/admin.php?m=site&a=function_config&admin_classify_id=23
INFO: [ app_begin ] --START--
INFO: ReadHtmlCache Behavior ::run [ RunTime:0.000000s ]
INFO: [ app_begin ] --END-- [ RunTime:0.001000s ]
NOTIC: [8] Constant THEME_NAME already defined D:\WWW\v5.2\ThinkPHP\Lib\Core\View.class.php Á¨¨ 223 Ë°å.
NOTIC: [8] Constant THEME_PATH already defined D:\WWW\v5.2\ThinkPHP\Lib\Core\View.class.php Á¨¨ 174 Ë°å.
NOTIC: [8] Constant APP_TMPL_PATH already defined D:\WWW\v5.2\ThinkPHP\Lib\Core\View.class.php Á¨¨ 175 Ë°å.
INFO: [ view_parse ] --START--
SQL: SHOW COLUMNS FROM `index_function_switch` [ RunTime:0.003000s ]
SQL: SELECT * FROM `index_function_switch` WHERE ( `function_switch_id` = 1 ) LIMIT 1   [ RunTime:0.000000s ]
SQL: SHOW COLUMNS FROM `index_user_page` [ RunTime:0.003000s ]
SQL: SELECT * FROM `index_user_page` WHERE ( `user_id` = 1 )  [ RunTime:0.000000s ]
NOTIC: [2] Invalid argument supplied for foreach() D:\WWW\v5.2\Admin\Tpl\public\head.php Á¨¨ 17 Ë°å.
SQL: SHOW COLUMNS FROM `index_site` [ RunTime:0.003000s ]
SQL: SELECT * FROM `index_site` LIMIT 1   [ RunTime:0.000000s ]
SQL: SELECT * FROM `index_site`  [ RunTime:0.000000s ]
SQL: SHOW COLUMNS FROM `index_admin_classify` [ RunTime:0.004001s ]
SQL: SELECT * FROM `index_admin_classify` WHERE ( `level_id` = 2 ) ORDER BY date asc  [ RunTime:0.001000s ]
SQL: SHOW COLUMNS FROM `index_user_classify` [ RunTime:0.002000s ]
SQL: SELECT * FROM `index_user_classify` WHERE ( `user_id` = 1 ) AND ( `classify_id` = 2 ) LIMIT 1   [ RunTime:0.001000s ]
SQL: SELECT * FROM `index_user_classify` WHERE ( `user_id` = 1 ) AND ( `classify_id` = 3 ) LIMIT 1   [ RunTime:0.000000s ]
SQL: SELECT * FROM `index_user_classify` WHERE ( `user_id` = 1 ) AND ( `classify_id` = 16 ) LIMIT 1   [ RunTime:0.000000s ]
SQL: SELECT * FROM `index_user_classify` WHERE ( `user_id` = 1 ) AND ( `classify_id` = 15 ) LIMIT 1   [ RunTime:0.000000s ]
SQL: SELECT * FROM `index_user_classify` WHERE ( `user_id` = 1 ) AND ( `classify_id` = 20 ) LIMIT 1   [ RunTime:0.001000s ]
SQL: SELECT * FROM `index_user_classify` WHERE ( `user_id` = 1 ) AND ( `classify_id` = 4 ) LIMIT 1   [ RunTime:0.000000s ]
SQL: SELECT * FROM `index_user_classify` WHERE ( `user_id` = 1 ) AND ( `classify_id` = 5 ) LIMIT 1   [ RunTime:0.000000s ]
SQL: SELECT * FROM `index_user_classify` WHERE ( `user_id` = 1 ) AND ( `classify_id` = 23 ) LIMIT 1   [ RunTime:0.000000s ]
SQL: SELECT * FROM `index_admin_classify` WHERE ( `classify_pid` = 23 ) ORDER BY date asc  [ RunTime:0.000000s ]
NOTIC: [2] Invalid argument supplied for foreach() D:\WWW\v5.2\Admin\Tpl\public\top.php Á¨¨ 36 Ë°å.
SQL: SHOW COLUMNS FROM `index_classify` [ RunTime:0.002000s ]
SQL: SELECT * FROM `index_classify` WHERE ( `level_id` = 2 ) ORDER BY date asc  [ RunTime:0.001000s ]
SQL: SELECT * FROM `index_classify` WHERE ( `classify_pid` = 2 )  [ RunTime:0.001000s ]
SQL: SELECT * FROM `index_classify` WHERE ( `classify_pid` = 4 )  [ RunTime:0.000000s ]
NOTIC: [2] Invalid argument supplied for foreach() D:\WWW\v5.2\Admin\Tpl\public\left.php Á¨¨ 17 Ë°å.
SQL: SELECT * FROM `index_site` WHERE ( `version_id` = 1 ) LIMIT 1   [ RunTime:0.000000s ]
SQL: SHOW COLUMNS FROM `index_classify_type` [ RunTime:0.003000s ]
SQL: SELECT `table_name` FROM `index_classify_type` WHERE ( `type_id` = 57 ) LIMIT 1   [ RunTime:0.001000s ]
SQL: SELECT * FROM `index_function_switch` WHERE ( `function_switch_id` = 1 ) LIMIT 1   [ RunTime:0.000000s ]
SQL: SHOW COLUMNS FROM `index_input` [ RunTime:0.003001s ]
SQL: SELECT * FROM `index_input` WHERE ( `type_id` = 57 ) AND ( `edit_switch` = 2 ) AND (  (`input_pid` is null)  ) ORDER BY date asc  [ RunTime:0.000000s ]
SQL: SELECT * FROM `index_input` WHERE ( `input_pid` = 482 )  [ RunTime:0.000000s ]
SQL: SELECT * FROM `index_input` WHERE ( `input_pid` = 479 )  [ RunTime:0.001000s ]
SQL: SELECT * FROM `index_input` WHERE ( `input_pid` = 485 )  [ RunTime:0.000000s ]
SQL: SELECT * FROM `index_input` WHERE ( `input_pid` = 486 )  [ RunTime:0.001000s ]
SQL: SELECT * FROM `index_input` WHERE ( `input_pid` = 501 )  [ RunTime:0.000000s ]
SQL: SELECT * FROM `index_input` WHERE ( `input_pid` = 504 )  [ RunTime:0.001000s ]
SQL: SELECT * FROM `index_input` WHERE ( `input_pid` = 507 )  [ RunTime:0.000000s ]
SQL: SELECT * FROM `index_input` WHERE ( `input_pid` = 510 )  [ RunTime:0.001000s ]
SQL: SELECT * FROM `index_input` WHERE ( `input_pid` = 513 )  [ RunTime:0.000000s ]
SQL: SHOW COLUMNS FROM `index_wxpay` [ RunTime:0.005000s ]
SQL: SELECT * FROM `index_wxpay` WHERE ( `wxpay_id` = 1 ) LIMIT 1   [ RunTime:0.000000s ]
SQL: SELECT * FROM `index_input` WHERE ( `type_id` = 54 ) AND ( `edit_switch` = 2 ) AND (  (`input_pid` is null)  ) ORDER BY date asc  [ RunTime:0.001000s ]
SQL: SHOW COLUMNS FROM `index_alipay` [ RunTime:0.006001s ]
SQL: SELECT * FROM `index_alipay` WHERE ( `alipay_id` = 1 ) LIMIT 1   [ RunTime:0.000000s ]
SQL: SELECT * FROM `index_input` WHERE ( `type_id` = 56 ) AND ( `edit_switch` = 2 ) AND (  (`input_pid` is null)  ) ORDER BY date asc  [ RunTime:0.000000s ]
INFO: ParseTemplate Behavior ::run [ RunTime:0.073004s ]
INFO: [ view_parse ] --END-- [ RunTime:0.074005s ]
INFO: [ view_filter ] --START--
INFO: ContentReplace Behavior ::run [ RunTime:0.001000s ]
INFO: TokenBuild Behavior ::run [ RunTime:0.000000s ]
INFO: WriteHtmlCache Behavior ::run [ RunTime:0.000000s ]
INFO: ShowRuntime Behavior ::run [ RunTime:0.001000s ]
INFO: [ view_filter ] --END-- [ RunTime:0.002000s ]
INFO: [ view_end ] --START--
INFO: ShowPageTrace Behavior ::run [ RunTime:0.000000s ]
INFO: [ view_end ] --END-- [ RunTime:0.000000s ]

[ 2017-06-20T09:36:15+08:00 ] 127.0.0.1 /v5.2/admin.php?m=cms&a=edit_save
INFO: [ app_begin ] --START--
INFO: ReadHtmlCache Behavior ::run [ RunTime:0.000000s ]
INFO: [ app_begin ] --END-- [ RunTime:0.000000s ]
SQL: SHOW COLUMNS FROM `index_classify_type` [ RunTime:0.003000s ]
SQL: SELECT `table_name` FROM `index_classify_type` WHERE ( `type_id` = 57 ) LIMIT 1   [ RunTime:0.000000s ]
SQL: SHOW COLUMNS FROM `index_function_switch` [ RunTime:0.005000s ]
SQL: SELECT * FROM `index_function_switch` WHERE ( `function_switch_id` = 1 )  [ RunTime:0.000000s ]
SQL: SHOW COLUMNS FROM `index_input` [ RunTime:0.003001s ]
SQL: SELECT * FROM `index_input` WHERE ( `type_id` = 57 ) AND ( `edit_switch` = 2 ) AND ( `input_type_id` = 4 )  [ RunTime:0.001000s ]
NOTIC: [2] Invalid argument supplied for foreach() D:\WWW\v5.2\Admin\Lib\Action\cmsAction.class.php Á¨¨ 51 Ë°å.
SQL: SELECT * FROM `index_input` WHERE ( `type_id` = 57 ) AND ( `edit_switch` = 2 ) AND ( `input_type_id` = 7 )  [ RunTime:0.000000s ]
NOTIC: [2] Invalid argument supplied for foreach() D:\WWW\v5.2\Admin\Lib\Action\cmsAction.class.php Á¨¨ 56 Ë°å.
SQL: SELECT * FROM `index_input` WHERE ( `type_id` = 57 ) AND ( `edit_switch` = 2 ) AND ( `input_type_id` = 8 )  [ RunTime:0.000000s ]
NOTIC: [2] Invalid argument supplied for foreach() D:\WWW\v5.2\Admin\Lib\Action\cmsAction.class.php Á¨¨ 65 Ë°å.
SQL: UPDATE `index_function_switch` SET `sms_switch`='1',`xls_content`='1',`xls_member`='1',`xls_order`='1',`batch_shared`='1',`batch_move`='1',`batch_copy`='2',`batch_delete`='2',`left_navigation`='1' WHERE ( function_switch_id = 1 ) [ RunTime:0.001000s ]

[ 2017-06-20T09:36:15+08:00 ] 127.0.0.1 /v5.2/admin.php?m=site&a=function_config&admin_classify_id=23
INFO: [ app_begin ] --START--
INFO: ReadHtmlCache Behavior ::run [ RunTime:0.000000s ]
INFO: [ app_begin ] --END-- [ RunTime:0.000000s ]
NOTIC: [8] Constant THEME_NAME already defined D:\WWW\v5.2\ThinkPHP\Lib\Core\View.class.php Á¨¨ 223 Ë°å.
NOTIC: [8] Constant THEME_PATH already defined D:\WWW\v5.2\ThinkPHP\Lib\Core\View.class.php Á¨¨ 174 Ë°å.
NOTIC: [8] Constant APP_TMPL_PATH already defined D:\WWW\v5.2\ThinkPHP\Lib\Core\View.class.php Á¨¨ 175 Ë°å.
INFO: [ view_parse ] --START--
SQL: SHOW COLUMNS FROM `index_function_switch` [ RunTime:0.005000s ]
SQL: SELECT * FROM `index_function_switch` WHERE ( `function_switch_id` = 1 ) LIMIT 1   [ RunTime:0.000000s ]
SQL: SHOW COLUMNS FROM `index_user_page` [ RunTime:0.004000s ]
SQL: SELECT * FROM `index_user_page` WHERE ( `user_id` = 1 )  [ RunTime:0.001000s ]
NOTIC: [2] Invalid argument supplied for foreach() D:\WWW\v5.2\Admin\Tpl\public\head.php Á¨¨ 17 Ë°å.
SQL: SHOW COLUMNS FROM `index_site` [ RunTime:0.003001s ]
SQL: SELECT * FROM `index_site` LIMIT 1   [ RunTime:0.000000s ]
SQL: SELECT * FROM `index_site`  [ RunTime:0.001000s ]
SQL: SHOW COLUMNS FROM `index_admin_classify` [ RunTime:0.002000s ]
SQL: SELECT * FROM `index_admin_classify` WHERE ( `level_id` = 2 ) ORDER BY date asc  [ RunTime:0.001000s ]
SQL: SHOW COLUMNS FROM `index_user_classify` [ RunTime:0.003000s ]
SQL: SELECT * FROM `index_user_classify` WHERE ( `user_id` = 1 ) AND ( `classify_id` = 2 ) LIMIT 1   [ RunTime:0.000000s ]
SQL: SELECT * FROM `index_user_classify` WHERE ( `user_id` = 1 ) AND ( `classify_id` = 3 ) LIMIT 1   [ RunTime:0.000000s ]
SQL: SELECT * FROM `index_user_classify` WHERE ( `user_id` = 1 ) AND ( `classify_id` = 16 ) LIMIT 1   [ RunTime:0.000000s ]
SQL: SELECT * FROM `index_user_classify` WHERE ( `user_id` = 1 ) AND ( `classify_id` = 15 ) LIMIT 1   [ RunTime:0.000000s ]
SQL: SELECT * FROM `index_user_classify` WHERE ( `user_id` = 1 ) AND ( `classify_id` = 20 ) LIMIT 1   [ RunTime:0.000000s ]
SQL: SELECT * FROM `index_user_classify` WHERE ( `user_id` = 1 ) AND ( `classify_id` = 4 ) LIMIT 1   [ RunTime:0.000000s ]
SQL: SELECT * FROM `index_user_classify` WHERE ( `user_id` = 1 ) AND ( `classify_id` = 5 ) LIMIT 1   [ RunTime:0.000000s ]
SQL: SELECT * FROM `index_user_classify` WHERE ( `user_id` = 1 ) AND ( `classify_id` = 23 ) LIMIT 1   [ RunTime:0.000000s ]
SQL: SELECT * FROM `index_admin_classify` WHERE ( `classify_pid` = 23 ) ORDER BY date asc  [ RunTime:0.000000s ]
NOTIC: [2] Invalid argument supplied for foreach() D:\WWW\v5.2\Admin\Tpl\public\top.php Á¨¨ 36 Ë°å.
SQL: SELECT * FROM `index_site` WHERE ( `version_id` = 1 ) LIMIT 1   [ RunTime:0.000000s ]
SQL: SHOW COLUMNS FROM `index_classify_type` [ RunTime:0.002000s ]
SQL: SELECT `table_name` FROM `index_classify_type` WHERE ( `type_id` = 57 ) LIMIT 1   [ RunTime:0.000000s ]
SQL: SELECT * FROM `index_function_switch` WHERE ( `function_switch_id` = 1 ) LIMIT 1   [ RunTime:0.000000s ]
SQL: SHOW COLUMNS FROM `index_input` [ RunTime:0.003000s ]
SQL: SELECT * FROM `index_input` WHERE ( `type_id` = 57 ) AND ( `edit_switch` = 2 ) AND (  (`input_pid` is null)  ) ORDER BY date asc  [ RunTime:0.000000s ]
SQL: SELECT * FROM `index_input` WHERE ( `input_pid` = 482 )  [ RunTime:0.001001s ]
SQL: SELECT * FROM `index_input` WHERE ( `input_pid` = 479 )  [ RunTime:0.000000s ]
SQL: SELECT * FROM `index_input` WHERE ( `input_pid` = 485 )  [ RunTime:0.001000s ]
SQL: SELECT * FROM `index_input` WHERE ( `input_pid` = 486 )  [ RunTime:0.000000s ]
SQL: SELECT * FROM `index_input` WHERE ( `input_pid` = 501 )  [ RunTime:0.001000s ]
SQL: SELECT * FROM `index_input` WHERE ( `input_pid` = 504 )  [ RunTime:0.000000s ]
SQL: SELECT * FROM `index_input` WHERE ( `input_pid` = 507 )  [ RunTime:0.001000s ]
SQL: SELECT * FROM `index_input` WHERE ( `input_pid` = 510 )  [ RunTime:0.000000s ]
SQL: SELECT * FROM `index_input` WHERE ( `input_pid` = 513 )  [ RunTime:0.001000s ]
SQL: SHOW COLUMNS FROM `index_wxpay` [ RunTime:0.003000s ]
SQL: SELECT * FROM `index_wxpay` WHERE ( `wxpay_id` = 1 ) LIMIT 1   [ RunTime:0.000000s ]
SQL: SELECT * FROM `index_input` WHERE ( `type_id` = 54 ) AND ( `edit_switch` = 2 ) AND (  (`input_pid` is null)  ) ORDER BY date asc  [ RunTime:0.001000s ]
SQL: SHOW COLUMNS FROM `index_alipay` [ RunTime:0.002000s ]
SQL: SELECT * FROM `index_alipay` WHERE ( `alipay_id` = 1 ) LIMIT 1   [ RunTime:0.000000s ]
SQL: SELECT * FROM `index_input` WHERE ( `type_id` = 56 ) AND ( `edit_switch` = 2 ) AND (  (`input_pid` is null)  ) ORDER BY date asc  [ RunTime:0.000000s ]
INFO: ParseTemplate Behavior ::run [ RunTime:0.056003s ]
INFO: [ view_parse ] --END-- [ RunTime:0.056003s ]
INFO: [ view_filter ] --START--
INFO: ContentReplace Behavior ::run [ RunTime:0.000000s ]
INFO: TokenBuild Behavior ::run [ RunTime:0.000000s ]
INFO: WriteHtmlCache Behavior ::run [ RunTime:0.001000s ]
INFO: ShowRuntime Behavior ::run [ RunTime:0.000000s ]
INFO: [ view_filter ] --END-- [ RunTime:0.001000s ]
INFO: [ view_end ] --START--
INFO: ShowPageTrace Behavior ::run [ RunTime:0.002000s ]
INFO: [ view_end ] --END-- [ RunTime:0.002000s ]

[ 2017-06-20T09:36:20+08:00 ] 127.0.0.1 /v5.2/admin.php?m=classify&a=index&admin_classify_id=3
INFO: [ app_begin ] --START--
INFO: ReadHtmlCache Behavior ::run [ RunTime:0.000000s ]
INFO: [ app_begin ] --END-- [ RunTime:0.000000s ]
INFO: [ view_parse ] --START--
SQL: SHOW COLUMNS FROM `index_function_switch` [ RunTime:0.003000s ]
SQL: SELECT * FROM `index_function_switch` WHERE ( `function_switch_id` = 1 ) LIMIT 1   [ RunTime:0.000000s ]
SQL: SHOW COLUMNS FROM `index_user_page` [ RunTime:0.003000s ]
SQL: SELECT * FROM `index_user_page` WHERE ( `user_id` = 1 )  [ RunTime:0.000000s ]
NOTIC: [2] Invalid argument supplied for foreach() D:\WWW\v5.2\Admin\Tpl\public\head.php Á¨¨ 17 Ë°å.
SQL: SHOW COLUMNS FROM `index_site` [ RunTime:0.003000s ]
SQL: SELECT * FROM `index_site` LIMIT 1   [ RunTime:0.000000s ]
SQL: SELECT * FROM `index_site`  [ RunTime:0.000000s ]
SQL: SHOW COLUMNS FROM `index_admin_classify` [ RunTime:0.003001s ]
SQL: SELECT * FROM `index_admin_classify` WHERE ( `level_id` = 2 ) ORDER BY date asc  [ RunTime:0.000000s ]
SQL: SHOW COLUMNS FROM `index_user_classify` [ RunTime:0.003000s ]
SQL: SELECT * FROM `index_user_classify` WHERE ( `user_id` = 1 ) AND ( `classify_id` = 2 ) LIMIT 1   [ RunTime:0.000000s ]
SQL: SELECT * FROM `index_user_classify` WHERE ( `user_id` = 1 ) AND ( `classify_id` = 3 ) LIMIT 1   [ RunTime:0.001000s ]
SQL: SELECT * FROM `index_user_classify` WHERE ( `user_id` = 1 ) AND ( `classify_id` = 16 ) LIMIT 1   [ RunTime:0.000000s ]
SQL: SELECT * FROM `index_user_classify` WHERE ( `user_id` = 1 ) AND ( `classify_id` = 15 ) LIMIT 1   [ RunTime:0.000000s ]
SQL: SELECT * FROM `index_user_classify` WHERE ( `user_id` = 1 ) AND ( `classify_id` = 20 ) LIMIT 1   [ RunTime:0.000000s ]
SQL: SELECT * FROM `index_user_classify` WHERE ( `user_id` = 1 ) AND ( `classify_id` = 4 ) LIMIT 1   [ RunTime:0.000000s ]
SQL: SELECT * FROM `index_user_classify` WHERE ( `user_id` = 1 ) AND ( `classify_id` = 5 ) LIMIT 1   [ RunTime:0.000000s ]
SQL: SELECT * FROM `index_user_classify` WHERE ( `user_id` = 1 ) AND ( `classify_id` = 23 ) LIMIT 1   [ RunTime:0.000000s ]
SQL: SELECT * FROM `index_admin_classify` WHERE ( `classify_pid` = 3 ) ORDER BY date asc  [ RunTime:0.000000s ]
NOTIC: [2] Invalid argument supplied for foreach() D:\WWW\v5.2\Admin\Tpl\public\top.php Á¨¨ 36 Ë°å.
SQL: SHOW COLUMNS FROM `index_classify` [ RunTime:0.003000s ]
SQL: SELECT * FROM `index_classify` WHERE ( `classify_pid` = 1 )  [ RunTime:0.000000s ]
SQL: SELECT `classify_id`,`level_id`,`classify_pid`,`type_id`,`classify_name`,`date`,`is_delete`,`classify_img`,`note`,`page_img` FROM `index_classify` WHERE ( `classify_id` = 1 ) AND ( `level_id` > 1 ) ORDER BY date asc  [ RunTime:0.000000s ]
NOTIC: [2] Invalid argument supplied for foreach() D:\WWW\v5.2\Admin\Runtime\Cache\5564defe1e21527f222900f417fbd662.php Á¨¨ 28 Ë°å.
SQL: SELECT `classify_id`,`level_id`,`classify_pid`,`type_id`,`classify_name`,`date`,`is_delete`,`classify_img`,`note`,`page_img` FROM `index_classify` WHERE ( `version_id` = 1 ) ORDER BY date asc  [ RunTime:0.000000s ]
SQL: SHOW COLUMNS FROM `index_classify_type` [ RunTime:0.003000s ]
SQL: SELECT * FROM `index_classify_type` WHERE ( `type_id` = 13 ) LIMIT 1   [ RunTime:0.000000s ]
SQL: SHOW COLUMNS FROM `index_relevance` [ RunTime:0.003000s ]
SQL: SELECT COUNT(*) AS tp_count FROM `index_relevance` WHERE ( `classify_id` = 2 ) LIMIT 1   [ RunTime:0.000000s ]
SQL: SHOW COLUMNS FROM `index_input` [ RunTime:0.003001s ]
SQL: SELECT * FROM `index_input` WHERE ( `input_pid` = 351 )  [ RunTime:0.000000s ]
SQL: SELECT * FROM `index_classify` WHERE ( `classify_pid` = 2 ) LIMIT 1   [ RunTime:0.000000s ]
SQL: SELECT * FROM `index_classify_type` WHERE ( `type_id` = 60 ) LIMIT 1   [ RunTime:0.000000s ]
SQL: SELECT COUNT(*) AS tp_count FROM `index_relevance` WHERE ( `classify_id` = 3 ) LIMIT 1   [ RunTime:0.000000s ]
SQL: SELECT * FROM `index_input` WHERE ( `input_pid` = 351 )  [ RunTime:0.001000s ]
SQL: SELECT * FROM `index_classify` WHERE ( `classify_pid` = 3 ) LIMIT 1   [ RunTime:0.000000s ]
SQL: SELECT * FROM `index_classify_type` WHERE ( `type_id` = 13 ) LIMIT 1   [ RunTime:0.000000s ]
SQL: SELECT COUNT(*) AS tp_count FROM `index_relevance` WHERE ( `classify_id` = 4 ) LIMIT 1   [ RunTime:0.001000s ]
SQL: SELECT * FROM `index_input` WHERE ( `input_pid` = 351 )  [ RunTime:0.000000s ]
SQL: SELECT * FROM `index_classify` WHERE ( `classify_pid` = 4 ) LIMIT 1   [ RunTime:0.000000s ]
INFO: ParseTemplate Behavior ::run [ RunTime:0.056003s ]
INFO: [ view_parse ] --END-- [ RunTime:0.056003s ]
INFO: [ view_filter ] --START--
INFO: ContentReplace Behavior ::run [ RunTime:0.000000s ]
INFO: TokenBuild Behavior ::run [ RunTime:0.000000s ]
INFO: WriteHtmlCache Behavior ::run [ RunTime:0.001000s ]
INFO: ShowRuntime Behavior ::run [ RunTime:0.000000s ]
INFO: [ view_filter ] --END-- [ RunTime:0.001000s ]
INFO: [ view_end ] --START--
INFO: ShowPageTrace Behavior ::run [ RunTime:0.000000s ]
INFO: [ view_end ] --END-- [ RunTime:0.000000s ]

[ 2017-06-20T09:36:25+08:00 ] 127.0.0.1 /v5.2/admin.php?m=classify&a=edit&classify_id=3
INFO: [ app_begin ] --START--
INFO: ReadHtmlCache Behavior ::run [ RunTime:0.002000s ]
INFO: [ app_begin ] --END-- [ RunTime:0.003000s ]
NOTIC: [8] Constant THEME_NAME already defined D:\WWW\v5.2\ThinkPHP\Lib\Core\View.class.php Á¨¨ 223 Ë°å.
NOTIC: [8] Constant THEME_PATH already defined D:\WWW\v5.2\ThinkPHP\Lib\Core\View.class.php Á¨¨ 174 Ë°å.
NOTIC: [8] Constant APP_TMPL_PATH already defined D:\WWW\v5.2\ThinkPHP\Lib\Core\View.class.php Á¨¨ 175 Ë°å.
INFO: [ view_parse ] --START--
SQL: SHOW COLUMNS FROM `index_function_switch` [ RunTime:0.015001s ]
SQL: SELECT * FROM `index_function_switch` WHERE ( `function_switch_id` = 1 ) LIMIT 1   [ RunTime:0.002000s ]
SQL: SHOW COLUMNS FROM `index_user_page` [ RunTime:0.008001s ]
SQL: SELECT * FROM `index_user_page` WHERE ( `user_id` = 1 )  [ RunTime:0.000000s ]
NOTIC: [2] Invalid argument supplied for foreach() D:\WWW\v5.2\Admin\Tpl\public\head.php Á¨¨ 17 Ë°å.
SQL: SHOW COLUMNS FROM `index_site` [ RunTime:0.003000s ]
SQL: SELECT * FROM `index_site` LIMIT 1   [ RunTime:0.001000s ]
SQL: SHOW COLUMNS FROM `index_classify` [ RunTime:0.014001s ]
SQL: SELECT * FROM `index_classify` WHERE ( `classify_id` = 3 ) LIMIT 1   [ RunTime:0.001000s ]
SQL: SELECT `classify_id`,`level_id`,`classify_pid`,`type_id`,`classify_name` FROM `index_classify` WHERE ( `version_id` = 1 )  [ RunTime:0.000000s ]
SQL: SHOW COLUMNS FROM `index_relevance` [ RunTime:0.017001s ]
SQL: SELECT COUNT(*) AS tp_count FROM `index_relevance` WHERE ( `classify_id` = 3 ) LIMIT 1   [ RunTime:0.002000s ]
SQL: SHOW COLUMNS FROM `index_classify_type` [ RunTime:0.013001s ]
SQL: SELECT * FROM `index_classify_type` WHERE ( `show_id` = 2 ) ORDER BY date asc  [ RunTime:0.001000s ]
SQL: SHOW COLUMNS FROM `index_input` [ RunTime:0.015001s ]
SQL: SELECT * FROM `index_input` WHERE ( `type_id` = 4 ) AND ( `edit_switch` = 2 ) AND (  (`input_pid` is null)  ) ORDER BY date asc  [ RunTime:0.000000s ]
NOTIC: [8] Undefined variable: field_name D:\WWW\v5.2\Admin\Runtime\Cache\8e87b43eac54823303b8e5741296e940.php Á¨¨ 222 Ë°å.
INFO: ParseTemplate Behavior ::run [ RunTime:0.115007s ]
INFO: [ view_parse ] --END-- [ RunTime:0.115007s ]
INFO: [ view_filter ] --START--
INFO: ContentReplace Behavior ::run [ RunTime:0.003000s ]
INFO: TokenBuild Behavior ::run [ RunTime:0.002000s ]
INFO: WriteHtmlCache Behavior ::run [ RunTime:0.001000s ]
INFO: ShowRuntime Behavior ::run [ RunTime:0.002000s ]
INFO: [ view_filter ] --END-- [ RunTime:0.008000s ]
INFO: [ view_end ] --START--
INFO: ShowPageTrace Behavior ::run [ RunTime:0.003000s ]
INFO: [ view_end ] --END-- [ RunTime:0.005001s ]

[ 2017-06-20T09:36:31+08:00 ] 127.0.0.1 /v5.2/admin.php?m=classify&a=edit_save
INFO: [ app_begin ] --START--
INFO: ReadHtmlCache Behavior ::run [ RunTime:0.000000s ]
INFO: [ app_begin ] --END-- [ RunTime:0.000000s ]
SQL: SHOW COLUMNS FROM `index_classify` [ RunTime:0.006000s ]
SQL: SELECT `classify_id`,`level_id`,`classify_pid`,`classify_name` FROM `index_classify` WHERE ( `classify_id` = 2 )  [ RunTime:0.000000s ]
SQL: SHOW COLUMNS FROM `index_input` [ RunTime:0.003000s ]
SQL: SELECT * FROM `index_input` WHERE ( `type_id` = 4 ) AND ( `edit_switch` = 2 ) AND ( `input_type_id` = 7 )  [ RunTime:0.001000s ]
SQL: SELECT * FROM `index_input` WHERE ( `type_id` = 4 ) AND ( `edit_switch` = 2 ) AND ( `input_type_id` = 8 )  [ RunTime:0.001000s ]
NOTIC: [2] Invalid argument supplied for foreach() D:\WWW\v5.2\Admin\Lib\Action\classifyAction.class.php Á¨¨ 60 Ë°å.
SQL: UPDATE `index_classify` SET `classify_name`='È¶ñÈ°µ',`classify_pid`=2,`type_id`=13,`sub_name`='',`en_name`='Home',`classify_url`='',`classify_intro`='',`note`='',`title`='',`keywords`='',`description`='',`level_id`=3 WHERE ( `classify_id` = 3 ) [ RunTime:0.001000s ]

[ 2017-06-20T09:36:31+08:00 ] 127.0.0.1 /v5.2/admin.php?m=classify&a=index&admin_classify_id=3
INFO: [ app_begin ] --START--
INFO: ReadHtmlCache Behavior ::run [ RunTime:0.000000s ]
INFO: [ app_begin ] --END-- [ RunTime:0.000000s ]
INFO: [ view_parse ] --START--
SQL: SHOW COLUMNS FROM `index_function_switch` [ RunTime:0.004000s ]
SQL: SELECT * FROM `index_function_switch` WHERE ( `function_switch_id` = 1 ) LIMIT 1   [ RunTime:0.000000s ]
SQL: SHOW COLUMNS FROM `index_user_page` [ RunTime:0.003001s ]
SQL: SELECT * FROM `index_user_page` WHERE ( `user_id` = 1 )  [ RunTime:0.000000s ]
NOTIC: [2] Invalid argument supplied for foreach() D:\WWW\v5.2\Admin\Tpl\public\head.php Á¨¨ 17 Ë°å.
SQL: SHOW COLUMNS FROM `index_site` [ RunTime:0.003000s ]
SQL: SELECT * FROM `index_site` LIMIT 1   [ RunTime:0.001000s ]
SQL: SELECT * FROM `index_site`  [ RunTime:0.000000s ]
SQL: SHOW COLUMNS FROM `index_admin_classify` [ RunTime:0.003000s ]
SQL: SELECT * FROM `index_admin_classify` WHERE ( `level_id` = 2 ) ORDER BY date asc  [ RunTime:0.000000s ]
SQL: SHOW COLUMNS FROM `index_user_classify` [ RunTime:0.003000s ]
SQL: SELECT * FROM `index_user_classify` WHERE ( `user_id` = 1 ) AND ( `classify_id` = 2 ) LIMIT 1   [ RunTime:0.000000s ]
SQL: SELECT * FROM `index_user_classify` WHERE ( `user_id` = 1 ) AND ( `classify_id` = 3 ) LIMIT 1   [ RunTime:0.000000s ]
SQL: SELECT * FROM `index_user_classify` WHERE ( `user_id` = 1 ) AND ( `classify_id` = 16 ) LIMIT 1   [ RunTime:0.001000s ]
SQL: SELECT * FROM `index_user_classify` WHERE ( `user_id` = 1 ) AND ( `classify_id` = 15 ) LIMIT 1   [ RunTime:0.000000s ]
SQL: SELECT * FROM `index_user_classify` WHERE ( `user_id` = 1 ) AND ( `classify_id` = 20 ) LIMIT 1   [ RunTime:0.000000s ]
SQL: SELECT * FROM `index_user_classify` WHERE ( `user_id` = 1 ) AND ( `classify_id` = 4 ) LIMIT 1   [ RunTime:0.000000s ]
SQL: SELECT * FROM `index_user_classify` WHERE ( `user_id` = 1 ) AND ( `classify_id` = 5 ) LIMIT 1   [ RunTime:0.000000s ]
SQL: SELECT * FROM `index_user_classify` WHERE ( `user_id` = 1 ) AND ( `classify_id` = 23 ) LIMIT 1   [ RunTime:0.001000s ]
SQL: SELECT * FROM `index_admin_classify` WHERE ( `classify_pid` = 3 ) ORDER BY date asc  [ RunTime:0.000000s ]
NOTIC: [2] Invalid argument supplied for foreach() D:\WWW\v5.2\Admin\Tpl\public\top.php Á¨¨ 36 Ë°å.
SQL: SHOW COLUMNS FROM `index_classify` [ RunTime:0.004001s ]
SQL: SELECT * FROM `index_classify` WHERE ( `classify_pid` = 1 )  [ RunTime:0.001000s ]
SQL: SELECT `classify_id`,`level_id`,`classify_pid`,`type_id`,`classify_name`,`date`,`is_delete`,`classify_img`,`note`,`page_img` FROM `index_classify` WHERE ( `classify_id` = 1 ) AND ( `level_id` > 1 ) ORDER BY date asc  [ RunTime:0.001000s ]
NOTIC: [2] Invalid argument supplied for foreach() D:\WWW\v5.2\Admin\Runtime\Cache\5564defe1e21527f222900f417fbd662.php Á¨¨ 28 Ë°å.
SQL: SELECT `classify_id`,`level_id`,`classify_pid`,`type_id`,`classify_name`,`date`,`is_delete`,`classify_img`,`note`,`page_img` FROM `index_classify` WHERE ( `version_id` = 1 ) ORDER BY date asc  [ RunTime:0.000000s ]
SQL: SHOW COLUMNS FROM `index_classify_type` [ RunTime:0.004000s ]
SQL: SELECT * FROM `index_classify_type` WHERE ( `type_id` = 13 ) LIMIT 1   [ RunTime:0.000000s ]
SQL: SHOW COLUMNS FROM `index_relevance` [ RunTime:0.003000s ]
SQL: SELECT COUNT(*) AS tp_count FROM `index_relevance` WHERE ( `classify_id` = 2 ) LIMIT 1   [ RunTime:0.000000s ]
SQL: SHOW COLUMNS FROM `index_input` [ RunTime:0.003000s ]
SQL: SELECT * FROM `index_input` WHERE ( `input_pid` = 351 )  [ RunTime:0.001000s ]
SQL: SELECT * FROM `index_classify` WHERE ( `classify_pid` = 2 ) LIMIT 1   [ RunTime:0.000000s ]
SQL: SELECT * FROM `index_classify_type` WHERE ( `type_id` = 13 ) LIMIT 1   [ RunTime:0.000000s ]
SQL: SELECT COUNT(*) AS tp_count FROM `index_relevance` WHERE ( `classify_id` = 3 ) LIMIT 1   [ RunTime:0.000000s ]
SQL: SELECT * FROM `index_input` WHERE ( `input_pid` = 351 )  [ RunTime:0.001000s ]
SQL: SELECT * FROM `index_classify` WHERE ( `classify_pid` = 3 ) LIMIT 1   [ RunTime:0.000000s ]
SQL: SELECT * FROM `index_classify_type` WHERE ( `type_id` = 13 ) LIMIT 1   [ RunTime:0.000000s ]
SQL: SELECT COUNT(*) AS tp_count FROM `index_relevance` WHERE ( `classify_id` = 4 ) LIMIT 1   [ RunTime:0.000000s ]
SQL: SELECT * FROM `index_input` WHERE ( `input_pid` = 351 )  [ RunTime:0.001000s ]
SQL: SELECT * FROM `index_classify` WHERE ( `classify_pid` = 4 ) LIMIT 1   [ RunTime:0.000000s ]
INFO: ParseTemplate Behavior ::run [ RunTime:0.051002s ]
INFO: [ view_parse ] --END-- [ RunTime:0.051002s ]
INFO: [ view_filter ] --START--
INFO: ContentReplace Behavior ::run [ RunTime:0.001001s ]
INFO: TokenBuild Behavior ::run [ RunTime:0.000000s ]
INFO: WriteHtmlCache Behavior ::run [ RunTime:0.000000s ]
INFO: ShowRuntime Behavior ::run [ RunTime:0.001000s ]
INFO: [ view_filter ] --END-- [ RunTime:0.002001s ]
INFO: [ view_end ] --START--
INFO: ShowPageTrace Behavior ::run [ RunTime:0.000000s ]
INFO: [ view_end ] --END-- [ RunTime:0.000000s ]

[ 2017-06-20T09:36:34+08:00 ] 127.0.0.1 /v5.2/admin.php?m=classify&a=index&admin_classify_id=3
INFO: [ app_begin ] --START--
INFO: ReadHtmlCache Behavior ::run [ RunTime:0.001000s ]
INFO: [ app_begin ] --END-- [ RunTime:0.001000s ]
INFO: [ view_parse ] --START--
SQL: SHOW COLUMNS FROM `index_function_switch` [ RunTime:0.003001s ]
SQL: SELECT * FROM `index_function_switch` WHERE ( `function_switch_id` = 1 ) LIMIT 1   [ RunTime:0.001000s ]
SQL: SHOW COLUMNS FROM `index_user_page` [ RunTime:0.002000s ]
SQL: SELECT * FROM `index_user_page` WHERE ( `user_id` = 1 )  [ RunTime:0.000000s ]
NOTIC: [2] Invalid argument supplied for foreach() D:\WWW\v5.2\Admin\Tpl\public\head.php Á¨¨ 17 Ë°å.
SQL: SHOW COLUMNS FROM `index_site` [ RunTime:0.004000s ]
SQL: SELECT * FROM `index_site` LIMIT 1   [ RunTime:0.000000s ]
SQL: SELECT * FROM `index_site`  [ RunTime:0.000000s ]
SQL: SHOW COLUMNS FROM `index_admin_classify` [ RunTime:0.002000s ]
SQL: SELECT * FROM `index_admin_classify` WHERE ( `level_id` = 2 ) ORDER BY date asc  [ RunTime:0.000000s ]
SQL: SHOW COLUMNS FROM `index_user_classify` [ RunTime:0.003000s ]
SQL: SELECT * FROM `index_user_classify` WHERE ( `user_id` = 1 ) AND ( `classify_id` = 2 ) LIMIT 1   [ RunTime:0.000000s ]
SQL: SELECT * FROM `index_user_classify` WHERE ( `user_id` = 1 ) AND ( `classify_id` = 3 ) LIMIT 1   [ RunTime:0.000000s ]
SQL: SELECT * FROM `index_user_classify` WHERE ( `user_id` = 1 ) AND ( `classify_id` = 16 ) LIMIT 1   [ RunTime:0.000000s ]
SQL: SELECT * FROM `index_user_classify` WHERE ( `user_id` = 1 ) AND ( `classify_id` = 15 ) LIMIT 1   [ RunTime:0.001001s ]
SQL: SELECT * FROM `index_user_classify` WHERE ( `user_id` = 1 ) AND ( `classify_id` = 20 ) LIMIT 1   [ RunTime:0.000000s ]
SQL: SELECT * FROM `index_user_classify` WHERE ( `user_id` = 1 ) AND ( `classify_id` = 4 ) LIMIT 1   [ RunTime:0.000000s ]
SQL: SELECT * FROM `index_user_classify` WHERE ( `user_id` = 1 ) AND ( `classify_id` = 5 ) LIMIT 1   [ RunTime:0.000000s ]
SQL: SELECT * FROM `index_user_classify` WHERE ( `user_id` = 1 ) AND ( `classify_id` = 23 ) LIMIT 1   [ RunTime:0.000000s ]
SQL: SELECT * FROM `index_admin_classify` WHERE ( `classify_pid` = 3 ) ORDER BY date asc  [ RunTime:0.001000s ]
NOTIC: [2] Invalid argument supplied for foreach() D:\WWW\v5.2\Admin\Tpl\public\top.php Á¨¨ 36 Ë°å.
SQL: SHOW COLUMNS FROM `index_classify` [ RunTime:0.003000s ]
SQL: SELECT * FROM `index_classify` WHERE ( `classify_pid` = 1 )  [ RunTime:0.000000s ]
SQL: SELECT `classify_id`,`level_id`,`classify_pid`,`type_id`,`classify_name`,`date`,`is_delete`,`classify_img`,`note`,`page_img` FROM `index_classify` WHERE ( `classify_id` = 1 ) AND ( `level_id` > 1 ) ORDER BY date asc  [ RunTime:0.000000s ]
NOTIC: [2] Invalid argument supplied for foreach() D:\WWW\v5.2\Admin\Runtime\Cache\5564defe1e21527f222900f417fbd662.php Á¨¨ 28 Ë°å.
SQL: SELECT `classify_id`,`level_id`,`classify_pid`,`type_id`,`classify_name`,`date`,`is_delete`,`classify_img`,`note`,`page_img` FROM `index_classify` WHERE ( `version_id` = 1 ) ORDER BY date asc  [ RunTime:0.000000s ]
SQL: SHOW COLUMNS FROM `index_classify_type` [ RunTime:0.006000s ]
SQL: SELECT * FROM `index_classify_type` WHERE ( `type_id` = 13 ) LIMIT 1   [ RunTime:0.001000s ]
SQL: SHOW COLUMNS FROM `index_relevance` [ RunTime:0.002000s ]
SQL: SELECT COUNT(*) AS tp_count FROM `index_relevance` WHERE ( `classify_id` = 2 ) LIMIT 1   [ RunTime:0.000000s ]
SQL: SHOW COLUMNS FROM `index_input` [ RunTime:0.003001s ]
SQL: SELECT * FROM `index_input` WHERE ( `input_pid` = 351 )  [ RunTime:0.001000s ]
SQL: SELECT * FROM `index_classify` WHERE ( `classify_pid` = 2 ) LIMIT 1   [ RunTime:0.000000s ]
SQL: SELECT * FROM `index_classify_type` WHERE ( `type_id` = 13 ) LIMIT 1   [ RunTime:0.000000s ]
SQL: SELECT COUNT(*) AS tp_count FROM `index_relevance` WHERE ( `classify_id` = 3 ) LIMIT 1   [ RunTime:0.000000s ]
SQL: SELECT * FROM `index_input` WHERE ( `input_pid` = 351 )  [ RunTime:0.001000s ]
SQL: SELECT * FROM `index_classify` WHERE ( `classify_pid` = 3 ) LIMIT 1   [ RunTime:0.000000s ]
SQL: SELECT * FROM `index_classify_type` WHERE ( `type_id` = 13 ) LIMIT 1   [ RunTime:0.000000s ]
SQL: SELECT COUNT(*) AS tp_count FROM `index_relevance` WHERE ( `classify_id` = 4 ) LIMIT 1   [ RunTime:0.000000s ]
SQL: SELECT * FROM `index_input` WHERE ( `input_pid` = 351 )  [ RunTime:0.000000s ]
SQL: SELECT * FROM `index_classify` WHERE ( `classify_pid` = 4 ) LIMIT 1   [ RunTime:0.000000s ]
INFO: ParseTemplate Behavior ::run [ RunTime:0.053003s ]
INFO: [ view_parse ] --END-- [ RunTime:0.053003s ]
INFO: [ view_filter ] --START--
INFO: ContentReplace Behavior ::run [ RunTime:0.000000s ]
INFO: TokenBuild Behavior ::run [ RunTime:0.000000s ]
INFO: WriteHtmlCache Behavior ::run [ RunTime:0.000000s ]
INFO: ShowRuntime Behavior ::run [ RunTime:0.000000s ]
INFO: [ view_filter ] --END-- [ RunTime:0.001000s ]
INFO: [ view_end ] --START--
INFO: ShowPageTrace Behavior ::run [ RunTime:0.000000s ]
INFO: [ view_end ] --END-- [ RunTime:0.000000s ]

