[ 2017-05-02T13:53:26+08:00 ] 183.13.189.243 /wz170315/admin.php?
INFO: [ app_begin ] --START--
INFO: ReadHtmlCache Behavior ::run [ RunTime:0.000000s ]
INFO: [ app_begin ] --END-- [ RunTime:0.000000s ]
INFO: [ view_parse ] --START--
NOTIC: [8] Undefined variable: onlymsg D:\WWW\wz170315\ThinkPHP\Common\common.php 第 847 行.
NOTIC: [8] Undefined variable: onlymsg D:\WWW\wz170315\ThinkPHP\Common\common.php 第 879 行.

[ 2017-05-02T13:53:27+08:00 ] 183.13.189.243 /wz170315/admin.php?m=login&a=index
INFO: [ app_begin ] --START--
INFO: ReadHtmlCache Behavior ::run [ RunTime:0.000000s ]
INFO: [ app_begin ] --END-- [ RunTime:0.000000s ]
INFO: [ view_parse ] --START--
INFO: ParseTemplate Behavior ::run [ RunTime:0.000000s ]
INFO: [ view_parse ] --END-- [ RunTime:0.000000s ]
INFO: [ view_filter ] --START--
INFO: ContentReplace Behavior ::run [ RunTime:0.000000s ]
INFO: TokenBuild Behavior ::run [ RunTime:0.000000s ]
INFO: WriteHtmlCache Behavior ::run [ RunTime:0.015625s ]
INFO: ShowRuntime Behavior ::run [ RunTime:0.000000s ]
INFO: [ view_filter ] --END-- [ RunTime:0.015625s ]
INFO: [ view_end ] --START--
INFO: ShowPageTrace Behavior ::run [ RunTime:0.000000s ]
INFO: [ view_end ] --END-- [ RunTime:0.000000s ]

[ 2017-05-02T13:53:31+08:00 ] 183.13.189.243 /wz170315/admin.php?m=login&a=login_save
INFO: [ app_begin ] --START--
INFO: ReadHtmlCache Behavior ::run [ RunTime:0.000000s ]
INFO: [ app_begin ] --END-- [ RunTime:0.000000s ]
SQL: SHOW COLUMNS FROM `index_user` [ RunTime:0.000000s ]
SQL: SELECT * FROM `index_user` WHERE ( `username` = 'bjj' ) AND ( `password` = 'ebbf368b0bcdb7e1feee880b95b8096f' ) LIMIT 1   [ RunTime:0.000000s ]
NOTIC: [2] setcookie() expects parameter 2 to be string, array given D:\WWW\wz170315\Admin\Lib\Action\loginAction.class.php 第 19 行.
NOTIC: [8] Undefined variable: var D:\WWW\wz170315\ThinkPHP\Common\functions.php 第 247 行.
NOTIC: [2] array_reverse() expects parameter 1 to be array, null given D:\WWW\wz170315\ThinkPHP\Common\functions.php 第 247 行.
NOTIC: [2] http_build_query() [<a href='function.http-build-query'>function.http-build-query</a>]: Parameter 1 expected to be Array or Object.  Incorrect value given D:\WWW\wz170315\ThinkPHP\Common\functions.php 第 247 行.
INFO: [ view_parse ] --START--
INFO: ParseTemplate Behavior ::run [ RunTime:0.000000s ]
INFO: [ view_parse ] --END-- [ RunTime:0.000000s ]
INFO: [ view_filter ] --START--
INFO: ContentReplace Behavior ::run [ RunTime:0.000000s ]
INFO: TokenBuild Behavior ::run [ RunTime:0.000000s ]
INFO: WriteHtmlCache Behavior ::run [ RunTime:0.000000s ]
INFO: ShowRuntime Behavior ::run [ RunTime:0.000000s ]
INFO: [ view_filter ] --END-- [ RunTime:0.000000s ]
INFO: [ view_end ] --START--
INFO: ShowPageTrace Behavior ::run [ RunTime:0.000000s ]
INFO: [ view_end ] --END-- [ RunTime:0.000000s ]

[ 2017-05-02T13:53:32+08:00 ] 183.13.189.243 /wz170315/admin.php?
INFO: [ app_begin ] --START--
INFO: ReadHtmlCache Behavior ::run [ RunTime:0.000000s ]
INFO: [ app_begin ] --END-- [ RunTime:0.000000s ]
INFO: [ view_parse ] --START--
SQL: SHOW COLUMNS FROM `index_function_switch` [ RunTime:0.000000s ]
SQL: SELECT * FROM `index_function_switch` WHERE ( `function_switch_id` = 1 ) LIMIT 1   [ RunTime:0.000000s ]
SQL: SHOW COLUMNS FROM `index_user_page` [ RunTime:0.000000s ]
SQL: SELECT * FROM `index_user_page` WHERE ( `user_id` = 1 )  [ RunTime:0.000000s ]
NOTIC: [2] Invalid argument supplied for foreach() D:\WWW\wz170315\Admin\Tpl\public\head.php 第 17 行.
SQL: SHOW COLUMNS FROM `index_site` [ RunTime:0.000000s ]
SQL: SELECT * FROM `index_site` LIMIT 1   [ RunTime:0.000000s ]
SQL: SELECT * FROM `index_site`  [ RunTime:0.000000s ]
SQL: SHOW COLUMNS FROM `index_admin_classify` [ RunTime:0.000000s ]
SQL: SELECT * FROM `index_admin_classify` WHERE ( `level_id` = 2 ) ORDER BY date asc  [ RunTime:0.000000s ]
SQL: SHOW COLUMNS FROM `index_user_classify` [ RunTime:0.031250s ]
SQL: SELECT * FROM `index_user_classify` WHERE ( `user_id` = 1 ) AND ( `classify_id` = 2 ) LIMIT 1   [ RunTime:0.000000s ]
SQL: SELECT * FROM `index_user_classify` WHERE ( `user_id` = 1 ) AND ( `classify_id` = 3 ) LIMIT 1   [ RunTime:0.000000s ]
SQL: SELECT * FROM `index_user_classify` WHERE ( `user_id` = 1 ) AND ( `classify_id` = 16 ) LIMIT 1   [ RunTime:0.000000s ]
SQL: SELECT * FROM `index_user_classify` WHERE ( `user_id` = 1 ) AND ( `classify_id` = 15 ) LIMIT 1   [ RunTime:0.000000s ]
SQL: SELECT * FROM `index_user_classify` WHERE ( `user_id` = 1 ) AND ( `classify_id` = 20 ) LIMIT 1   [ RunTime:0.000000s ]
SQL: SELECT * FROM `index_user_classify` WHERE ( `user_id` = 1 ) AND ( `classify_id` = 4 ) LIMIT 1   [ RunTime:0.000000s ]
SQL: SELECT * FROM `index_user_classify` WHERE ( `user_id` = 1 ) AND ( `classify_id` = 5 ) LIMIT 1   [ RunTime:0.000000s ]
SQL: SELECT * FROM `index_user_classify` WHERE ( `user_id` = 1 ) AND ( `classify_id` = 23 ) LIMIT 1   [ RunTime:0.000000s ]
SQL: SELECT * FROM `index_admin_classify` WHERE ( `classify_pid` = null ) ORDER BY date asc  [ RunTime:0.000000s ]
NOTIC: [2] Invalid argument supplied for foreach() D:\WWW\wz170315\Admin\Tpl\public\top.php 第 36 行.
SQL: SELECT * FROM `index_site` LIMIT 1   [ RunTime:0.000000s ]
SQL: SHOW COLUMNS FROM `index_classify` [ RunTime:0.000000s ]
SQL: SELECT * FROM `index_classify` WHERE ( `level_id` = 2 ) ORDER BY date asc  [ RunTime:0.000000s ]
SQL: SELECT * FROM `index_classify` WHERE ( `classify_pid` = 2 )  [ RunTime:0.000000s ]
SQL: SELECT * FROM `index_classify` WHERE ( `classify_pid` = 4 )  [ RunTime:0.000000s ]
NOTIC: [8] Undefined index: order_site_id D:\WWW\wz170315\Admin\Runtime\Cache\d74b1b5354fc9f05c91cb0d6ad6a9473.php 第 5 行.
INFO: ParseTemplate Behavior ::run [ RunTime:0.046875s ]
INFO: [ view_parse ] --END-- [ RunTime:0.046875s ]
INFO: [ view_filter ] --START--
INFO: ContentReplace Behavior ::run [ RunTime:0.015625s ]
INFO: TokenBuild Behavior ::run [ RunTime:0.000000s ]
INFO: WriteHtmlCache Behavior ::run [ RunTime:0.000000s ]
INFO: ShowRuntime Behavior ::run [ RunTime:0.000000s ]
INFO: [ view_filter ] --END-- [ RunTime:0.015625s ]
INFO: [ view_end ] --START--
INFO: ShowPageTrace Behavior ::run [ RunTime:0.000000s ]
INFO: [ view_end ] --END-- [ RunTime:0.000000s ]

[ 2017-05-02T13:53:34+08:00 ] 183.13.189.243 /wz170315/admin.php?m=classify&a=index&admin_classify_id=3
INFO: [ app_begin ] --START--
INFO: ReadHtmlCache Behavior ::run [ RunTime:0.000000s ]
INFO: [ app_begin ] --END-- [ RunTime:0.000000s ]
INFO: [ view_parse ] --START--
SQL: SHOW COLUMNS FROM `index_function_switch` [ RunTime:0.000000s ]
SQL: SELECT * FROM `index_function_switch` WHERE ( `function_switch_id` = 1 ) LIMIT 1   [ RunTime:0.000000s ]
SQL: SHOW COLUMNS FROM `index_user_page` [ RunTime:0.000000s ]
SQL: SELECT * FROM `index_user_page` WHERE ( `user_id` = 1 )  [ RunTime:0.000000s ]
NOTIC: [2] Invalid argument supplied for foreach() D:\WWW\wz170315\Admin\Tpl\public\head.php 第 17 行.
SQL: SHOW COLUMNS FROM `index_site` [ RunTime:0.000000s ]
SQL: SELECT * FROM `index_site` LIMIT 1   [ RunTime:0.000000s ]
SQL: SELECT * FROM `index_site`  [ RunTime:0.000000s ]
SQL: SHOW COLUMNS FROM `index_admin_classify` [ RunTime:0.015625s ]
SQL: SELECT * FROM `index_admin_classify` WHERE ( `level_id` = 2 ) ORDER BY date asc  [ RunTime:0.000000s ]
SQL: SHOW COLUMNS FROM `index_user_classify` [ RunTime:0.000000s ]
SQL: SELECT * FROM `index_user_classify` WHERE ( `user_id` = 1 ) AND ( `classify_id` = 2 ) LIMIT 1   [ RunTime:0.000000s ]
SQL: SELECT * FROM `index_user_classify` WHERE ( `user_id` = 1 ) AND ( `classify_id` = 3 ) LIMIT 1   [ RunTime:0.000000s ]
SQL: SELECT * FROM `index_user_classify` WHERE ( `user_id` = 1 ) AND ( `classify_id` = 16 ) LIMIT 1   [ RunTime:0.000000s ]
SQL: SELECT * FROM `index_user_classify` WHERE ( `user_id` = 1 ) AND ( `classify_id` = 15 ) LIMIT 1   [ RunTime:0.000000s ]
SQL: SELECT * FROM `index_user_classify` WHERE ( `user_id` = 1 ) AND ( `classify_id` = 20 ) LIMIT 1   [ RunTime:0.000000s ]
SQL: SELECT * FROM `index_user_classify` WHERE ( `user_id` = 1 ) AND ( `classify_id` = 4 ) LIMIT 1   [ RunTime:0.000000s ]
SQL: SELECT * FROM `index_user_classify` WHERE ( `user_id` = 1 ) AND ( `classify_id` = 5 ) LIMIT 1   [ RunTime:0.000000s ]
SQL: SELECT * FROM `index_user_classify` WHERE ( `user_id` = 1 ) AND ( `classify_id` = 23 ) LIMIT 1   [ RunTime:0.000000s ]
SQL: SELECT * FROM `index_admin_classify` WHERE ( `classify_pid` = 3 ) ORDER BY date asc  [ RunTime:0.000000s ]
NOTIC: [2] Invalid argument supplied for foreach() D:\WWW\wz170315\Admin\Tpl\public\top.php 第 36 行.
SQL: SHOW COLUMNS FROM `index_classify` [ RunTime:0.000000s ]
SQL: SELECT * FROM `index_classify` WHERE ( `classify_pid` = 1 )  [ RunTime:0.000000s ]
SQL: SELECT * FROM `index_classify` WHERE ( `level_id` = 2 ) ORDER BY date asc  [ RunTime:0.000000s ]
SQL: SELECT * FROM `index_classify` WHERE ( `classify_pid` = 2 )  [ RunTime:0.000000s ]
SQL: SELECT * FROM `index_classify` WHERE ( `classify_pid` = 4 )  [ RunTime:0.000000s ]
SQL: SELECT `classify_id`,`level_id`,`classify_pid`,`type_id`,`classify_name`,`date`,`is_delete`,`classify_img`,`note`,`page_img` FROM `index_classify` WHERE ( `classify_id` = 1 ) AND ( `level_id` > 1 ) ORDER BY date asc  [ RunTime:0.000000s ]
NOTIC: [2] Invalid argument supplied for foreach() D:\WWW\wz170315\Admin\Runtime\Cache\5564defe1e21527f222900f417fbd662.php 第 28 行.
SQL: SELECT `classify_id`,`level_id`,`classify_pid`,`type_id`,`classify_name`,`date`,`is_delete`,`classify_img`,`note`,`page_img` FROM `index_classify` WHERE ( `version_id` = 1 ) ORDER BY date asc  [ RunTime:0.000000s ]
SQL: SHOW COLUMNS FROM `index_classify_type` [ RunTime:0.000000s ]
SQL: SELECT * FROM `index_classify_type` WHERE ( `type_id` = 13 ) LIMIT 1   [ RunTime:0.000000s ]
SQL: SHOW COLUMNS FROM `index_relevance` [ RunTime:0.000000s ]
SQL: SELECT COUNT(*) AS tp_count FROM `index_relevance` WHERE ( `classify_id` = 2 ) LIMIT 1   [ RunTime:0.000000s ]
SQL: SHOW COLUMNS FROM `index_input` [ RunTime:0.015625s ]
SQL: SELECT * FROM `index_input` WHERE ( `input_pid` = 351 )  [ RunTime:0.000000s ]
SQL: SELECT * FROM `index_classify` WHERE ( `classify_pid` = 2 ) LIMIT 1   [ RunTime:0.000000s ]
SQL: SELECT * FROM `index_classify_type` WHERE ( `type_id` = 13 ) LIMIT 1   [ RunTime:0.000000s ]
SQL: SELECT COUNT(*) AS tp_count FROM `index_relevance` WHERE ( `classify_id` = 3 ) LIMIT 1   [ RunTime:0.000000s ]
SQL: SELECT * FROM `index_input` WHERE ( `input_pid` = 351 )  [ RunTime:0.000000s ]
SQL: SELECT * FROM `index_classify` WHERE ( `classify_pid` = 3 ) LIMIT 1   [ RunTime:0.000000s ]
SQL: SELECT * FROM `index_classify_type` WHERE ( `type_id` = 13 ) LIMIT 1   [ RunTime:0.000000s ]
SQL: SELECT COUNT(*) AS tp_count FROM `index_relevance` WHERE ( `classify_id` = 4 ) LIMIT 1   [ RunTime:0.000000s ]
SQL: SELECT * FROM `index_input` WHERE ( `input_pid` = 351 )  [ RunTime:0.000000s ]
SQL: SELECT * FROM `index_classify` WHERE ( `classify_pid` = 4 ) LIMIT 1   [ RunTime:0.000000s ]
SQL: SELECT * FROM `index_classify_type` WHERE ( `type_id` = 5 ) LIMIT 1   [ RunTime:0.000000s ]
SQL: SELECT COUNT(*) AS tp_count FROM `index_relevance` WHERE ( `classify_id` = 360 ) LIMIT 1   [ RunTime:0.000000s ]
SQL: SELECT * FROM `index_input` WHERE ( `input_pid` = 351 )  [ RunTime:0.000000s ]
SQL: SELECT * FROM `index_classify` WHERE ( `classify_pid` = 360 ) LIMIT 1   [ RunTime:0.000000s ]
INFO: ParseTemplate Behavior ::run [ RunTime:0.062500s ]
INFO: [ view_parse ] --END-- [ RunTime:0.062500s ]
INFO: [ view_filter ] --START--
INFO: ContentReplace Behavior ::run [ RunTime:0.000000s ]
INFO: TokenBuild Behavior ::run [ RunTime:0.000000s ]
INFO: WriteHtmlCache Behavior ::run [ RunTime:0.000000s ]
INFO: ShowRuntime Behavior ::run [ RunTime:0.000000s ]
INFO: [ view_filter ] --END-- [ RunTime:0.000000s ]
INFO: [ view_end ] --START--
INFO: ShowPageTrace Behavior ::run [ RunTime:0.000000s ]
INFO: [ view_end ] --END-- [ RunTime:0.000000s ]

[ 2017-05-02T13:53:35+08:00 ] 180.153.205.253 /wz170315/admin.php?
INFO: [ app_begin ] --START--
INFO: ReadHtmlCache Behavior ::run [ RunTime:0.000000s ]
INFO: [ app_begin ] --END-- [ RunTime:0.000000s ]
INFO: [ view_parse ] --START--
NOTIC: [8] Undefined variable: onlymsg D:\WWW\wz170315\ThinkPHP\Common\common.php 第 847 行.
NOTIC: [8] Undefined variable: onlymsg D:\WWW\wz170315\ThinkPHP\Common\common.php 第 879 行.

[ 2017-05-02T13:53:35+08:00 ] 183.13.189.243 /wz170315/admin.php?m=site&a=index&admin_classify_id=2
INFO: [ app_begin ] --START--
INFO: ReadHtmlCache Behavior ::run [ RunTime:0.000000s ]
INFO: [ app_begin ] --END-- [ RunTime:0.000000s ]
INFO: [ view_parse ] --START--
SQL: SHOW COLUMNS FROM `index_function_switch` [ RunTime:0.000000s ]
SQL: SELECT * FROM `index_function_switch` WHERE ( `function_switch_id` = 1 ) LIMIT 1   [ RunTime:0.000000s ]
SQL: SHOW COLUMNS FROM `index_user_page` [ RunTime:0.000000s ]
SQL: SELECT * FROM `index_user_page` WHERE ( `user_id` = 1 )  [ RunTime:0.000000s ]
NOTIC: [2] Invalid argument supplied for foreach() D:\WWW\wz170315\Admin\Tpl\public\head.php 第 17 行.
SQL: SHOW COLUMNS FROM `index_site` [ RunTime:0.000000s ]
SQL: SELECT * FROM `index_site` LIMIT 1   [ RunTime:0.000000s ]
SQL: SELECT * FROM `index_site`  [ RunTime:0.000000s ]
SQL: SHOW COLUMNS FROM `index_admin_classify` [ RunTime:0.000000s ]
SQL: SELECT * FROM `index_admin_classify` WHERE ( `level_id` = 2 ) ORDER BY date asc  [ RunTime:0.000000s ]
SQL: SHOW COLUMNS FROM `index_user_classify` [ RunTime:0.000000s ]
SQL: SELECT * FROM `index_user_classify` WHERE ( `user_id` = 1 ) AND ( `classify_id` = 2 ) LIMIT 1   [ RunTime:0.000000s ]
SQL: SELECT * FROM `index_user_classify` WHERE ( `user_id` = 1 ) AND ( `classify_id` = 3 ) LIMIT 1   [ RunTime:0.000000s ]
SQL: SELECT * FROM `index_user_classify` WHERE ( `user_id` = 1 ) AND ( `classify_id` = 16 ) LIMIT 1   [ RunTime:0.000000s ]
SQL: SELECT * FROM `index_user_classify` WHERE ( `user_id` = 1 ) AND ( `classify_id` = 15 ) LIMIT 1   [ RunTime:0.000000s ]
SQL: SELECT * FROM `index_user_classify` WHERE ( `user_id` = 1 ) AND ( `classify_id` = 20 ) LIMIT 1   [ RunTime:0.000000s ]
SQL: SELECT * FROM `index_user_classify` WHERE ( `user_id` = 1 ) AND ( `classify_id` = 4 ) LIMIT 1   [ RunTime:0.000000s ]
SQL: SELECT * FROM `index_user_classify` WHERE ( `user_id` = 1 ) AND ( `classify_id` = 5 ) LIMIT 1   [ RunTime:0.000000s ]
SQL: SELECT * FROM `index_user_classify` WHERE ( `user_id` = 1 ) AND ( `classify_id` = 23 ) LIMIT 1   [ RunTime:0.000000s ]
SQL: SELECT * FROM `index_admin_classify` WHERE ( `classify_pid` = 2 ) ORDER BY date asc  [ RunTime:0.000000s ]
SQL: SELECT * FROM `index_user_classify` WHERE ( `user_id` = 1 ) AND ( `classify_id` = 8 ) LIMIT 1   [ RunTime:0.000000s ]
SQL: SELECT * FROM `index_user_classify` WHERE ( `user_id` = 1 ) AND ( `classify_id` = 7 ) LIMIT 1   [ RunTime:0.000000s ]
SQL: SELECT * FROM `index_user_classify` WHERE ( `user_id` = 1 ) AND ( `classify_id` = 6 ) LIMIT 1   [ RunTime:0.000000s ]
SQL: SHOW COLUMNS FROM `index_classify` [ RunTime:0.000000s ]
SQL: SELECT * FROM `index_classify` WHERE ( `level_id` = 2 ) ORDER BY date asc  [ RunTime:0.000000s ]
SQL: SELECT * FROM `index_classify` WHERE ( `classify_pid` = 2 )  [ RunTime:0.000000s ]
SQL: SELECT * FROM `index_classify` WHERE ( `classify_pid` = 4 )  [ RunTime:0.000000s ]
SQL: SELECT * FROM `index_site` WHERE ( `version_id` = 1 ) LIMIT 1   [ RunTime:0.000000s ]
SQL: SHOW COLUMNS FROM `index_input` [ RunTime:0.000000s ]
SQL: SELECT * FROM `index_input` WHERE ( `type_id` = 1 ) AND ( `edit_switch` = 2 ) AND (  (`input_pid` is null)  ) ORDER BY date asc  [ RunTime:0.000000s ]
INFO: ParseTemplate Behavior ::run [ RunTime:0.046875s ]
INFO: [ view_parse ] --END-- [ RunTime:0.046875s ]
INFO: [ view_filter ] --START--
INFO: ContentReplace Behavior ::run [ RunTime:0.000000s ]
INFO: TokenBuild Behavior ::run [ RunTime:0.000000s ]
INFO: WriteHtmlCache Behavior ::run [ RunTime:0.000000s ]
INFO: ShowRuntime Behavior ::run [ RunTime:0.000000s ]
INFO: [ view_filter ] --END-- [ RunTime:0.000000s ]
INFO: [ view_end ] --START--
INFO: ShowPageTrace Behavior ::run [ RunTime:0.000000s ]
INFO: [ view_end ] --END-- [ RunTime:0.000000s ]

[ 2017-05-02T13:53:37+08:00 ] 101.226.68.213 /wz170315/admin.php?m=login&a=index
INFO: [ app_begin ] --START--
INFO: ReadHtmlCache Behavior ::run [ RunTime:0.000000s ]
INFO: [ app_begin ] --END-- [ RunTime:0.000000s ]
INFO: [ view_parse ] --START--
INFO: ParseTemplate Behavior ::run [ RunTime:0.000000s ]
INFO: [ view_parse ] --END-- [ RunTime:0.000000s ]
INFO: [ view_filter ] --START--
INFO: ContentReplace Behavior ::run [ RunTime:0.000000s ]
INFO: TokenBuild Behavior ::run [ RunTime:0.000000s ]
INFO: WriteHtmlCache Behavior ::run [ RunTime:0.000000s ]
INFO: ShowRuntime Behavior ::run [ RunTime:0.000000s ]
INFO: [ view_filter ] --END-- [ RunTime:0.000000s ]
INFO: [ view_end ] --START--
INFO: ShowPageTrace Behavior ::run [ RunTime:0.000000s ]
INFO: [ view_end ] --END-- [ RunTime:0.000000s ]

[ 2017-05-02T13:53:41+08:00 ] 101.226.66.191 /wz170315/admin.php?m=login&a=login_save
INFO: [ app_begin ] --START--
INFO: ReadHtmlCache Behavior ::run [ RunTime:0.000000s ]
INFO: [ app_begin ] --END-- [ RunTime:0.000000s ]
NOTIC: [8] Uninitialized string offset: 0 D:\WWW\wz170315\Admin\Lib\Action\loginAction.class.php 第 10 行.
SQL: SHOW COLUMNS FROM `index_user` [ RunTime:0.000000s ]
SQL: SELECT * FROM `index_user` WHERE ( `password` = 'd41d8cd98f00b204e9800998ecf8427e' ) LIMIT 1   [ RunTime:0.000000s ]
INFO: [ view_parse ] --START--
INFO: ParseTemplate Behavior ::run [ RunTime:0.015625s ]
INFO: [ view_parse ] --END-- [ RunTime:0.015625s ]
INFO: [ view_filter ] --START--
INFO: ContentReplace Behavior ::run [ RunTime:0.000000s ]
INFO: TokenBuild Behavior ::run [ RunTime:0.000000s ]
INFO: WriteHtmlCache Behavior ::run [ RunTime:0.000000s ]
INFO: ShowRuntime Behavior ::run [ RunTime:0.000000s ]
INFO: [ view_filter ] --END-- [ RunTime:0.000000s ]
INFO: [ view_end ] --START--
INFO: ShowPageTrace Behavior ::run [ RunTime:0.000000s ]
INFO: [ view_end ] --END-- [ RunTime:0.000000s ]

[ 2017-05-02T13:53:43+08:00 ] 101.226.66.174 /wz170315/admin.php?
INFO: [ app_begin ] --START--
INFO: ReadHtmlCache Behavior ::run [ RunTime:0.000000s ]
INFO: [ app_begin ] --END-- [ RunTime:0.000000s ]
INFO: [ view_parse ] --START--
NOTIC: [8] Undefined variable: onlymsg D:\WWW\wz170315\ThinkPHP\Common\common.php 第 847 行.
NOTIC: [8] Undefined variable: onlymsg D:\WWW\wz170315\ThinkPHP\Common\common.php 第 879 行.

[ 2017-05-02T13:53:44+08:00 ] 101.226.33.218 /wz170315/admin.php?m=classify&a=index&admin_classify_id=3
INFO: [ app_begin ] --START--
INFO: ReadHtmlCache Behavior ::run [ RunTime:0.000000s ]
INFO: [ app_begin ] --END-- [ RunTime:0.000000s ]
INFO: [ view_parse ] --START--
NOTIC: [8] Undefined variable: onlymsg D:\WWW\wz170315\ThinkPHP\Common\common.php 第 847 行.
NOTIC: [8] Undefined variable: onlymsg D:\WWW\wz170315\ThinkPHP\Common\common.php 第 879 行.

[ 2017-05-02T13:53:45+08:00 ] 101.226.89.120 /wz170315/admin.php?m=site&a=index&admin_classify_id=2
INFO: [ app_begin ] --START--
INFO: ReadHtmlCache Behavior ::run [ RunTime:0.000000s ]
INFO: [ app_begin ] --END-- [ RunTime:0.000000s ]
INFO: [ view_parse ] --START--
NOTIC: [8] Undefined variable: onlymsg D:\WWW\wz170315\ThinkPHP\Common\common.php 第 847 行.
NOTIC: [8] Undefined variable: onlymsg D:\WWW\wz170315\ThinkPHP\Common\common.php 第 879 行.

[ 2017-05-02T13:54:09+08:00 ] 183.13.189.243 /wz170315/admin.php?m=site&a=index&admin_classify_id=2
INFO: [ app_begin ] --START--
INFO: ReadHtmlCache Behavior ::run [ RunTime:0.000000s ]
INFO: [ app_begin ] --END-- [ RunTime:0.000000s ]
INFO: [ view_parse ] --START--
SQL: SHOW COLUMNS FROM `index_function_switch` [ RunTime:0.000000s ]
SQL: SELECT * FROM `index_function_switch` WHERE ( `function_switch_id` = 1 ) LIMIT 1   [ RunTime:0.000000s ]
SQL: SHOW COLUMNS FROM `index_user_page` [ RunTime:0.000000s ]
SQL: SELECT * FROM `index_user_page` WHERE ( `user_id` = 1 )  [ RunTime:0.000000s ]
NOTIC: [2] Invalid argument supplied for foreach() D:\WWW\wz170315\Admin\Tpl\public\head.php 第 17 行.
SQL: SHOW COLUMNS FROM `index_site` [ RunTime:0.000000s ]
SQL: SELECT * FROM `index_site` LIMIT 1   [ RunTime:0.000000s ]
SQL: SELECT * FROM `index_site`  [ RunTime:0.000000s ]
SQL: SHOW COLUMNS FROM `index_admin_classify` [ RunTime:0.000000s ]
SQL: SELECT * FROM `index_admin_classify` WHERE ( `level_id` = 2 ) ORDER BY date asc  [ RunTime:0.000000s ]
SQL: SHOW COLUMNS FROM `index_user_classify` [ RunTime:0.000000s ]
SQL: SELECT * FROM `index_user_classify` WHERE ( `user_id` = 1 ) AND ( `classify_id` = 2 ) LIMIT 1   [ RunTime:0.000000s ]
SQL: SELECT * FROM `index_user_classify` WHERE ( `user_id` = 1 ) AND ( `classify_id` = 3 ) LIMIT 1   [ RunTime:0.000000s ]
SQL: SELECT * FROM `index_user_classify` WHERE ( `user_id` = 1 ) AND ( `classify_id` = 16 ) LIMIT 1   [ RunTime:0.000000s ]
SQL: SELECT * FROM `index_user_classify` WHERE ( `user_id` = 1 ) AND ( `classify_id` = 15 ) LIMIT 1   [ RunTime:0.000000s ]
SQL: SELECT * FROM `index_user_classify` WHERE ( `user_id` = 1 ) AND ( `classify_id` = 20 ) LIMIT 1   [ RunTime:0.000000s ]
SQL: SELECT * FROM `index_user_classify` WHERE ( `user_id` = 1 ) AND ( `classify_id` = 4 ) LIMIT 1   [ RunTime:0.000000s ]
SQL: SELECT * FROM `index_user_classify` WHERE ( `user_id` = 1 ) AND ( `classify_id` = 5 ) LIMIT 1   [ RunTime:0.000000s ]
SQL: SELECT * FROM `index_user_classify` WHERE ( `user_id` = 1 ) AND ( `classify_id` = 23 ) LIMIT 1   [ RunTime:0.000000s ]
SQL: SELECT * FROM `index_admin_classify` WHERE ( `classify_pid` = 2 ) ORDER BY date asc  [ RunTime:0.000000s ]
SQL: SELECT * FROM `index_user_classify` WHERE ( `user_id` = 1 ) AND ( `classify_id` = 8 ) LIMIT 1   [ RunTime:0.000000s ]
SQL: SELECT * FROM `index_user_classify` WHERE ( `user_id` = 1 ) AND ( `classify_id` = 7 ) LIMIT 1   [ RunTime:0.000000s ]
SQL: SELECT * FROM `index_user_classify` WHERE ( `user_id` = 1 ) AND ( `classify_id` = 6 ) LIMIT 1   [ RunTime:0.000000s ]
SQL: SHOW COLUMNS FROM `index_classify` [ RunTime:0.000000s ]
SQL: SELECT * FROM `index_classify` WHERE ( `level_id` = 2 ) ORDER BY date asc  [ RunTime:0.000000s ]
SQL: SELECT * FROM `index_classify` WHERE ( `classify_pid` = 2 )  [ RunTime:0.000000s ]
SQL: SELECT * FROM `index_classify` WHERE ( `classify_pid` = 4 )  [ RunTime:0.000000s ]
SQL: SELECT * FROM `index_site` WHERE ( `version_id` = 1 ) LIMIT 1   [ RunTime:0.000000s ]
SQL: SHOW COLUMNS FROM `index_input` [ RunTime:0.000000s ]
SQL: SELECT * FROM `index_input` WHERE ( `type_id` = 1 ) AND ( `edit_switch` = 2 ) AND (  (`input_pid` is null)  ) ORDER BY date asc  [ RunTime:0.000000s ]
INFO: ParseTemplate Behavior ::run [ RunTime:0.046875s ]
INFO: [ view_parse ] --END-- [ RunTime:0.046875s ]
INFO: [ view_filter ] --START--
INFO: ContentReplace Behavior ::run [ RunTime:0.000000s ]
INFO: TokenBuild Behavior ::run [ RunTime:0.000000s ]
INFO: WriteHtmlCache Behavior ::run [ RunTime:0.000000s ]
INFO: ShowRuntime Behavior ::run [ RunTime:0.000000s ]
INFO: [ view_filter ] --END-- [ RunTime:0.000000s ]
INFO: [ view_end ] --START--
INFO: ShowPageTrace Behavior ::run [ RunTime:0.000000s ]
INFO: [ view_end ] --END-- [ RunTime:0.000000s ]

[ 2017-05-02T13:54:21+08:00 ] 183.13.189.243 /wz170315/admin.php?m=admin_classify&a=index&admin_classify_id=4
INFO: [ app_begin ] --START--
INFO: ReadHtmlCache Behavior ::run [ RunTime:0.000000s ]
INFO: [ app_begin ] --END-- [ RunTime:0.000000s ]
INFO: [ view_parse ] --START--
SQL: SHOW COLUMNS FROM `index_function_switch` [ RunTime:0.000000s ]
SQL: SELECT * FROM `index_function_switch` WHERE ( `function_switch_id` = 1 ) LIMIT 1   [ RunTime:0.000000s ]
SQL: SHOW COLUMNS FROM `index_user_page` [ RunTime:0.000000s ]
SQL: SELECT * FROM `index_user_page` WHERE ( `user_id` = 1 )  [ RunTime:0.000000s ]
NOTIC: [2] Invalid argument supplied for foreach() D:\WWW\wz170315\Admin\Tpl\public\head.php 第 17 行.
SQL: SHOW COLUMNS FROM `index_site` [ RunTime:0.000000s ]
SQL: SELECT * FROM `index_site` LIMIT 1   [ RunTime:0.000000s ]
SQL: SELECT * FROM `index_site`  [ RunTime:0.000000s ]
SQL: SHOW COLUMNS FROM `index_admin_classify` [ RunTime:0.000000s ]
SQL: SELECT * FROM `index_admin_classify` WHERE ( `level_id` = 2 ) ORDER BY date asc  [ RunTime:0.000000s ]
SQL: SHOW COLUMNS FROM `index_user_classify` [ RunTime:0.000000s ]
SQL: SELECT * FROM `index_user_classify` WHERE ( `user_id` = 1 ) AND ( `classify_id` = 2 ) LIMIT 1   [ RunTime:0.000000s ]
SQL: SELECT * FROM `index_user_classify` WHERE ( `user_id` = 1 ) AND ( `classify_id` = 3 ) LIMIT 1   [ RunTime:0.000000s ]
SQL: SELECT * FROM `index_user_classify` WHERE ( `user_id` = 1 ) AND ( `classify_id` = 16 ) LIMIT 1   [ RunTime:0.000000s ]
SQL: SELECT * FROM `index_user_classify` WHERE ( `user_id` = 1 ) AND ( `classify_id` = 15 ) LIMIT 1   [ RunTime:0.000000s ]
SQL: SELECT * FROM `index_user_classify` WHERE ( `user_id` = 1 ) AND ( `classify_id` = 20 ) LIMIT 1   [ RunTime:0.000000s ]
SQL: SELECT * FROM `index_user_classify` WHERE ( `user_id` = 1 ) AND ( `classify_id` = 4 ) LIMIT 1   [ RunTime:0.000000s ]
SQL: SELECT * FROM `index_user_classify` WHERE ( `user_id` = 1 ) AND ( `classify_id` = 5 ) LIMIT 1   [ RunTime:0.015625s ]
SQL: SELECT * FROM `index_user_classify` WHERE ( `user_id` = 1 ) AND ( `classify_id` = 23 ) LIMIT 1   [ RunTime:0.000000s ]
SQL: SELECT * FROM `index_admin_classify` WHERE ( `classify_pid` = 4 ) ORDER BY date asc  [ RunTime:0.000000s ]
SQL: SELECT * FROM `index_user_classify` WHERE ( `user_id` = 1 ) AND ( `classify_id` = 10 ) LIMIT 1   [ RunTime:0.000000s ]
SQL: SELECT * FROM `index_user_classify` WHERE ( `user_id` = 1 ) AND ( `classify_id` = 22 ) LIMIT 1   [ RunTime:0.000000s ]
SQL: SHOW COLUMNS FROM `index_classify` [ RunTime:0.000000s ]
SQL: SELECT * FROM `index_classify` WHERE ( `level_id` = 2 ) ORDER BY date asc  [ RunTime:0.000000s ]
SQL: SELECT * FROM `index_classify` WHERE ( `classify_pid` = 2 )  [ RunTime:0.000000s ]
SQL: SELECT * FROM `index_classify` WHERE ( `classify_pid` = 4 )  [ RunTime:0.000000s ]
SQL: SELECT * FROM `index_admin_classify` ORDER BY date asc  [ RunTime:0.000000s ]
SQL: SELECT * FROM `index_classify` WHERE ( `classify_pid` = 2 ) LIMIT 1   [ RunTime:0.000000s ]
SQL: SELECT * FROM `index_classify` WHERE ( `classify_pid` = 8 ) LIMIT 1   [ RunTime:0.000000s ]
NOTIC: [8] Undefined variable: count D:\WWW\wz170315\Admin\Runtime\Cache\4d4fe3c6f9c7c71555f2258b289947f4.php 第 47 行.
SQL: SELECT * FROM `index_classify` WHERE ( `classify_pid` = 7 ) LIMIT 1   [ RunTime:0.000000s ]
NOTIC: [8] Undefined variable: count D:\WWW\wz170315\Admin\Runtime\Cache\4d4fe3c6f9c7c71555f2258b289947f4.php 第 47 行.
SQL: SELECT * FROM `index_classify` WHERE ( `classify_pid` = 6 ) LIMIT 1   [ RunTime:0.000000s ]
NOTIC: [8] Undefined variable: count D:\WWW\wz170315\Admin\Runtime\Cache\4d4fe3c6f9c7c71555f2258b289947f4.php 第 47 行.
SQL: SELECT * FROM `index_classify` WHERE ( `classify_pid` = 3 ) LIMIT 1   [ RunTime:0.000000s ]
NOTIC: [8] Undefined variable: count D:\WWW\wz170315\Admin\Runtime\Cache\4d4fe3c6f9c7c71555f2258b289947f4.php 第 47 行.
SQL: SELECT * FROM `index_classify` WHERE ( `classify_pid` = 16 ) LIMIT 1   [ RunTime:0.000000s ]
NOTIC: [8] Undefined variable: count D:\WWW\wz170315\Admin\Runtime\Cache\4d4fe3c6f9c7c71555f2258b289947f4.php 第 47 行.
SQL: SELECT * FROM `index_classify` WHERE ( `classify_pid` = 21 ) LIMIT 1   [ RunTime:0.000000s ]
NOTIC: [8] Undefined variable: count D:\WWW\wz170315\Admin\Runtime\Cache\4d4fe3c6f9c7c71555f2258b289947f4.php 第 47 行.
SQL: SELECT * FROM `index_classify` WHERE ( `classify_pid` = 15 ) LIMIT 1   [ RunTime:0.000000s ]
NOTIC: [8] Undefined variable: count D:\WWW\wz170315\Admin\Runtime\Cache\4d4fe3c6f9c7c71555f2258b289947f4.php 第 47 行.
SQL: SELECT * FROM `index_classify` WHERE ( `classify_pid` = 20 ) LIMIT 1   [ RunTime:0.000000s ]
NOTIC: [8] Undefined variable: count D:\WWW\wz170315\Admin\Runtime\Cache\4d4fe3c6f9c7c71555f2258b289947f4.php 第 47 行.
SQL: SELECT * FROM `index_classify` WHERE ( `classify_pid` = 4 ) LIMIT 1   [ RunTime:0.000000s ]
SQL: SELECT * FROM `index_classify` WHERE ( `classify_pid` = 10 ) LIMIT 1   [ RunTime:0.000000s ]
NOTIC: [8] Undefined variable: count D:\WWW\wz170315\Admin\Runtime\Cache\4d4fe3c6f9c7c71555f2258b289947f4.php 第 47 行.
SQL: SELECT * FROM `index_classify` WHERE ( `classify_pid` = 22 ) LIMIT 1   [ RunTime:0.000000s ]
NOTIC: [8] Undefined variable: count D:\WWW\wz170315\Admin\Runtime\Cache\4d4fe3c6f9c7c71555f2258b289947f4.php 第 47 行.
SQL: SELECT * FROM `index_classify` WHERE ( `classify_pid` = 5 ) LIMIT 1   [ RunTime:0.000000s ]
NOTIC: [8] Undefined variable: count D:\WWW\wz170315\Admin\Runtime\Cache\4d4fe3c6f9c7c71555f2258b289947f4.php 第 47 行.
SQL: SELECT * FROM `index_classify` WHERE ( `classify_pid` = 23 ) LIMIT 1   [ RunTime:0.000000s ]
NOTIC: [8] Undefined variable: count D:\WWW\wz170315\Admin\Runtime\Cache\4d4fe3c6f9c7c71555f2258b289947f4.php 第 47 行.
INFO: ParseTemplate Behavior ::run [ RunTime:0.062500s ]
INFO: [ view_parse ] --END-- [ RunTime:0.062500s ]
INFO: [ view_filter ] --START--
INFO: ContentReplace Behavior ::run [ RunTime:0.000000s ]
INFO: TokenBuild Behavior ::run [ RunTime:0.015625s ]
INFO: WriteHtmlCache Behavior ::run [ RunTime:0.000000s ]
INFO: ShowRuntime Behavior ::run [ RunTime:0.000000s ]
INFO: [ view_filter ] --END-- [ RunTime:0.015625s ]
INFO: [ view_end ] --START--
INFO: ShowPageTrace Behavior ::run [ RunTime:0.000000s ]
INFO: [ view_end ] --END-- [ RunTime:0.000000s ]

[ 2017-05-02T13:54:22+08:00 ] 183.13.189.243 /wz170315/admin.php?m=content&a=batch_upload&admin_classify_id=4
INFO: [ app_begin ] --START--
INFO: ReadHtmlCache Behavior ::run [ RunTime:0.000000s ]
INFO: [ app_begin ] --END-- [ RunTime:0.000000s ]
NOTIC: [8] Constant THEME_NAME already defined D:\WWW\wz170315\ThinkPHP\Lib\Core\View.class.php 第 223 行.
NOTIC: [8] Constant THEME_PATH already defined D:\WWW\wz170315\ThinkPHP\Lib\Core\View.class.php 第 174 行.
NOTIC: [8] Constant APP_TMPL_PATH already defined D:\WWW\wz170315\ThinkPHP\Lib\Core\View.class.php 第 175 行.
INFO: [ view_parse ] --START--
SQL: SHOW COLUMNS FROM `index_function_switch` [ RunTime:0.000000s ]
SQL: SELECT * FROM `index_function_switch` WHERE ( `function_switch_id` = 1 ) LIMIT 1   [ RunTime:0.000000s ]
SQL: SHOW COLUMNS FROM `index_user_page` [ RunTime:0.000000s ]
SQL: SELECT * FROM `index_user_page` WHERE ( `user_id` = 1 )  [ RunTime:0.000000s ]
NOTIC: [2] Invalid argument supplied for foreach() D:\WWW\wz170315\Admin\Tpl\public\head.php 第 17 行.
SQL: SHOW COLUMNS FROM `index_site` [ RunTime:0.000000s ]
SQL: SELECT * FROM `index_site` LIMIT 1   [ RunTime:0.000000s ]
SQL: SELECT * FROM `index_site`  [ RunTime:0.000000s ]
SQL: SHOW COLUMNS FROM `index_admin_classify` [ RunTime:0.000000s ]
SQL: SELECT * FROM `index_admin_classify` WHERE ( `level_id` = 2 ) ORDER BY date asc  [ RunTime:0.000000s ]
SQL: SHOW COLUMNS FROM `index_user_classify` [ RunTime:0.000000s ]
SQL: SELECT * FROM `index_user_classify` WHERE ( `user_id` = 1 ) AND ( `classify_id` = 2 ) LIMIT 1   [ RunTime:0.000000s ]
SQL: SELECT * FROM `index_user_classify` WHERE ( `user_id` = 1 ) AND ( `classify_id` = 3 ) LIMIT 1   [ RunTime:0.000000s ]
SQL: SELECT * FROM `index_user_classify` WHERE ( `user_id` = 1 ) AND ( `classify_id` = 16 ) LIMIT 1   [ RunTime:0.000000s ]
SQL: SELECT * FROM `index_user_classify` WHERE ( `user_id` = 1 ) AND ( `classify_id` = 15 ) LIMIT 1   [ RunTime:0.000000s ]
SQL: SELECT * FROM `index_user_classify` WHERE ( `user_id` = 1 ) AND ( `classify_id` = 20 ) LIMIT 1   [ RunTime:0.000000s ]
SQL: SELECT * FROM `index_user_classify` WHERE ( `user_id` = 1 ) AND ( `classify_id` = 4 ) LIMIT 1   [ RunTime:0.000000s ]
SQL: SELECT * FROM `index_user_classify` WHERE ( `user_id` = 1 ) AND ( `classify_id` = 5 ) LIMIT 1   [ RunTime:0.000000s ]
SQL: SELECT * FROM `index_user_classify` WHERE ( `user_id` = 1 ) AND ( `classify_id` = 23 ) LIMIT 1   [ RunTime:0.000000s ]
SQL: SELECT * FROM `index_admin_classify` WHERE ( `classify_pid` = 4 ) ORDER BY date asc  [ RunTime:0.000000s ]
SQL: SELECT * FROM `index_user_classify` WHERE ( `user_id` = 1 ) AND ( `classify_id` = 10 ) LIMIT 1   [ RunTime:0.000000s ]
SQL: SELECT * FROM `index_user_classify` WHERE ( `user_id` = 1 ) AND ( `classify_id` = 22 ) LIMIT 1   [ RunTime:0.000000s ]
SQL: SHOW COLUMNS FROM `index_classify` [ RunTime:0.000000s ]
SQL: SELECT * FROM `index_classify` WHERE ( `level_id` = 2 ) ORDER BY date asc  [ RunTime:0.000000s ]
SQL: SELECT * FROM `index_classify` WHERE ( `classify_pid` = 2 )  [ RunTime:0.000000s ]
SQL: SELECT * FROM `index_classify` WHERE ( `classify_pid` = 4 )  [ RunTime:0.000000s ]
SQL: SELECT * FROM `index_classify` WHERE ( `type_id` = 3 )  [ RunTime:0.000000s ]
NOTIC: [2] Invalid argument supplied for foreach() D:\WWW\wz170315\Admin\Runtime\Cache\a0c167b1c2567fb27a94d13a6b868a1b.php 第 70 行.
INFO: ParseTemplate Behavior ::run [ RunTime:0.062500s ]
INFO: [ view_parse ] --END-- [ RunTime:0.062500s ]
INFO: [ view_filter ] --START--
INFO: ContentReplace Behavior ::run [ RunTime:0.000000s ]
INFO: TokenBuild Behavior ::run [ RunTime:0.000000s ]
INFO: WriteHtmlCache Behavior ::run [ RunTime:0.000000s ]
INFO: ShowRuntime Behavior ::run [ RunTime:0.000000s ]
INFO: [ view_filter ] --END-- [ RunTime:0.000000s ]
INFO: [ view_end ] --START--
INFO: ShowPageTrace Behavior ::run [ RunTime:0.000000s ]
INFO: [ view_end ] --END-- [ RunTime:0.000000s ]

[ 2017-05-02T13:54:31+08:00 ] 101.226.33.238 /wz170315/admin.php?m=admin_classify&a=index&admin_classify_id=4
INFO: [ app_begin ] --START--
INFO: ReadHtmlCache Behavior ::run [ RunTime:0.000000s ]
INFO: [ app_begin ] --END-- [ RunTime:0.000000s ]
INFO: [ view_parse ] --START--
NOTIC: [8] Undefined variable: onlymsg D:\WWW\wz170315\ThinkPHP\Common\common.php 第 847 行.
NOTIC: [8] Undefined variable: onlymsg D:\WWW\wz170315\ThinkPHP\Common\common.php 第 879 行.

[ 2017-05-02T13:54:32+08:00 ] 180.153.206.16 /wz170315/admin.php?m=content&a=batch_upload&admin_classify_id=4
INFO: [ app_begin ] --START--
INFO: ReadHtmlCache Behavior ::run [ RunTime:0.000000s ]
INFO: [ app_begin ] --END-- [ RunTime:0.000000s ]
NOTIC: [8] Constant THEME_NAME already defined D:\WWW\wz170315\ThinkPHP\Lib\Core\View.class.php 第 223 行.
NOTIC: [8] Constant THEME_PATH already defined D:\WWW\wz170315\ThinkPHP\Lib\Core\View.class.php 第 174 行.
NOTIC: [8] Constant APP_TMPL_PATH already defined D:\WWW\wz170315\ThinkPHP\Lib\Core\View.class.php 第 175 行.
INFO: [ view_parse ] --START--
NOTIC: [8] Undefined variable: onlymsg D:\WWW\wz170315\ThinkPHP\Common\common.php 第 847 行.
NOTIC: [8] Undefined variable: onlymsg D:\WWW\wz170315\ThinkPHP\Common\common.php 第 879 行.

