[ 2017-03-21T00:03:10+08:00 ] 140.205.201.33 /wz170315/index.php?m=goods&a=index&classify_id=%27%22%20onmouseover%3Dalert%28%29%20d%3D%27%22
INFO: [ app_begin ] --START--
INFO: ReadHtmlCache Behavior ::run [ RunTime:0.000000s ]
INFO: [ app_begin ] --END-- [ RunTime:0.000000s ]
INFO: [ view_parse ] --START--
SQL: SHOW COLUMNS FROM `index_site` [ RunTime:0.000000s ]
SQL: SELECT * FROM `index_site` WHERE ( `version_id` = 1 ) LIMIT 1   [ RunTime:0.000000s ]
SQL: SHOW COLUMNS FROM `index_classify_type` [ RunTime:0.000000s ]
SQL: SELECT `type_id` FROM `index_classify_type` WHERE ( `table_name` = 'goods' ) LIMIT 1   [ RunTime:0.000000s ]
SQL: SHOW COLUMNS FROM `index_classify` [ RunTime:0.000000s ]
SQL: SELECT `level_id`,`classify_id`,`classify_pid` FROM `index_classify` WHERE ( `classify_id` = 0 ) LIMIT 1   [ RunTime:0.000000s ]
SQL: SHOW COLUMNS FROM `index_cart` [ RunTime:0.000000s ]
SQL: SELECT COUNT(*) AS tp_count FROM `index_cart` WHERE ( `member_id` = null ) LIMIT 1   [ RunTime:0.000000s ]
SQL: SHOW COLUMNS FROM `index_account` [ RunTime:0.000000s ]
SQL: SELECT `balance` FROM `index_account` WHERE ( `member_id` = null ) ORDER BY account_id desc LIMIT 1   [ RunTime:0.000000s ]
SQL: SELECT * FROM `index_classify` WHERE ( `classify_id` = 3 ) LIMIT 1   [ RunTime:0.000000s ]
SQL: SELECT * FROM `index_classify` WHERE ( `classify_id` = 0 ) LIMIT 1   [ RunTime:0.000000s ]
SQL: SELECT * FROM index_goods n,index_relevance r WHERE ( r.classify_id ='" onmouseover=alert() d='" and r.content_id=n.goods_id ) ORDER BY date desc LIMIT 0,12   [ RunTime:0.000000s ]
ERR: 1064:You have an error in your SQL syntax; check the manual that corresponds to your MySQL server version for the right syntax to use near '" and r.content_id=n.goods_id ) ORDER BY date desc LIMIT 0,12' at line 1
 [ SQL语句 ] : SELECT * FROM index_goods n,index_relevance r WHERE ( r.classify_id ='" onmouseover=alert() d='" and r.content_id=n.goods_id ) ORDER BY date desc LIMIT 0,12  
NOTIC: [2] Invalid argument supplied for foreach() D:\WWW\wz170315\Index\Runtime\Cache\64ce53e56c6766e0ec0d0cbfe175b0a0.php 第 11 行.
NOTIC: [8] Object of class Model could not be converted to int D:\WWW\wz170315\Index\Tpl\public\page.php 第 6 行.
INFO: ParseTemplate Behavior ::run [ RunTime:0.031250s ]
INFO: [ view_parse ] --END-- [ RunTime:0.031250s ]
INFO: [ view_filter ] --START--
INFO: ContentReplace Behavior ::run [ RunTime:0.000000s ]
INFO: TokenBuild Behavior ::run [ RunTime:0.000000s ]
INFO: WriteHtmlCache Behavior ::run [ RunTime:0.000000s ]
INFO: ShowRuntime Behavior ::run [ RunTime:0.000000s ]
INFO: [ view_filter ] --END-- [ RunTime:0.000000s ]
INFO: [ view_end ] --START--
INFO: ShowPageTrace Behavior ::run [ RunTime:0.000000s ]
INFO: [ view_end ] --END-- [ RunTime:0.000000s ]

[ 2017-03-21T00:09:08+08:00 ] 140.205.201.33 /wz170315/index.php?m=%2527%2522%2520onmouseover%253Dalert%2528%2529%2520d%253D%2527%2522&a=index&classify_id=294
INFO: [ app_begin ] --START--
INFO: ReadHtmlCache Behavior ::run [ RunTime:0.000000s ]
INFO: [ app_begin ] --END-- [ RunTime:0.000000s ]
NOTIC: [8] Undefined variable: group D:\WWW\wz170315\ThinkPHP\Lib\Core\App.class.php 第 102 行.
ERR: 无法加载模块:%27%22%20onmouseover%3Dalert%28%29%20d%3D%27%22

[ 2017-03-21T00:20:44+08:00 ] 140.205.201.33 /wz170315/index.php?m=goods&a=%2527%2522%2520onmouseover%253Dalert%2528%2529%2520d%253D%2527%2522&classify_id=294
INFO: [ app_begin ] --START--
INFO: ReadHtmlCache Behavior ::run [ RunTime:0.000000s ]
INFO: [ app_begin ] --END-- [ RunTime:0.000000s ]
ERR: 非法操作:%27%22%20onmouseover%3Dalert%28%29%20d%3D%27%22

[ 2017-03-21T00:31:21+08:00 ] 140.205.201.33 /wz170315/index.php?m=goods&a=index&classify_id=%2527%2522%2520onmouseover%253Dalert%2528%2529%2520d%253D%2527%2522
INFO: [ app_begin ] --START--
INFO: ReadHtmlCache Behavior ::run [ RunTime:0.000000s ]
INFO: [ app_begin ] --END-- [ RunTime:0.000000s ]
INFO: [ view_parse ] --START--
SQL: SHOW COLUMNS FROM `index_site` [ RunTime:0.000000s ]
SQL: SELECT * FROM `index_site` WHERE ( `version_id` = 1 ) LIMIT 1   [ RunTime:0.000000s ]
SQL: SHOW COLUMNS FROM `index_classify_type` [ RunTime:0.015625s ]
SQL: SELECT `type_id` FROM `index_classify_type` WHERE ( `table_name` = 'goods' ) LIMIT 1   [ RunTime:0.000000s ]
SQL: SHOW COLUMNS FROM `index_classify` [ RunTime:0.000000s ]
SQL: SELECT `level_id`,`classify_id`,`classify_pid` FROM `index_classify` WHERE ( `classify_id` = 0 ) LIMIT 1   [ RunTime:0.000000s ]
SQL: SHOW COLUMNS FROM `index_cart` [ RunTime:0.000000s ]
SQL: SELECT COUNT(*) AS tp_count FROM `index_cart` WHERE ( `member_id` = null ) LIMIT 1   [ RunTime:0.000000s ]
SQL: SHOW COLUMNS FROM `index_account` [ RunTime:0.000000s ]
SQL: SELECT `balance` FROM `index_account` WHERE ( `member_id` = null ) ORDER BY account_id desc LIMIT 1   [ RunTime:0.000000s ]
SQL: SELECT * FROM `index_classify` WHERE ( `classify_id` = 3 ) LIMIT 1   [ RunTime:0.000000s ]
SQL: SELECT * FROM `index_classify` WHERE ( `classify_id` = 0 ) LIMIT 1   [ RunTime:0.000000s ]
SQL: SELECT * FROM index_goods n,index_relevance r WHERE ( r.classify_id =%27%22%20onmouseover%3Dalert%28%29%20d%3D%27%22 and r.content_id=n.goods_id ) ORDER BY date desc LIMIT 0,12   [ RunTime:0.000000s ]
ERR: 1064:You have an error in your SQL syntax; check the manual that corresponds to your MySQL server version for the right syntax to use near '%27%22%20onmouseover%3Dalert%28%29%20d%3D%27%22 and r.content_id=n.goods_id ) OR' at line 1
 [ SQL语句 ] : SELECT * FROM index_goods n,index_relevance r WHERE ( r.classify_id =%27%22%20onmouseover%3Dalert%28%29%20d%3D%27%22 and r.content_id=n.goods_id ) ORDER BY date desc LIMIT 0,12  
NOTIC: [2] Invalid argument supplied for foreach() D:\WWW\wz170315\Index\Runtime\Cache\64ce53e56c6766e0ec0d0cbfe175b0a0.php 第 11 行.
NOTIC: [8] Object of class Model could not be converted to int D:\WWW\wz170315\Index\Tpl\public\page.php 第 6 行.
INFO: ParseTemplate Behavior ::run [ RunTime:0.031250s ]
INFO: [ view_parse ] --END-- [ RunTime:0.031250s ]
INFO: [ view_filter ] --START--
INFO: ContentReplace Behavior ::run [ RunTime:0.000000s ]
INFO: TokenBuild Behavior ::run [ RunTime:0.000000s ]
INFO: WriteHtmlCache Behavior ::run [ RunTime:0.000000s ]
INFO: ShowRuntime Behavior ::run [ RunTime:0.000000s ]
INFO: [ view_filter ] --END-- [ RunTime:0.000000s ]
INFO: [ view_end ] --START--
INFO: ShowPageTrace Behavior ::run [ RunTime:0.000000s ]
INFO: [ view_end ] --END-- [ RunTime:0.000000s ]

[ 2017-03-21T00:33:03+08:00 ] 140.205.201.33 /wz170315/index.php?m=goodsi3943974i&a=index&classify_id=294
INFO: [ app_begin ] --START--
INFO: ReadHtmlCache Behavior ::run [ RunTime:0.000000s ]
INFO: [ app_begin ] --END-- [ RunTime:0.000000s ]
ERR: 无法加载模块:goodsi3943974i

[ 2017-03-21T00:34:56+08:00 ] 140.205.201.33 /wz170315/index.php?m=goods&a=indexi3943974i&classify_id=294
INFO: [ app_begin ] --START--
INFO: ReadHtmlCache Behavior ::run [ RunTime:0.000000s ]
INFO: [ app_begin ] --END-- [ RunTime:0.000000s ]
ERR: 非法操作:indexi3943974i

[ 2017-03-21T00:36:52+08:00 ] 140.205.201.33 /wz170315/index.php?m=goods&a=index&classify_id=294i3943974i
INFO: [ app_begin ] --START--
INFO: ReadHtmlCache Behavior ::run [ RunTime:0.000000s ]
INFO: [ app_begin ] --END-- [ RunTime:0.000000s ]
INFO: [ view_parse ] --START--
SQL: SHOW COLUMNS FROM `index_site` [ RunTime:0.000000s ]
SQL: SELECT * FROM `index_site` WHERE ( `version_id` = 1 ) LIMIT 1   [ RunTime:0.000000s ]
SQL: SHOW COLUMNS FROM `index_classify_type` [ RunTime:0.000000s ]
SQL: SELECT `type_id` FROM `index_classify_type` WHERE ( `table_name` = 'goods' ) LIMIT 1   [ RunTime:0.000000s ]
SQL: SHOW COLUMNS FROM `index_classify` [ RunTime:0.000000s ]
SQL: SELECT `level_id`,`classify_id`,`classify_pid` FROM `index_classify` WHERE ( `classify_id` = 294 ) LIMIT 1   [ RunTime:0.000000s ]
SQL: SHOW COLUMNS FROM `index_cart` [ RunTime:0.000000s ]
SQL: SELECT COUNT(*) AS tp_count FROM `index_cart` WHERE ( `member_id` = null ) LIMIT 1   [ RunTime:0.000000s ]
SQL: SHOW COLUMNS FROM `index_account` [ RunTime:0.000000s ]
SQL: SELECT `balance` FROM `index_account` WHERE ( `member_id` = null ) ORDER BY account_id desc LIMIT 1   [ RunTime:0.000000s ]
SQL: SELECT * FROM `index_classify` WHERE ( `classify_id` = 3 ) LIMIT 1   [ RunTime:0.000000s ]
SQL: SELECT * FROM `index_classify` WHERE ( `classify_id` = 294 ) LIMIT 1   [ RunTime:0.000000s ]
SQL: SELECT * FROM index_goods n,index_relevance r WHERE ( r.classify_id =294i3943974i and r.content_id=n.goods_id ) ORDER BY date desc LIMIT 0,12   [ RunTime:0.000000s ]
ERR: 1054:Unknown column '294i3943974i' in 'where clause'
 [ SQL语句 ] : SELECT * FROM index_goods n,index_relevance r WHERE ( r.classify_id =294i3943974i and r.content_id=n.goods_id ) ORDER BY date desc LIMIT 0,12  
NOTIC: [2] Invalid argument supplied for foreach() D:\WWW\wz170315\Index\Runtime\Cache\64ce53e56c6766e0ec0d0cbfe175b0a0.php 第 11 行.
NOTIC: [8] Object of class Model could not be converted to int D:\WWW\wz170315\Index\Tpl\public\page.php 第 6 行.
INFO: ParseTemplate Behavior ::run [ RunTime:0.031250s ]
INFO: [ view_parse ] --END-- [ RunTime:0.031250s ]
INFO: [ view_filter ] --START--
INFO: ContentReplace Behavior ::run [ RunTime:0.000000s ]
INFO: TokenBuild Behavior ::run [ RunTime:0.000000s ]
INFO: WriteHtmlCache Behavior ::run [ RunTime:0.000000s ]
INFO: ShowRuntime Behavior ::run [ RunTime:0.000000s ]
INFO: [ view_filter ] --END-- [ RunTime:0.000000s ]
INFO: [ view_end ] --START--
INFO: ShowPageTrace Behavior ::run [ RunTime:0.000000s ]
INFO: [ view_end ] --END-- [ RunTime:0.000000s ]

[ 2017-03-21T00:39:34+08:00 ] 140.205.201.33 /wz170315/index.php?m='%22/%3E%3C/body%3E%3Cbody+onload=prompt()%3E&a=index&classify_id=294
INFO: [ app_begin ] --START--
INFO: ReadHtmlCache Behavior ::run [ RunTime:0.000000s ]
INFO: [ app_begin ] --END-- [ RunTime:0.000000s ]
NOTIC: [8] Undefined variable: group D:\WWW\wz170315\ThinkPHP\Lib\Core\App.class.php 第 102 行.
ERR: 无法加载模块:'"/>

[ 2017-03-21T00:40:22+08:00 ] 140.205.201.33 /wz170315/index.php?m=goods&a='%22/%3E%3C/body%3E%3Cbody+onload=prompt()%3E&classify_id=294
INFO: [ app_begin ] --START--
INFO: ReadHtmlCache Behavior ::run [ RunTime:0.000000s ]
INFO: [ app_begin ] --END-- [ RunTime:0.000000s ]
ERR: 非法操作:'"/>

[ 2017-03-21T00:41:04+08:00 ] 140.205.201.33 /wz170315/index.php?m=goods&a=index&classify_id='%22/%3E%3C/body%3E%3Cbody+onload=prompt()%3E
INFO: [ app_begin ] --START--
INFO: ReadHtmlCache Behavior ::run [ RunTime:0.000000s ]
INFO: [ app_begin ] --END-- [ RunTime:0.000000s ]
INFO: [ view_parse ] --START--
SQL: SHOW COLUMNS FROM `index_site` [ RunTime:0.015625s ]
SQL: SELECT * FROM `index_site` WHERE ( `version_id` = 1 ) LIMIT 1   [ RunTime:0.000000s ]
SQL: SHOW COLUMNS FROM `index_classify_type` [ RunTime:0.000000s ]
SQL: SELECT `type_id` FROM `index_classify_type` WHERE ( `table_name` = 'goods' ) LIMIT 1   [ RunTime:0.000000s ]
SQL: SHOW COLUMNS FROM `index_classify` [ RunTime:0.000000s ]
SQL: SELECT `level_id`,`classify_id`,`classify_pid` FROM `index_classify` WHERE ( `classify_id` = 0 ) LIMIT 1   [ RunTime:0.000000s ]
SQL: SHOW COLUMNS FROM `index_cart` [ RunTime:0.000000s ]
SQL: SELECT COUNT(*) AS tp_count FROM `index_cart` WHERE ( `member_id` = null ) LIMIT 1   [ RunTime:0.000000s ]
SQL: SHOW COLUMNS FROM `index_account` [ RunTime:0.000000s ]
SQL: SELECT `balance` FROM `index_account` WHERE ( `member_id` = null ) ORDER BY account_id desc LIMIT 1   [ RunTime:0.000000s ]
SQL: SELECT * FROM `index_classify` WHERE ( `classify_id` = 3 ) LIMIT 1   [ RunTime:0.000000s ]
SQL: SELECT * FROM `index_classify` WHERE ( `classify_id` = 0 ) LIMIT 1   [ RunTime:0.000000s ]
SQL: SELECT * FROM index_goods n,index_relevance r WHERE ( r.classify_id ='"/></body><body onload=prompt()> and r.content_id=n.goods_id ) ORDER BY date desc LIMIT 0,12   [ RunTime:0.000000s ]
ERR: 1064:You have an error in your SQL syntax; check the manual that corresponds to your MySQL server version for the right syntax to use near ''"/></body><body onload=prompt()> and r.content_id=n.goods_id ) ORDER BY date de' at line 1
 [ SQL语句 ] : SELECT * FROM index_goods n,index_relevance r WHERE ( r.classify_id ='"/></body><body onload=prompt()> and r.content_id=n.goods_id ) ORDER BY date desc LIMIT 0,12  
NOTIC: [2] Invalid argument supplied for foreach() D:\WWW\wz170315\Index\Runtime\Cache\64ce53e56c6766e0ec0d0cbfe175b0a0.php 第 11 行.
NOTIC: [8] Object of class Model could not be converted to int D:\WWW\wz170315\Index\Tpl\public\page.php 第 6 行.
INFO: ParseTemplate Behavior ::run [ RunTime:0.031250s ]
INFO: [ view_parse ] --END-- [ RunTime:0.031250s ]
INFO: [ view_filter ] --START--
INFO: ContentReplace Behavior ::run [ RunTime:0.000000s ]
INFO: TokenBuild Behavior ::run [ RunTime:0.000000s ]
INFO: WriteHtmlCache Behavior ::run [ RunTime:0.000000s ]
INFO: ShowRuntime Behavior ::run [ RunTime:0.000000s ]
INFO: [ view_filter ] --END-- [ RunTime:0.000000s ]
INFO: [ view_end ] --START--
INFO: ShowPageTrace Behavior ::run [ RunTime:0.000000s ]
INFO: [ view_end ] --END-- [ RunTime:0.000000s ]

[ 2017-03-21T00:41:38+08:00 ] 140.205.201.33 /wz170315/index.php?m=%27%22%2f%3E%3C%2fbody%3E%3Cbody%20onload%3dprompt%28%29%3e&a=index&classify_id=294
INFO: [ app_begin ] --START--
INFO: ReadHtmlCache Behavior ::run [ RunTime:0.000000s ]
INFO: [ app_begin ] --END-- [ RunTime:0.000000s ]
NOTIC: [8] Undefined variable: group D:\WWW\wz170315\ThinkPHP\Lib\Core\App.class.php 第 102 行.
ERR: 无法加载模块:'"/>

[ 2017-03-21T00:50:06+08:00 ] 140.205.201.33 /wz170315/index.php?m=goods&a=%27%22%2f%3E%3C%2fbody%3E%3Cbody%20onload%3dprompt%28%29%3e&classify_id=294
INFO: [ app_begin ] --START--
INFO: ReadHtmlCache Behavior ::run [ RunTime:0.000000s ]
INFO: [ app_begin ] --END-- [ RunTime:0.000000s ]
ERR: 非法操作:'"/>

[ 2017-03-21T00:51:06+08:00 ] 140.205.201.33 /wz170315/index.php?m=goods&a=index&classify_id=%27%22%2f%3E%3C%2fbody%3E%3Cbody%20onload%3dprompt%28%29%3e
INFO: [ app_begin ] --START--
INFO: ReadHtmlCache Behavior ::run [ RunTime:0.000000s ]
INFO: [ app_begin ] --END-- [ RunTime:0.000000s ]
INFO: [ view_parse ] --START--
SQL: SHOW COLUMNS FROM `index_site` [ RunTime:0.000000s ]
SQL: SELECT * FROM `index_site` WHERE ( `version_id` = 1 ) LIMIT 1   [ RunTime:0.000000s ]
SQL: SHOW COLUMNS FROM `index_classify_type` [ RunTime:0.015625s ]
SQL: SELECT `type_id` FROM `index_classify_type` WHERE ( `table_name` = 'goods' ) LIMIT 1   [ RunTime:0.000000s ]
SQL: SHOW COLUMNS FROM `index_classify` [ RunTime:0.000000s ]
SQL: SELECT `level_id`,`classify_id`,`classify_pid` FROM `index_classify` WHERE ( `classify_id` = 0 ) LIMIT 1   [ RunTime:0.000000s ]
SQL: SHOW COLUMNS FROM `index_cart` [ RunTime:0.000000s ]
SQL: SELECT COUNT(*) AS tp_count FROM `index_cart` WHERE ( `member_id` = null ) LIMIT 1   [ RunTime:0.000000s ]
SQL: SHOW COLUMNS FROM `index_account` [ RunTime:0.000000s ]
SQL: SELECT `balance` FROM `index_account` WHERE ( `member_id` = null ) ORDER BY account_id desc LIMIT 1   [ RunTime:0.000000s ]
SQL: SELECT * FROM `index_classify` WHERE ( `classify_id` = 3 ) LIMIT 1   [ RunTime:0.000000s ]
SQL: SELECT * FROM `index_classify` WHERE ( `classify_id` = 0 ) LIMIT 1   [ RunTime:0.000000s ]
SQL: SELECT * FROM index_goods n,index_relevance r WHERE ( r.classify_id ='"/></body><body onload=prompt()> and r.content_id=n.goods_id ) ORDER BY date desc LIMIT 0,12   [ RunTime:0.000000s ]
ERR: 1064:You have an error in your SQL syntax; check the manual that corresponds to your MySQL server version for the right syntax to use near ''"/></body><body onload=prompt()> and r.content_id=n.goods_id ) ORDER BY date de' at line 1
 [ SQL语句 ] : SELECT * FROM index_goods n,index_relevance r WHERE ( r.classify_id ='"/></body><body onload=prompt()> and r.content_id=n.goods_id ) ORDER BY date desc LIMIT 0,12  
NOTIC: [2] Invalid argument supplied for foreach() D:\WWW\wz170315\Index\Runtime\Cache\64ce53e56c6766e0ec0d0cbfe175b0a0.php 第 11 行.
NOTIC: [8] Object of class Model could not be converted to int D:\WWW\wz170315\Index\Tpl\public\page.php 第 6 行.
INFO: ParseTemplate Behavior ::run [ RunTime:0.046875s ]
INFO: [ view_parse ] --END-- [ RunTime:0.046875s ]
INFO: [ view_filter ] --START--
INFO: ContentReplace Behavior ::run [ RunTime:0.000000s ]
INFO: TokenBuild Behavior ::run [ RunTime:0.000000s ]
INFO: WriteHtmlCache Behavior ::run [ RunTime:0.000000s ]
INFO: ShowRuntime Behavior ::run [ RunTime:0.000000s ]
INFO: [ view_filter ] --END-- [ RunTime:0.000000s ]
INFO: [ view_end ] --START--
INFO: ShowPageTrace Behavior ::run [ RunTime:0.000000s ]
INFO: [ view_end ] --END-- [ RunTime:0.000000s ]

[ 2017-03-21T00:52:12+08:00 ] 140.205.201.33 /wz170315/index.php?m=%2527%2522%252f%253E%253C%252fbody%253E%253Cbody%2520onload%253dprompt%2528%2529%253e&a=index&classify_id=294
INFO: [ app_begin ] --START--
INFO: ReadHtmlCache Behavior ::run [ RunTime:0.000000s ]
INFO: [ app_begin ] --END-- [ RunTime:0.000000s ]
NOTIC: [8] Undefined variable: group D:\WWW\wz170315\ThinkPHP\Lib\Core\App.class.php 第 102 行.
ERR: 无法加载模块:%27%22%2f%3E%3C%2fbody%3E%3Cbody%20onload%3dprompt%28%29%3e

[ 2017-03-21T00:52:48+08:00 ] 140.205.201.33 /wz170315/index.php?m=goods&a=%2527%2522%252f%253E%253C%252fbody%253E%253Cbody%2520onload%253dprompt%2528%2529%253e&classify_id=294
INFO: [ app_begin ] --START--
INFO: ReadHtmlCache Behavior ::run [ RunTime:0.000000s ]
INFO: [ app_begin ] --END-- [ RunTime:0.000000s ]
ERR: 非法操作:%27%22%2f%3E%3C%2fbody%3E%3Cbody%20onload%3dprompt%28%29%3e

[ 2017-03-21T00:54:39+08:00 ] 140.205.201.33 /wz170315/index.php?m=goods&a=index&classify_id=%2527%2522%252f%253E%253C%252fbody%253E%253Cbody%2520onload%253dprompt%2528%2529%253e
INFO: [ app_begin ] --START--
INFO: ReadHtmlCache Behavior ::run [ RunTime:0.000000s ]
INFO: [ app_begin ] --END-- [ RunTime:0.000000s ]
INFO: [ view_parse ] --START--
SQL: SHOW COLUMNS FROM `index_site` [ RunTime:0.000000s ]
SQL: SELECT * FROM `index_site` WHERE ( `version_id` = 1 ) LIMIT 1   [ RunTime:0.000000s ]
SQL: SHOW COLUMNS FROM `index_classify_type` [ RunTime:0.000000s ]
SQL: SELECT `type_id` FROM `index_classify_type` WHERE ( `table_name` = 'goods' ) LIMIT 1   [ RunTime:0.000000s ]
SQL: SHOW COLUMNS FROM `index_classify` [ RunTime:0.000000s ]
SQL: SELECT `level_id`,`classify_id`,`classify_pid` FROM `index_classify` WHERE ( `classify_id` = 0 ) LIMIT 1   [ RunTime:0.000000s ]
SQL: SHOW COLUMNS FROM `index_cart` [ RunTime:0.000000s ]
SQL: SELECT COUNT(*) AS tp_count FROM `index_cart` WHERE ( `member_id` = null ) LIMIT 1   [ RunTime:0.000000s ]
SQL: SHOW COLUMNS FROM `index_account` [ RunTime:0.000000s ]
SQL: SELECT `balance` FROM `index_account` WHERE ( `member_id` = null ) ORDER BY account_id desc LIMIT 1   [ RunTime:0.000000s ]
SQL: SELECT * FROM `index_classify` WHERE ( `classify_id` = 3 ) LIMIT 1   [ RunTime:0.000000s ]
SQL: SELECT * FROM `index_classify` WHERE ( `classify_id` = 0 ) LIMIT 1   [ RunTime:0.000000s ]
SQL: SELECT * FROM index_goods n,index_relevance r WHERE ( r.classify_id =%27%22%2f%3E%3C%2fbody%3E%3Cbody%20onload%3dprompt%28%29%3e and r.content_id=n.goods_id ) ORDER BY date desc LIMIT 0,12   [ RunTime:0.000000s ]
ERR: 1064:You have an error in your SQL syntax; check the manual that corresponds to your MySQL server version for the right syntax to use near '%27%22%2f%3E%3C%2fbody%3E%3Cbody%20onload%3dprompt%28%29%3e and r.content_id=n.g' at line 1
 [ SQL语句 ] : SELECT * FROM index_goods n,index_relevance r WHERE ( r.classify_id =%27%22%2f%3E%3C%2fbody%3E%3Cbody%20onload%3dprompt%28%29%3e and r.content_id=n.goods_id ) ORDER BY date desc LIMIT 0,12  
NOTIC: [2] Invalid argument supplied for foreach() D:\WWW\wz170315\Index\Runtime\Cache\64ce53e56c6766e0ec0d0cbfe175b0a0.php 第 11 行.
NOTIC: [8] Object of class Model could not be converted to int D:\WWW\wz170315\Index\Tpl\public\page.php 第 6 行.
INFO: ParseTemplate Behavior ::run [ RunTime:0.031250s ]
INFO: [ view_parse ] --END-- [ RunTime:0.031250s ]
INFO: [ view_filter ] --START--
INFO: ContentReplace Behavior ::run [ RunTime:0.000000s ]
INFO: TokenBuild Behavior ::run [ RunTime:0.015625s ]
INFO: WriteHtmlCache Behavior ::run [ RunTime:0.000000s ]
INFO: ShowRuntime Behavior ::run [ RunTime:0.000000s ]
INFO: [ view_filter ] --END-- [ RunTime:0.015625s ]
INFO: [ view_end ] --START--
INFO: ShowPageTrace Behavior ::run [ RunTime:0.000000s ]
INFO: [ view_end ] --END-- [ RunTime:0.000000s ]

[ 2017-03-21T00:55:44+08:00 ] 140.205.201.33 /wz170315/index.php?m=goodsi3943974i&a=index&classify_id=294
INFO: [ app_begin ] --START--
INFO: ReadHtmlCache Behavior ::run [ RunTime:0.000000s ]
INFO: [ app_begin ] --END-- [ RunTime:0.000000s ]
ERR: 无法加载模块:goodsi3943974i

[ 2017-03-21T00:56:48+08:00 ] 140.205.201.33 /wz170315/index.php?m=goods&a=indexi3943974i&classify_id=294
INFO: [ app_begin ] --START--
INFO: ReadHtmlCache Behavior ::run [ RunTime:0.000000s ]
INFO: [ app_begin ] --END-- [ RunTime:0.000000s ]
ERR: 非法操作:indexi3943974i

[ 2017-03-21T00:58:17+08:00 ] 140.205.201.33 /wz170315/index.php?m=goods&a=index&classify_id=294i3943974i
INFO: [ app_begin ] --START--
INFO: ReadHtmlCache Behavior ::run [ RunTime:0.000000s ]
INFO: [ app_begin ] --END-- [ RunTime:0.000000s ]
INFO: [ view_parse ] --START--
SQL: SHOW COLUMNS FROM `index_site` [ RunTime:0.000000s ]
SQL: SELECT * FROM `index_site` WHERE ( `version_id` = 1 ) LIMIT 1   [ RunTime:0.000000s ]
SQL: SHOW COLUMNS FROM `index_classify_type` [ RunTime:0.000000s ]
SQL: SELECT `type_id` FROM `index_classify_type` WHERE ( `table_name` = 'goods' ) LIMIT 1   [ RunTime:0.000000s ]
SQL: SHOW COLUMNS FROM `index_classify` [ RunTime:0.000000s ]
SQL: SELECT `level_id`,`classify_id`,`classify_pid` FROM `index_classify` WHERE ( `classify_id` = 294 ) LIMIT 1   [ RunTime:0.000000s ]
SQL: SHOW COLUMNS FROM `index_cart` [ RunTime:0.000000s ]
SQL: SELECT COUNT(*) AS tp_count FROM `index_cart` WHERE ( `member_id` = null ) LIMIT 1   [ RunTime:0.000000s ]
SQL: SHOW COLUMNS FROM `index_account` [ RunTime:0.000000s ]
SQL: SELECT `balance` FROM `index_account` WHERE ( `member_id` = null ) ORDER BY account_id desc LIMIT 1   [ RunTime:0.000000s ]
SQL: SELECT * FROM `index_classify` WHERE ( `classify_id` = 3 ) LIMIT 1   [ RunTime:0.015625s ]
SQL: SELECT * FROM `index_classify` WHERE ( `classify_id` = 294 ) LIMIT 1   [ RunTime:0.000000s ]
SQL: SELECT * FROM index_goods n,index_relevance r WHERE ( r.classify_id =294i3943974i and r.content_id=n.goods_id ) ORDER BY date desc LIMIT 0,12   [ RunTime:0.000000s ]
ERR: 1054:Unknown column '294i3943974i' in 'where clause'
 [ SQL语句 ] : SELECT * FROM index_goods n,index_relevance r WHERE ( r.classify_id =294i3943974i and r.content_id=n.goods_id ) ORDER BY date desc LIMIT 0,12  
NOTIC: [2] Invalid argument supplied for foreach() D:\WWW\wz170315\Index\Runtime\Cache\64ce53e56c6766e0ec0d0cbfe175b0a0.php 第 11 行.
NOTIC: [8] Object of class Model could not be converted to int D:\WWW\wz170315\Index\Tpl\public\page.php 第 6 行.
INFO: ParseTemplate Behavior ::run [ RunTime:0.046875s ]
INFO: [ view_parse ] --END-- [ RunTime:0.046875s ]
INFO: [ view_filter ] --START--
INFO: ContentReplace Behavior ::run [ RunTime:0.000000s ]
INFO: TokenBuild Behavior ::run [ RunTime:0.000000s ]
INFO: WriteHtmlCache Behavior ::run [ RunTime:0.000000s ]
INFO: ShowRuntime Behavior ::run [ RunTime:0.000000s ]
INFO: [ view_filter ] --END-- [ RunTime:0.000000s ]
INFO: [ view_end ] --START--
INFO: ShowPageTrace Behavior ::run [ RunTime:0.000000s ]
INFO: [ view_end ] --END-- [ RunTime:0.000000s ]

[ 2017-03-21T01:01:20+08:00 ] 140.205.201.33 /wz170315/index.php?m=javascript:alert(1987)&a=index&classify_id=294
INFO: [ app_begin ] --START--
INFO: ReadHtmlCache Behavior ::run [ RunTime:0.000000s ]
INFO: [ app_begin ] --END-- [ RunTime:0.000000s ]
NOTIC: [8] Undefined variable: group D:\WWW\wz170315\ThinkPHP\Lib\Core\App.class.php 第 102 行.
ERR: 无法加载模块:javascript:alert(1987)

[ 2017-03-21T01:02:42+08:00 ] 140.205.201.33 /wz170315/index.php?m=goods&a=javascript:alert(1987)&classify_id=294
INFO: [ app_begin ] --START--
INFO: ReadHtmlCache Behavior ::run [ RunTime:0.000000s ]
INFO: [ app_begin ] --END-- [ RunTime:0.000000s ]
ERR: 非法操作:javascript:alert(1987)

[ 2017-03-21T01:08:32+08:00 ] 140.205.201.33 /wz170315/index.php?m=goods&a=index&classify_id=javascript:alert(1987)
INFO: [ app_begin ] --START--
INFO: ReadHtmlCache Behavior ::run [ RunTime:0.000000s ]
INFO: [ app_begin ] --END-- [ RunTime:0.000000s ]
INFO: [ view_parse ] --START--
SQL: SHOW COLUMNS FROM `index_site` [ RunTime:0.000000s ]
SQL: SELECT * FROM `index_site` WHERE ( `version_id` = 1 ) LIMIT 1   [ RunTime:0.000000s ]
SQL: SHOW COLUMNS FROM `index_classify_type` [ RunTime:0.000000s ]
SQL: SELECT `type_id` FROM `index_classify_type` WHERE ( `table_name` = 'goods' ) LIMIT 1   [ RunTime:0.000000s ]
SQL: SHOW COLUMNS FROM `index_classify` [ RunTime:0.015625s ]
SQL: SELECT `level_id`,`classify_id`,`classify_pid` FROM `index_classify` WHERE ( `classify_id` = 0 ) LIMIT 1   [ RunTime:0.000000s ]
SQL: SHOW COLUMNS FROM `index_cart` [ RunTime:0.000000s ]
SQL: SELECT COUNT(*) AS tp_count FROM `index_cart` WHERE ( `member_id` = null ) LIMIT 1   [ RunTime:0.000000s ]
SQL: SHOW COLUMNS FROM `index_account` [ RunTime:0.000000s ]
SQL: SELECT `balance` FROM `index_account` WHERE ( `member_id` = null ) ORDER BY account_id desc LIMIT 1   [ RunTime:0.000000s ]
SQL: SELECT * FROM `index_classify` WHERE ( `classify_id` = 3 ) LIMIT 1   [ RunTime:0.000000s ]
SQL: SELECT * FROM `index_classify` WHERE ( `classify_id` = 0 ) LIMIT 1   [ RunTime:0.000000s ]
SQL: SELECT * FROM index_goods n,index_relevance r WHERE ( r.classify_id =javascript:alert(1987) and r.content_id=n.goods_id ) ORDER BY date desc LIMIT 0,12   [ RunTime:0.000000s ]
ERR: 1064:You have an error in your SQL syntax; check the manual that corresponds to your MySQL server version for the right syntax to use near ':alert(1987) and r.content_id=n.goods_id ) ORDER BY date desc LIMIT 0,12' at line 1
 [ SQL语句 ] : SELECT * FROM index_goods n,index_relevance r WHERE ( r.classify_id =javascript:alert(1987) and r.content_id=n.goods_id ) ORDER BY date desc LIMIT 0,12  
NOTIC: [2] Invalid argument supplied for foreach() D:\WWW\wz170315\Index\Runtime\Cache\64ce53e56c6766e0ec0d0cbfe175b0a0.php 第 11 行.
NOTIC: [8] Object of class Model could not be converted to int D:\WWW\wz170315\Index\Tpl\public\page.php 第 6 行.
INFO: ParseTemplate Behavior ::run [ RunTime:0.031250s ]
INFO: [ view_parse ] --END-- [ RunTime:0.031250s ]
INFO: [ view_filter ] --START--
INFO: ContentReplace Behavior ::run [ RunTime:0.000000s ]
INFO: TokenBuild Behavior ::run [ RunTime:0.000000s ]
INFO: WriteHtmlCache Behavior ::run [ RunTime:0.000000s ]
INFO: ShowRuntime Behavior ::run [ RunTime:0.000000s ]
INFO: [ view_filter ] --END-- [ RunTime:0.000000s ]
INFO: [ view_end ] --START--
INFO: ShowPageTrace Behavior ::run [ RunTime:0.000000s ]
INFO: [ view_end ] --END-- [ RunTime:0.000000s ]

[ 2017-03-21T01:13:29+08:00 ] 140.205.201.33 /wz170315/index.php?m=javascript%3Aalert%281987%29&a=index&classify_id=294
INFO: [ app_begin ] --START--
INFO: ReadHtmlCache Behavior ::run [ RunTime:0.000000s ]
INFO: [ app_begin ] --END-- [ RunTime:0.000000s ]
NOTIC: [8] Undefined variable: group D:\WWW\wz170315\ThinkPHP\Lib\Core\App.class.php 第 102 行.
ERR: 无法加载模块:javascript:alert(1987)

[ 2017-03-21T01:18:00+08:00 ] 140.205.201.33 /wz170315/index.php?m=goods&a=javascript%3Aalert%281987%29&classify_id=294
INFO: [ app_begin ] --START--
INFO: ReadHtmlCache Behavior ::run [ RunTime:0.000000s ]
INFO: [ app_begin ] --END-- [ RunTime:0.000000s ]
ERR: 非法操作:javascript:alert(1987)

[ 2017-03-21T01:19:28+08:00 ] 140.205.201.33 /wz170315/index.php?m=goods&a=index&classify_id=javascript%3Aalert%281987%29
INFO: [ app_begin ] --START--
INFO: ReadHtmlCache Behavior ::run [ RunTime:0.000000s ]
INFO: [ app_begin ] --END-- [ RunTime:0.000000s ]
INFO: [ view_parse ] --START--
SQL: SHOW COLUMNS FROM `index_site` [ RunTime:0.015625s ]
SQL: SELECT * FROM `index_site` WHERE ( `version_id` = 1 ) LIMIT 1   [ RunTime:0.000000s ]
SQL: SHOW COLUMNS FROM `index_classify_type` [ RunTime:0.000000s ]
SQL: SELECT `type_id` FROM `index_classify_type` WHERE ( `table_name` = 'goods' ) LIMIT 1   [ RunTime:0.000000s ]
SQL: SHOW COLUMNS FROM `index_classify` [ RunTime:0.000000s ]
SQL: SELECT `level_id`,`classify_id`,`classify_pid` FROM `index_classify` WHERE ( `classify_id` = 0 ) LIMIT 1   [ RunTime:0.000000s ]
SQL: SHOW COLUMNS FROM `index_cart` [ RunTime:0.000000s ]
SQL: SELECT COUNT(*) AS tp_count FROM `index_cart` WHERE ( `member_id` = null ) LIMIT 1   [ RunTime:0.000000s ]
SQL: SHOW COLUMNS FROM `index_account` [ RunTime:0.000000s ]
SQL: SELECT `balance` FROM `index_account` WHERE ( `member_id` = null ) ORDER BY account_id desc LIMIT 1   [ RunTime:0.000000s ]
SQL: SELECT * FROM `index_classify` WHERE ( `classify_id` = 3 ) LIMIT 1   [ RunTime:0.000000s ]
SQL: SELECT * FROM `index_classify` WHERE ( `classify_id` = 0 ) LIMIT 1   [ RunTime:0.000000s ]
SQL: SELECT * FROM index_goods n,index_relevance r WHERE ( r.classify_id =javascript:alert(1987) and r.content_id=n.goods_id ) ORDER BY date desc LIMIT 0,12   [ RunTime:0.000000s ]
ERR: 1064:You have an error in your SQL syntax; check the manual that corresponds to your MySQL server version for the right syntax to use near ':alert(1987) and r.content_id=n.goods_id ) ORDER BY date desc LIMIT 0,12' at line 1
 [ SQL语句 ] : SELECT * FROM index_goods n,index_relevance r WHERE ( r.classify_id =javascript:alert(1987) and r.content_id=n.goods_id ) ORDER BY date desc LIMIT 0,12  
NOTIC: [2] Invalid argument supplied for foreach() D:\WWW\wz170315\Index\Runtime\Cache\64ce53e56c6766e0ec0d0cbfe175b0a0.php 第 11 行.
NOTIC: [8] Object of class Model could not be converted to int D:\WWW\wz170315\Index\Tpl\public\page.php 第 6 行.
INFO: ParseTemplate Behavior ::run [ RunTime:0.031250s ]
INFO: [ view_parse ] --END-- [ RunTime:0.031250s ]
INFO: [ view_filter ] --START--
INFO: ContentReplace Behavior ::run [ RunTime:0.000000s ]
INFO: TokenBuild Behavior ::run [ RunTime:0.000000s ]
INFO: WriteHtmlCache Behavior ::run [ RunTime:0.000000s ]
INFO: ShowRuntime Behavior ::run [ RunTime:0.000000s ]
INFO: [ view_filter ] --END-- [ RunTime:0.000000s ]
INFO: [ view_end ] --START--
INFO: ShowPageTrace Behavior ::run [ RunTime:0.000000s ]
INFO: [ view_end ] --END-- [ RunTime:0.000000s ]

[ 2017-03-21T01:22:14+08:00 ] 140.205.201.33 /wz170315/index.php?m=javascript%253Aalert%25281987%2529&a=index&classify_id=294
INFO: [ app_begin ] --START--
INFO: ReadHtmlCache Behavior ::run [ RunTime:0.000000s ]
INFO: [ app_begin ] --END-- [ RunTime:0.000000s ]
NOTIC: [8] Undefined variable: group D:\WWW\wz170315\ThinkPHP\Lib\Core\App.class.php 第 102 行.
ERR: 无法加载模块:javascript%3Aalert%281987%29

[ 2017-03-21T01:23:30+08:00 ] 140.205.201.33 /wz170315/index.php?m=goods&a=javascript%253Aalert%25281987%2529&classify_id=294
INFO: [ app_begin ] --START--
INFO: ReadHtmlCache Behavior ::run [ RunTime:0.000000s ]
INFO: [ app_begin ] --END-- [ RunTime:0.000000s ]
ERR: 非法操作:javascript%3Aalert%281987%29

[ 2017-03-21T01:25:05+08:00 ] 140.205.201.33 /wz170315/index.php?m=goods&a=index&classify_id=javascript%253Aalert%25281987%2529
INFO: [ app_begin ] --START--
INFO: ReadHtmlCache Behavior ::run [ RunTime:0.000000s ]
INFO: [ app_begin ] --END-- [ RunTime:0.000000s ]
INFO: [ view_parse ] --START--
SQL: SHOW COLUMNS FROM `index_site` [ RunTime:0.015625s ]
SQL: SELECT * FROM `index_site` WHERE ( `version_id` = 1 ) LIMIT 1   [ RunTime:0.000000s ]
SQL: SHOW COLUMNS FROM `index_classify_type` [ RunTime:0.000000s ]
SQL: SELECT `type_id` FROM `index_classify_type` WHERE ( `table_name` = 'goods' ) LIMIT 1   [ RunTime:0.000000s ]
SQL: SHOW COLUMNS FROM `index_classify` [ RunTime:0.000000s ]
SQL: SELECT `level_id`,`classify_id`,`classify_pid` FROM `index_classify` WHERE ( `classify_id` = 0 ) LIMIT 1   [ RunTime:0.000000s ]
SQL: SHOW COLUMNS FROM `index_cart` [ RunTime:0.000000s ]
SQL: SELECT COUNT(*) AS tp_count FROM `index_cart` WHERE ( `member_id` = null ) LIMIT 1   [ RunTime:0.000000s ]
SQL: SHOW COLUMNS FROM `index_account` [ RunTime:0.000000s ]
SQL: SELECT `balance` FROM `index_account` WHERE ( `member_id` = null ) ORDER BY account_id desc LIMIT 1   [ RunTime:0.000000s ]
SQL: SELECT * FROM `index_classify` WHERE ( `classify_id` = 3 ) LIMIT 1   [ RunTime:0.000000s ]
SQL: SELECT * FROM `index_classify` WHERE ( `classify_id` = 0 ) LIMIT 1   [ RunTime:0.000000s ]
SQL: SELECT * FROM index_goods n,index_relevance r WHERE ( r.classify_id =javascript%3Aalert%281987%29 and r.content_id=n.goods_id ) ORDER BY date desc LIMIT 0,12   [ RunTime:0.000000s ]
ERR: 1054:Unknown column 'javascript' in 'where clause'
 [ SQL语句 ] : SELECT * FROM index_goods n,index_relevance r WHERE ( r.classify_id =javascript%3Aalert%281987%29 and r.content_id=n.goods_id ) ORDER BY date desc LIMIT 0,12  
NOTIC: [2] Invalid argument supplied for foreach() D:\WWW\wz170315\Index\Runtime\Cache\64ce53e56c6766e0ec0d0cbfe175b0a0.php 第 11 行.
NOTIC: [8] Object of class Model could not be converted to int D:\WWW\wz170315\Index\Tpl\public\page.php 第 6 行.
INFO: ParseTemplate Behavior ::run [ RunTime:0.031250s ]
INFO: [ view_parse ] --END-- [ RunTime:0.031250s ]
INFO: [ view_filter ] --START--
INFO: ContentReplace Behavior ::run [ RunTime:0.000000s ]
INFO: TokenBuild Behavior ::run [ RunTime:0.000000s ]
INFO: WriteHtmlCache Behavior ::run [ RunTime:0.000000s ]
INFO: ShowRuntime Behavior ::run [ RunTime:0.000000s ]
INFO: [ view_filter ] --END-- [ RunTime:0.000000s ]
INFO: [ view_end ] --START--
INFO: ShowPageTrace Behavior ::run [ RunTime:0.000000s ]
INFO: [ view_end ] --END-- [ RunTime:0.000000s ]

[ 2017-03-21T01:26:04+08:00 ] 140.205.201.33 /wz170315/index.php?m=goodsi3943974i&a=index&classify_id=294
INFO: [ app_begin ] --START--
INFO: ReadHtmlCache Behavior ::run [ RunTime:0.000000s ]
INFO: [ app_begin ] --END-- [ RunTime:0.000000s ]
ERR: 无法加载模块:goodsi3943974i

[ 2017-03-21T01:27:40+08:00 ] 140.205.201.33 /wz170315/index.php?m=goods&a=indexi3943974i&classify_id=294
INFO: [ app_begin ] --START--
INFO: ReadHtmlCache Behavior ::run [ RunTime:0.000000s ]
INFO: [ app_begin ] --END-- [ RunTime:0.000000s ]
ERR: 非法操作:indexi3943974i

[ 2017-03-21T01:29:12+08:00 ] 140.205.201.33 /wz170315/index.php?m=goods&a=index&classify_id=294i3943974i
INFO: [ app_begin ] --START--
INFO: ReadHtmlCache Behavior ::run [ RunTime:0.000000s ]
INFO: [ app_begin ] --END-- [ RunTime:0.000000s ]
INFO: [ view_parse ] --START--
SQL: SHOW COLUMNS FROM `index_site` [ RunTime:0.000000s ]
SQL: SELECT * FROM `index_site` WHERE ( `version_id` = 1 ) LIMIT 1   [ RunTime:0.000000s ]
SQL: SHOW COLUMNS FROM `index_classify_type` [ RunTime:0.000000s ]
SQL: SELECT `type_id` FROM `index_classify_type` WHERE ( `table_name` = 'goods' ) LIMIT 1   [ RunTime:0.000000s ]
SQL: SHOW COLUMNS FROM `index_classify` [ RunTime:0.000000s ]
SQL: SELECT `level_id`,`classify_id`,`classify_pid` FROM `index_classify` WHERE ( `classify_id` = 294 ) LIMIT 1   [ RunTime:0.000000s ]
SQL: SHOW COLUMNS FROM `index_cart` [ RunTime:0.000000s ]
SQL: SELECT COUNT(*) AS tp_count FROM `index_cart` WHERE ( `member_id` = null ) LIMIT 1   [ RunTime:0.000000s ]
SQL: SHOW COLUMNS FROM `index_account` [ RunTime:0.000000s ]
SQL: SELECT `balance` FROM `index_account` WHERE ( `member_id` = null ) ORDER BY account_id desc LIMIT 1   [ RunTime:0.000000s ]
SQL: SELECT * FROM `index_classify` WHERE ( `classify_id` = 3 ) LIMIT 1   [ RunTime:0.000000s ]
SQL: SELECT * FROM `index_classify` WHERE ( `classify_id` = 294 ) LIMIT 1   [ RunTime:0.000000s ]
SQL: SELECT * FROM index_goods n,index_relevance r WHERE ( r.classify_id =294i3943974i and r.content_id=n.goods_id ) ORDER BY date desc LIMIT 0,12   [ RunTime:0.000000s ]
ERR: 1054:Unknown column '294i3943974i' in 'where clause'
 [ SQL语句 ] : SELECT * FROM index_goods n,index_relevance r WHERE ( r.classify_id =294i3943974i and r.content_id=n.goods_id ) ORDER BY date desc LIMIT 0,12  
NOTIC: [2] Invalid argument supplied for foreach() D:\WWW\wz170315\Index\Runtime\Cache\64ce53e56c6766e0ec0d0cbfe175b0a0.php 第 11 行.
NOTIC: [8] Object of class Model could not be converted to int D:\WWW\wz170315\Index\Tpl\public\page.php 第 6 行.
INFO: ParseTemplate Behavior ::run [ RunTime:0.031250s ]
INFO: [ view_parse ] --END-- [ RunTime:0.031250s ]
INFO: [ view_filter ] --START--
INFO: ContentReplace Behavior ::run [ RunTime:0.000000s ]
INFO: TokenBuild Behavior ::run [ RunTime:0.000000s ]
INFO: WriteHtmlCache Behavior ::run [ RunTime:0.000000s ]
INFO: ShowRuntime Behavior ::run [ RunTime:0.000000s ]
INFO: [ view_filter ] --END-- [ RunTime:0.000000s ]
INFO: [ view_end ] --START--
INFO: ShowPageTrace Behavior ::run [ RunTime:0.000000s ]
INFO: [ view_end ] --END-- [ RunTime:0.000000s ]

[ 2017-03-21T01:31:46+08:00 ] 140.205.201.33 /wz170315/index.php?m='%22/%3E%3C/script%3E%3Cscript%3Ealert()%3C/script%3E&a=index&classify_id=294
INFO: [ app_begin ] --START--
INFO: ReadHtmlCache Behavior ::run [ RunTime:0.000000s ]
INFO: [ app_begin ] --END-- [ RunTime:0.000000s ]
NOTIC: [8] Undefined variable: group D:\WWW\wz170315\ThinkPHP\Lib\Core\App.class.php 第 102 行.
ERR: 无法加载模块:'"/>alert()

[ 2017-03-21T01:32:42+08:00 ] 140.205.201.33 /wz170315/index.php?m=goods&a='%22/%3E%3C/script%3E%3Cscript%3Ealert()%3C/script%3E&classify_id=294
INFO: [ app_begin ] --START--
INFO: ReadHtmlCache Behavior ::run [ RunTime:0.000000s ]
INFO: [ app_begin ] --END-- [ RunTime:0.000000s ]
ERR: 非法操作:'"/>alert()

[ 2017-03-21T01:33:44+08:00 ] 140.205.201.33 /wz170315/index.php?m=goods&a=index&classify_id='%22/%3E%3C/script%3E%3Cscript%3Ealert()%3C/script%3E
INFO: [ app_begin ] --START--
INFO: ReadHtmlCache Behavior ::run [ RunTime:0.000000s ]
INFO: [ app_begin ] --END-- [ RunTime:0.000000s ]
INFO: [ view_parse ] --START--
SQL: SHOW COLUMNS FROM `index_site` [ RunTime:0.000000s ]
SQL: SELECT * FROM `index_site` WHERE ( `version_id` = 1 ) LIMIT 1   [ RunTime:0.000000s ]
SQL: SHOW COLUMNS FROM `index_classify_type` [ RunTime:0.000000s ]
SQL: SELECT `type_id` FROM `index_classify_type` WHERE ( `table_name` = 'goods' ) LIMIT 1   [ RunTime:0.000000s ]
SQL: SHOW COLUMNS FROM `index_classify` [ RunTime:0.000000s ]
SQL: SELECT `level_id`,`classify_id`,`classify_pid` FROM `index_classify` WHERE ( `classify_id` = 0 ) LIMIT 1   [ RunTime:0.000000s ]
SQL: SHOW COLUMNS FROM `index_cart` [ RunTime:0.000000s ]
SQL: SELECT COUNT(*) AS tp_count FROM `index_cart` WHERE ( `member_id` = null ) LIMIT 1   [ RunTime:0.015625s ]
SQL: SHOW COLUMNS FROM `index_account` [ RunTime:0.000000s ]
SQL: SELECT `balance` FROM `index_account` WHERE ( `member_id` = null ) ORDER BY account_id desc LIMIT 1   [ RunTime:0.000000s ]
SQL: SELECT * FROM `index_classify` WHERE ( `classify_id` = 3 ) LIMIT 1   [ RunTime:0.000000s ]
SQL: SELECT * FROM `index_classify` WHERE ( `classify_id` = 0 ) LIMIT 1   [ RunTime:0.000000s ]
SQL: SELECT * FROM index_goods n,index_relevance r WHERE ( r.classify_id ='"/></script><script>alert()</script> and r.content_id=n.goods_id ) ORDER BY date desc LIMIT 0,12   [ RunTime:0.000000s ]
ERR: 1064:You have an error in your SQL syntax; check the manual that corresponds to your MySQL server version for the right syntax to use near ''"/></script><script>alert()</script> and r.content_id=n.goods_id ) ORDER BY dat' at line 1
 [ SQL语句 ] : SELECT * FROM index_goods n,index_relevance r WHERE ( r.classify_id ='"/></script><script>alert()</script> and r.content_id=n.goods_id ) ORDER BY date desc LIMIT 0,12  
NOTIC: [2] Invalid argument supplied for foreach() D:\WWW\wz170315\Index\Runtime\Cache\64ce53e56c6766e0ec0d0cbfe175b0a0.php 第 11 行.
NOTIC: [8] Object of class Model could not be converted to int D:\WWW\wz170315\Index\Tpl\public\page.php 第 6 行.
INFO: ParseTemplate Behavior ::run [ RunTime:0.046875s ]
INFO: [ view_parse ] --END-- [ RunTime:0.046875s ]
INFO: [ view_filter ] --START--
INFO: ContentReplace Behavior ::run [ RunTime:0.000000s ]
INFO: TokenBuild Behavior ::run [ RunTime:0.000000s ]
INFO: WriteHtmlCache Behavior ::run [ RunTime:0.000000s ]
INFO: ShowRuntime Behavior ::run [ RunTime:0.000000s ]
INFO: [ view_filter ] --END-- [ RunTime:0.000000s ]
INFO: [ view_end ] --START--
INFO: ShowPageTrace Behavior ::run [ RunTime:0.000000s ]
INFO: [ view_end ] --END-- [ RunTime:0.000000s ]

[ 2017-03-21T01:35:21+08:00 ] 140.205.201.33 /wz170315/index.php?m=%27%22%2f%3E%3C%2fscript%3E%3Cscript%3Ealert%28%29%3C%2fscript%3E&a=index&classify_id=294
INFO: [ app_begin ] --START--
INFO: ReadHtmlCache Behavior ::run [ RunTime:0.000000s ]
INFO: [ app_begin ] --END-- [ RunTime:0.000000s ]
NOTIC: [8] Undefined variable: group D:\WWW\wz170315\ThinkPHP\Lib\Core\App.class.php 第 102 行.
ERR: 无法加载模块:'"/>alert()

[ 2017-03-21T01:37:23+08:00 ] 140.205.201.33 /wz170315/index.php?m=goods&a=%27%22%2f%3E%3C%2fscript%3E%3Cscript%3Ealert%28%29%3C%2fscript%3E&classify_id=294
INFO: [ app_begin ] --START--
INFO: ReadHtmlCache Behavior ::run [ RunTime:0.000000s ]
INFO: [ app_begin ] --END-- [ RunTime:0.000000s ]
ERR: 非法操作:'"/>alert()

[ 2017-03-21T01:45:43+08:00 ] 140.205.201.33 /wz170315/index.php?m=goods&a=index&classify_id=%27%22%2f%3E%3C%2fscript%3E%3Cscript%3Ealert%28%29%3C%2fscript%3E
INFO: [ app_begin ] --START--
INFO: ReadHtmlCache Behavior ::run [ RunTime:0.000000s ]
INFO: [ app_begin ] --END-- [ RunTime:0.000000s ]
INFO: [ view_parse ] --START--
SQL: SHOW COLUMNS FROM `index_site` [ RunTime:0.000000s ]
SQL: SELECT * FROM `index_site` WHERE ( `version_id` = 1 ) LIMIT 1   [ RunTime:0.000000s ]
SQL: SHOW COLUMNS FROM `index_classify_type` [ RunTime:0.000000s ]
SQL: SELECT `type_id` FROM `index_classify_type` WHERE ( `table_name` = 'goods' ) LIMIT 1   [ RunTime:0.000000s ]
SQL: SHOW COLUMNS FROM `index_classify` [ RunTime:0.000000s ]
SQL: SELECT `level_id`,`classify_id`,`classify_pid` FROM `index_classify` WHERE ( `classify_id` = 0 ) LIMIT 1   [ RunTime:0.000000s ]
SQL: SHOW COLUMNS FROM `index_cart` [ RunTime:0.000000s ]
SQL: SELECT COUNT(*) AS tp_count FROM `index_cart` WHERE ( `member_id` = null ) LIMIT 1   [ RunTime:0.000000s ]
SQL: SHOW COLUMNS FROM `index_account` [ RunTime:0.000000s ]
SQL: SELECT `balance` FROM `index_account` WHERE ( `member_id` = null ) ORDER BY account_id desc LIMIT 1   [ RunTime:0.000000s ]
SQL: SELECT * FROM `index_classify` WHERE ( `classify_id` = 3 ) LIMIT 1   [ RunTime:0.000000s ]
SQL: SELECT * FROM `index_classify` WHERE ( `classify_id` = 0 ) LIMIT 1   [ RunTime:0.000000s ]
SQL: SELECT * FROM index_goods n,index_relevance r WHERE ( r.classify_id ='"/></script><script>alert()</script> and r.content_id=n.goods_id ) ORDER BY date desc LIMIT 0,12   [ RunTime:0.000000s ]
ERR: 1064:You have an error in your SQL syntax; check the manual that corresponds to your MySQL server version for the right syntax to use near ''"/></script><script>alert()</script> and r.content_id=n.goods_id ) ORDER BY dat' at line 1
 [ SQL语句 ] : SELECT * FROM index_goods n,index_relevance r WHERE ( r.classify_id ='"/></script><script>alert()</script> and r.content_id=n.goods_id ) ORDER BY date desc LIMIT 0,12  
NOTIC: [2] Invalid argument supplied for foreach() D:\WWW\wz170315\Index\Runtime\Cache\64ce53e56c6766e0ec0d0cbfe175b0a0.php 第 11 行.
NOTIC: [8] Object of class Model could not be converted to int D:\WWW\wz170315\Index\Tpl\public\page.php 第 6 行.
INFO: ParseTemplate Behavior ::run [ RunTime:0.031250s ]
INFO: [ view_parse ] --END-- [ RunTime:0.031250s ]
INFO: [ view_filter ] --START--
INFO: ContentReplace Behavior ::run [ RunTime:0.000000s ]
INFO: TokenBuild Behavior ::run [ RunTime:0.000000s ]
INFO: WriteHtmlCache Behavior ::run [ RunTime:0.000000s ]
INFO: ShowRuntime Behavior ::run [ RunTime:0.000000s ]
INFO: [ view_filter ] --END-- [ RunTime:0.000000s ]
INFO: [ view_end ] --START--
INFO: ShowPageTrace Behavior ::run [ RunTime:0.000000s ]
INFO: [ view_end ] --END-- [ RunTime:0.000000s ]

[ 2017-03-21T01:50:46+08:00 ] 140.205.201.33 /wz170315/index.php?m=%2527%2522%252f%253E%253C%252fscript%253E%253Cscript%253Ealert%2528%2529%253C%252fscript%253E&a=index&classify_id=294
INFO: [ app_begin ] --START--
INFO: ReadHtmlCache Behavior ::run [ RunTime:0.000000s ]
INFO: [ app_begin ] --END-- [ RunTime:0.000000s ]
NOTIC: [8] Undefined variable: group D:\WWW\wz170315\ThinkPHP\Lib\Core\App.class.php 第 102 行.
ERR: 无法加载模块:%27%22%2f%3E%3C%2fscript%3E%3Cscript%3Ealert%28%29%3C%2fscript%3E

[ 2017-03-21T01:52:28+08:00 ] 140.205.201.33 /wz170315/index.php?m=goods&a=%2527%2522%252f%253E%253C%252fscript%253E%253Cscript%253Ealert%2528%2529%253C%252fscript%253E&classify_id=294
INFO: [ app_begin ] --START--
INFO: ReadHtmlCache Behavior ::run [ RunTime:0.000000s ]
INFO: [ app_begin ] --END-- [ RunTime:0.000000s ]
ERR: 非法操作:%27%22%2f%3E%3C%2fscript%3E%3Cscript%3Ealert%28%29%3C%2fscript%3E

[ 2017-03-21T01:54:36+08:00 ] 140.205.201.33 /wz170315/index.php?m=goods&a=index&classify_id=%2527%2522%252f%253E%253C%252fscript%253E%253Cscript%253Ealert%2528%2529%253C%252fscript%253E
INFO: [ app_begin ] --START--
INFO: ReadHtmlCache Behavior ::run [ RunTime:0.000000s ]
INFO: [ app_begin ] --END-- [ RunTime:0.000000s ]
INFO: [ view_parse ] --START--
SQL: SHOW COLUMNS FROM `index_site` [ RunTime:0.000000s ]
SQL: SELECT * FROM `index_site` WHERE ( `version_id` = 1 ) LIMIT 1   [ RunTime:0.000000s ]
SQL: SHOW COLUMNS FROM `index_classify_type` [ RunTime:0.000000s ]
SQL: SELECT `type_id` FROM `index_classify_type` WHERE ( `table_name` = 'goods' ) LIMIT 1   [ RunTime:0.000000s ]
SQL: SHOW COLUMNS FROM `index_classify` [ RunTime:0.000000s ]
SQL: SELECT `level_id`,`classify_id`,`classify_pid` FROM `index_classify` WHERE ( `classify_id` = 0 ) LIMIT 1   [ RunTime:0.000000s ]
SQL: SHOW COLUMNS FROM `index_cart` [ RunTime:0.000000s ]
SQL: SELECT COUNT(*) AS tp_count FROM `index_cart` WHERE ( `member_id` = null ) LIMIT 1   [ RunTime:0.000000s ]
SQL: SHOW COLUMNS FROM `index_account` [ RunTime:0.000000s ]
SQL: SELECT `balance` FROM `index_account` WHERE ( `member_id` = null ) ORDER BY account_id desc LIMIT 1   [ RunTime:0.000000s ]
SQL: SELECT * FROM `index_classify` WHERE ( `classify_id` = 3 ) LIMIT 1   [ RunTime:0.000000s ]
SQL: SELECT * FROM `index_classify` WHERE ( `classify_id` = 0 ) LIMIT 1   [ RunTime:0.000000s ]
SQL: SELECT * FROM index_goods n,index_relevance r WHERE ( r.classify_id =%27%22%2f%3E%3C%2fscript%3E%3Cscript%3Ealert%28%29%3C%2fscript%3E and r.content_id=n.goods_id ) ORDER BY date desc LIMIT 0,12   [ RunTime:0.000000s ]
ERR: 1064:You have an error in your SQL syntax; check the manual that corresponds to your MySQL server version for the right syntax to use near '%27%22%2f%3E%3C%2fscript%3E%3Cscript%3Ealert%28%29%3C%2fscript%3E and r.content_' at line 1
 [ SQL语句 ] : SELECT * FROM index_goods n,index_relevance r WHERE ( r.classify_id =%27%22%2f%3E%3C%2fscript%3E%3Cscript%3Ealert%28%29%3C%2fscript%3E and r.content_id=n.goods_id ) ORDER BY date desc LIMIT 0,12  
NOTIC: [2] Invalid argument supplied for foreach() D:\WWW\wz170315\Index\Runtime\Cache\64ce53e56c6766e0ec0d0cbfe175b0a0.php 第 11 行.
NOTIC: [8] Object of class Model could not be converted to int D:\WWW\wz170315\Index\Tpl\public\page.php 第 6 行.
INFO: ParseTemplate Behavior ::run [ RunTime:0.031250s ]
INFO: [ view_parse ] --END-- [ RunTime:0.031250s ]
INFO: [ view_filter ] --START--
INFO: ContentReplace Behavior ::run [ RunTime:0.000000s ]
INFO: TokenBuild Behavior ::run [ RunTime:0.000000s ]
INFO: WriteHtmlCache Behavior ::run [ RunTime:0.015625s ]
INFO: ShowRuntime Behavior ::run [ RunTime:0.000000s ]
INFO: [ view_filter ] --END-- [ RunTime:0.015625s ]
INFO: [ view_end ] --START--
INFO: ShowPageTrace Behavior ::run [ RunTime:0.000000s ]
INFO: [ view_end ] --END-- [ RunTime:0.000000s ]

[ 2017-03-21T10:06:25+08:00 ] 183.13.191.26 /wz170315/
INFO: [ app_begin ] --START--
INFO: ReadHtmlCache Behavior ::run [ RunTime:0.000000s ]
INFO: [ app_begin ] --END-- [ RunTime:0.000000s ]
INFO: [ view_parse ] --START--
SQL: SHOW COLUMNS FROM `index_site` [ RunTime:0.000000s ]
SQL: SELECT * FROM `index_site` WHERE ( `version_id` = 1 ) LIMIT 1   [ RunTime:0.000000s ]
SQL: SHOW COLUMNS FROM `index_relevance` [ RunTime:0.000000s ]
SQL: SHOW COLUMNS FROM `index_classify_type` [ RunTime:0.000000s ]
SQL: SELECT `type_id` FROM `index_classify_type` WHERE ( `table_name` = 'Index' ) LIMIT 1   [ RunTime:0.000000s ]
SQL: SELECT `classify_id` FROM `index_relevance` WHERE ( `content_id` = 0 ) AND ( `main_id` = 1 ) AND ( `type_id` = null ) LIMIT 1   [ RunTime:0.000000s ]
SQL: SELECT `type_id` FROM `index_classify_type` WHERE ( `table_name` = 'Index' ) LIMIT 1   [ RunTime:0.000000s ]
SQL: SHOW COLUMNS FROM `index_classify` [ RunTime:0.000000s ]
SQL: SELECT `level_id`,`classify_id`,`classify_pid` FROM `index_classify` WHERE ( `classify_id` = null ) LIMIT 1   [ RunTime:0.000000s ]
SQL: SHOW COLUMNS FROM `index_cart` [ RunTime:0.000000s ]
SQL: SELECT COUNT(*) AS tp_count FROM `index_cart` WHERE ( `member_id` = null ) LIMIT 1   [ RunTime:0.000000s ]
SQL: SHOW COLUMNS FROM `index_account` [ RunTime:0.000000s ]
SQL: SELECT `balance` FROM `index_account` WHERE ( `member_id` = null ) ORDER BY account_id desc LIMIT 1   [ RunTime:0.000000s ]
INFO: ParseTemplate Behavior ::run [ RunTime:0.031250s ]
INFO: [ view_parse ] --END-- [ RunTime:0.031250s ]
INFO: [ view_filter ] --START--
INFO: ContentReplace Behavior ::run [ RunTime:0.015625s ]
INFO: TokenBuild Behavior ::run [ RunTime:0.000000s ]
INFO: WriteHtmlCache Behavior ::run [ RunTime:0.000000s ]
INFO: ShowRuntime Behavior ::run [ RunTime:0.000000s ]
INFO: [ view_filter ] --END-- [ RunTime:0.015625s ]
INFO: [ view_end ] --START--
INFO: ShowPageTrace Behavior ::run [ RunTime:0.000000s ]
INFO: [ view_end ] --END-- [ RunTime:0.000000s ]

[ 2017-03-21T10:32:48+08:00 ] 183.13.191.26 /wz170315/
INFO: [ app_begin ] --START--
INFO: ReadHtmlCache Behavior ::run [ RunTime:0.000000s ]
INFO: [ app_begin ] --END-- [ RunTime:0.000000s ]
INFO: [ view_parse ] --START--
SQL: SHOW COLUMNS FROM `index_site` [ RunTime:0.000000s ]
SQL: SELECT * FROM `index_site` WHERE ( `version_id` = 1 ) LIMIT 1   [ RunTime:0.000000s ]
SQL: SHOW COLUMNS FROM `index_relevance` [ RunTime:0.000000s ]
SQL: SHOW COLUMNS FROM `index_classify_type` [ RunTime:0.000000s ]
SQL: SELECT `type_id` FROM `index_classify_type` WHERE ( `table_name` = 'Index' ) LIMIT 1   [ RunTime:0.000000s ]
SQL: SELECT `classify_id` FROM `index_relevance` WHERE ( `content_id` = 0 ) AND ( `main_id` = 1 ) AND ( `type_id` = null ) LIMIT 1   [ RunTime:0.000000s ]
SQL: SELECT `type_id` FROM `index_classify_type` WHERE ( `table_name` = 'Index' ) LIMIT 1   [ RunTime:0.000000s ]
SQL: SHOW COLUMNS FROM `index_classify` [ RunTime:0.000000s ]
SQL: SELECT `level_id`,`classify_id`,`classify_pid` FROM `index_classify` WHERE ( `classify_id` = null ) LIMIT 1   [ RunTime:0.000000s ]
SQL: SHOW COLUMNS FROM `index_cart` [ RunTime:0.000000s ]
SQL: SELECT COUNT(*) AS tp_count FROM `index_cart` WHERE ( `member_id` = null ) LIMIT 1   [ RunTime:0.000000s ]
SQL: SHOW COLUMNS FROM `index_account` [ RunTime:0.000000s ]
SQL: SELECT `balance` FROM `index_account` WHERE ( `member_id` = null ) ORDER BY account_id desc LIMIT 1   [ RunTime:0.000000s ]
INFO: ParseTemplate Behavior ::run [ RunTime:0.031250s ]
INFO: [ view_parse ] --END-- [ RunTime:0.031250s ]
INFO: [ view_filter ] --START--
INFO: ContentReplace Behavior ::run [ RunTime:0.000000s ]
INFO: TokenBuild Behavior ::run [ RunTime:0.000000s ]
INFO: WriteHtmlCache Behavior ::run [ RunTime:0.000000s ]
INFO: ShowRuntime Behavior ::run [ RunTime:0.000000s ]
INFO: [ view_filter ] --END-- [ RunTime:0.000000s ]
INFO: [ view_end ] --START--
INFO: ShowPageTrace Behavior ::run [ RunTime:0.000000s ]
INFO: [ view_end ] --END-- [ RunTime:0.000000s ]

[ 2017-03-21T10:33:43+08:00 ] 183.13.191.26 /wz170315/index.php?m=goods&a=index.php&classify_id=354
INFO: [ app_begin ] --START--
INFO: ReadHtmlCache Behavior ::run [ RunTime:0.000000s ]
INFO: [ app_begin ] --END-- [ RunTime:0.000000s ]
ERR: 非法操作:index.php

[ 2017-03-21T10:33:48+08:00 ] 183.13.191.26 /wz170315/index.php?m=goods&a=index&classify_id=354
INFO: [ app_begin ] --START--
INFO: ReadHtmlCache Behavior ::run [ RunTime:0.000000s ]
INFO: [ app_begin ] --END-- [ RunTime:0.000000s ]
INFO: [ view_parse ] --START--
SQL: SHOW COLUMNS FROM `index_site` [ RunTime:0.000000s ]
SQL: SELECT * FROM `index_site` WHERE ( `version_id` = 1 ) LIMIT 1   [ RunTime:0.000000s ]
SQL: SHOW COLUMNS FROM `index_classify_type` [ RunTime:0.000000s ]
SQL: SELECT `type_id` FROM `index_classify_type` WHERE ( `table_name` = 'goods' ) LIMIT 1   [ RunTime:0.000000s ]
SQL: SHOW COLUMNS FROM `index_classify` [ RunTime:0.000000s ]
SQL: SELECT `level_id`,`classify_id`,`classify_pid` FROM `index_classify` WHERE ( `classify_id` = 354 ) LIMIT 1   [ RunTime:0.000000s ]
SQL: SELECT `level_id`,`classify_id`,`classify_pid` FROM `index_classify` WHERE ( `classify_id` = 354 ) LIMIT 1   [ RunTime:0.000000s ]
SQL: SHOW COLUMNS FROM `index_cart` [ RunTime:0.000000s ]
SQL: SELECT COUNT(*) AS tp_count FROM `index_cart` WHERE ( `member_id` = null ) LIMIT 1   [ RunTime:0.000000s ]
SQL: SHOW COLUMNS FROM `index_account` [ RunTime:0.000000s ]
SQL: SELECT `balance` FROM `index_account` WHERE ( `member_id` = null ) ORDER BY account_id desc LIMIT 1   [ RunTime:0.000000s ]
SQL: SELECT * FROM `index_classify` WHERE ( `classify_id` = 354 ) LIMIT 1   [ RunTime:0.000000s ]
SQL: SELECT * FROM `index_classify` WHERE ( `classify_id` = 354 ) LIMIT 1   [ RunTime:0.000000s ]
SQL: SELECT * FROM `index_classify` WHERE ( `classify_id` = 4 ) LIMIT 1   [ RunTime:0.000000s ]
SQL: SELECT * FROM `index_classify_type` WHERE ( `type_id` = 3 ) LIMIT 1   [ RunTime:0.000000s ]
SQL: SELECT * FROM `index_classify` WHERE ( `classify_id` = 354 ) LIMIT 1   [ RunTime:0.000000s ]
SQL: SELECT * FROM index_goods n,index_relevance r WHERE ( r.classify_id =354 and r.content_id=n.goods_id ) ORDER BY date desc LIMIT 0,12   [ RunTime:0.000000s ]
SQL: SELECT * FROM `index_classify_type` WHERE ( `type_id` = 3 ) LIMIT 1   [ RunTime:0.000000s ]
SQL: SELECT * FROM `index_classify_type` WHERE ( `type_id` = 3 ) LIMIT 1   [ RunTime:0.000000s ]
SQL: SELECT * FROM `index_classify_type` WHERE ( `type_id` = 3 ) LIMIT 1   [ RunTime:0.000000s ]
SQL: SELECT * FROM `index_classify_type` WHERE ( `type_id` = 3 ) LIMIT 1   [ RunTime:0.000000s ]
SQL: SELECT * FROM `index_classify_type` WHERE ( `type_id` = 3 ) LIMIT 1   [ RunTime:0.000000s ]
SQL: SELECT * FROM `index_classify_type` WHERE ( `type_id` = 3 ) LIMIT 1   [ RunTime:0.000000s ]
SQL: SELECT * FROM `index_classify_type` WHERE ( `type_id` = 3 ) LIMIT 1   [ RunTime:0.000000s ]
SQL: SELECT * FROM `index_classify_type` WHERE ( `type_id` = 3 ) LIMIT 1   [ RunTime:0.000000s ]
SQL: SELECT * FROM `index_classify_type` WHERE ( `type_id` = 3 ) LIMIT 1   [ RunTime:0.000000s ]
SQL: SELECT * FROM `index_classify_type` WHERE ( `type_id` = 3 ) LIMIT 1   [ RunTime:0.000000s ]
SQL: SELECT * FROM `index_classify_type` WHERE ( `type_id` = 3 ) LIMIT 1   [ RunTime:0.000000s ]
SQL: SELECT * FROM `index_classify_type` WHERE ( `type_id` = 3 ) LIMIT 1   [ RunTime:0.000000s ]
SQL: SELECT * FROM `index_classify_type` WHERE ( `type_id` = 3 ) LIMIT 1   [ RunTime:0.000000s ]
SQL: SELECT * FROM `index_classify_type` WHERE ( `type_id` = 3 ) LIMIT 1   [ RunTime:0.000000s ]
SQL: SELECT * FROM `index_classify_type` WHERE ( `type_id` = 3 ) LIMIT 1   [ RunTime:0.000000s ]
SQL: SELECT * FROM `index_classify_type` WHERE ( `type_id` = 3 ) LIMIT 1   [ RunTime:0.000000s ]
NOTIC: [8] Object of class Model could not be converted to int D:\WWW\wz170315\Index\Tpl\public\page.php 第 6 行.
INFO: ParseTemplate Behavior ::run [ RunTime:0.046875s ]
INFO: [ view_parse ] --END-- [ RunTime:0.046875s ]
INFO: [ view_filter ] --START--
INFO: ContentReplace Behavior ::run [ RunTime:0.000000s ]
INFO: TokenBuild Behavior ::run [ RunTime:0.000000s ]
INFO: WriteHtmlCache Behavior ::run [ RunTime:0.000000s ]
INFO: ShowRuntime Behavior ::run [ RunTime:0.000000s ]
INFO: [ view_filter ] --END-- [ RunTime:0.000000s ]
INFO: [ view_end ] --START--
INFO: ShowPageTrace Behavior ::run [ RunTime:0.000000s ]
INFO: [ view_end ] --END-- [ RunTime:0.000000s ]

[ 2017-03-21T10:35:50+08:00 ] 183.13.191.26 /wz170315/index.php?m=goods&a=details&content_id=104
INFO: [ app_begin ] --START--
INFO: ReadHtmlCache Behavior ::run [ RunTime:0.000000s ]
INFO: [ app_begin ] --END-- [ RunTime:0.000000s ]
INFO: [ view_parse ] --START--
SQL: SHOW COLUMNS FROM `index_site` [ RunTime:0.000000s ]
SQL: SELECT * FROM `index_site` WHERE ( `version_id` = 1 ) LIMIT 1   [ RunTime:0.000000s ]
SQL: SHOW COLUMNS FROM `index_relevance` [ RunTime:0.000000s ]
SQL: SHOW COLUMNS FROM `index_classify_type` [ RunTime:0.000000s ]
SQL: SELECT `type_id` FROM `index_classify_type` WHERE ( `table_name` = 'goods' ) LIMIT 1   [ RunTime:0.000000s ]
SQL: SELECT `classify_id` FROM `index_relevance` WHERE ( `content_id` = 104 ) AND ( `main_id` = 1 ) AND ( `type_id` = 3 ) LIMIT 1   [ RunTime:0.000000s ]
SQL: SELECT `type_id` FROM `index_classify_type` WHERE ( `table_name` = 'goods' ) LIMIT 1   [ RunTime:0.000000s ]
SQL: SHOW COLUMNS FROM `index_classify` [ RunTime:0.000000s ]
SQL: SELECT `level_id`,`classify_id`,`classify_pid` FROM `index_classify` WHERE ( `classify_id` = 354 ) LIMIT 1   [ RunTime:0.000000s ]
SQL: SELECT `level_id`,`classify_id`,`classify_pid` FROM `index_classify` WHERE ( `classify_id` = 354 ) LIMIT 1   [ RunTime:0.000000s ]
SQL: SHOW COLUMNS FROM `index_cart` [ RunTime:0.000000s ]
SQL: SELECT COUNT(*) AS tp_count FROM `index_cart` WHERE ( `member_id` = null ) LIMIT 1   [ RunTime:0.000000s ]
SQL: SHOW COLUMNS FROM `index_account` [ RunTime:0.000000s ]
SQL: SELECT `balance` FROM `index_account` WHERE ( `member_id` = null ) ORDER BY account_id desc LIMIT 1   [ RunTime:0.000000s ]
SQL: SELECT * FROM `index_classify` WHERE ( `classify_id` = 354 ) LIMIT 1   [ RunTime:0.000000s ]
SQL: SELECT * FROM `index_classify` WHERE ( `classify_id` = 354 ) LIMIT 1   [ RunTime:0.000000s ]
SQL: SELECT * FROM `index_classify` WHERE ( `classify_id` = 4 ) LIMIT 1   [ RunTime:0.000000s ]
SQL: SELECT * FROM `index_classify_type` WHERE ( `type_id` = 3 ) LIMIT 1   [ RunTime:0.000000s ]
SQL: SELECT * FROM `index_classify` WHERE ( `classify_id` = 354 ) LIMIT 1   [ RunTime:0.000000s ]
SQL: SHOW COLUMNS FROM `index_goods` [ RunTime:0.000000s ]
SQL: SELECT * FROM `index_goods` WHERE ( `goods_id` = 104 ) LIMIT 1   [ RunTime:0.000000s ]
INFO: ParseTemplate Behavior ::run [ RunTime:0.046875s ]
INFO: [ view_parse ] --END-- [ RunTime:0.046875s ]
INFO: [ view_filter ] --START--
INFO: ContentReplace Behavior ::run [ RunTime:0.000000s ]
INFO: TokenBuild Behavior ::run [ RunTime:0.000000s ]
INFO: WriteHtmlCache Behavior ::run [ RunTime:0.000000s ]
INFO: ShowRuntime Behavior ::run [ RunTime:0.000000s ]
INFO: [ view_filter ] --END-- [ RunTime:0.000000s ]
INFO: [ view_end ] --START--
INFO: ShowPageTrace Behavior ::run [ RunTime:0.000000s ]
INFO: [ view_end ] --END-- [ RunTime:0.000000s ]

[ 2017-03-21T10:36:35+08:00 ] 183.13.191.26 /wz170315/index.php?m=goods&a=details_shop&content_id=104
INFO: [ app_begin ] --START--
INFO: ReadHtmlCache Behavior ::run [ RunTime:0.000000s ]
INFO: [ app_begin ] --END-- [ RunTime:0.000000s ]
NOTIC: [8] Constant THEME_NAME already defined D:\WWW\wz170315\ThinkPHP\Lib\Core\View.class.php 第 223 行.
NOTIC: [8] Constant THEME_PATH already defined D:\WWW\wz170315\ThinkPHP\Lib\Core\View.class.php 第 174 行.
NOTIC: [8] Constant APP_TMPL_PATH already defined D:\WWW\wz170315\ThinkPHP\Lib\Core\View.class.php 第 175 行.
INFO: [ view_parse ] --START--
SQL: SHOW COLUMNS FROM `index_site` [ RunTime:0.000000s ]
SQL: SELECT * FROM `index_site` WHERE ( `version_id` = 1 ) LIMIT 1   [ RunTime:0.000000s ]
SQL: SHOW COLUMNS FROM `index_relevance` [ RunTime:0.015625s ]
SQL: SHOW COLUMNS FROM `index_classify_type` [ RunTime:0.000000s ]
SQL: SELECT `type_id` FROM `index_classify_type` WHERE ( `table_name` = 'goods' ) LIMIT 1   [ RunTime:0.000000s ]
SQL: SELECT `classify_id` FROM `index_relevance` WHERE ( `content_id` = 104 ) AND ( `main_id` = 1 ) AND ( `type_id` = 3 ) LIMIT 1   [ RunTime:0.000000s ]
SQL: SELECT `type_id` FROM `index_classify_type` WHERE ( `table_name` = 'goods' ) LIMIT 1   [ RunTime:0.000000s ]
SQL: SHOW COLUMNS FROM `index_classify` [ RunTime:0.000000s ]
SQL: SELECT `level_id`,`classify_id`,`classify_pid` FROM `index_classify` WHERE ( `classify_id` = 354 ) LIMIT 1   [ RunTime:0.000000s ]
SQL: SELECT `level_id`,`classify_id`,`classify_pid` FROM `index_classify` WHERE ( `classify_id` = 354 ) LIMIT 1   [ RunTime:0.000000s ]
SQL: SHOW COLUMNS FROM `index_cart` [ RunTime:0.000000s ]
SQL: SELECT COUNT(*) AS tp_count FROM `index_cart` WHERE ( `member_id` = null ) LIMIT 1   [ RunTime:0.000000s ]
SQL: SHOW COLUMNS FROM `index_account` [ RunTime:0.000000s ]
SQL: SELECT `balance` FROM `index_account` WHERE ( `member_id` = null ) ORDER BY account_id desc LIMIT 1   [ RunTime:0.000000s ]
SQL: SHOW COLUMNS FROM `index_goods` [ RunTime:0.000000s ]
SQL: SELECT * FROM `index_goods` WHERE ( `goods_id` = 104 ) LIMIT 1   [ RunTime:0.000000s ]
NOTIC: [8] Undefined index: additional_img5 D:\WWW\wz170315\Index\Runtime\Cache\ff66c54bfd6441c03e79d6171da23a8a.php 第 20 行.
NOTIC: [8] Undefined index: additional_img6 D:\WWW\wz170315\Index\Runtime\Cache\ff66c54bfd6441c03e79d6171da23a8a.php 第 20 行.
NOTIC: [8] Undefined index: additional_img7 D:\WWW\wz170315\Index\Runtime\Cache\ff66c54bfd6441c03e79d6171da23a8a.php 第 20 行.
NOTIC: [8] Undefined index: additional_img8 D:\WWW\wz170315\Index\Runtime\Cache\ff66c54bfd6441c03e79d6171da23a8a.php 第 20 行.
NOTIC: [8] Undefined index: additional_img9 D:\WWW\wz170315\Index\Runtime\Cache\ff66c54bfd6441c03e79d6171da23a8a.php 第 20 行.
NOTIC: [2] Invalid argument supplied for foreach() D:\WWW\wz170315\Index\Runtime\Cache\ff66c54bfd6441c03e79d6171da23a8a.php 第 36 行.
INFO: ParseTemplate Behavior ::run [ RunTime:0.062500s ]
INFO: [ view_parse ] --END-- [ RunTime:0.062500s ]
INFO: [ view_filter ] --START--
INFO: ContentReplace Behavior ::run [ RunTime:0.000000s ]
INFO: TokenBuild Behavior ::run [ RunTime:0.000000s ]
INFO: WriteHtmlCache Behavior ::run [ RunTime:0.000000s ]
INFO: ShowRuntime Behavior ::run [ RunTime:0.000000s ]
INFO: [ view_filter ] --END-- [ RunTime:0.000000s ]
INFO: [ view_end ] --START--
INFO: ShowPageTrace Behavior ::run [ RunTime:0.000000s ]
INFO: [ view_end ] --END-- [ RunTime:0.000000s ]

[ 2017-03-21T10:36:43+08:00 ] 183.13.191.26 /wz170315/index.php?m=goods&a=details_shop&content_id=104
INFO: [ app_begin ] --START--
INFO: ReadHtmlCache Behavior ::run [ RunTime:0.000000s ]
INFO: [ app_begin ] --END-- [ RunTime:0.000000s ]
NOTIC: [8] Constant THEME_NAME already defined D:\WWW\wz170315\ThinkPHP\Lib\Core\View.class.php 第 223 行.
NOTIC: [8] Constant THEME_PATH already defined D:\WWW\wz170315\ThinkPHP\Lib\Core\View.class.php 第 174 行.
NOTIC: [8] Constant APP_TMPL_PATH already defined D:\WWW\wz170315\ThinkPHP\Lib\Core\View.class.php 第 175 行.
INFO: [ view_parse ] --START--
SQL: SHOW COLUMNS FROM `index_site` [ RunTime:0.000000s ]
SQL: SELECT * FROM `index_site` WHERE ( `version_id` = 1 ) LIMIT 1   [ RunTime:0.000000s ]
SQL: SHOW COLUMNS FROM `index_relevance` [ RunTime:0.015625s ]
SQL: SHOW COLUMNS FROM `index_classify_type` [ RunTime:0.000000s ]
SQL: SELECT `type_id` FROM `index_classify_type` WHERE ( `table_name` = 'goods' ) LIMIT 1   [ RunTime:0.000000s ]
SQL: SELECT `classify_id` FROM `index_relevance` WHERE ( `content_id` = 104 ) AND ( `main_id` = 1 ) AND ( `type_id` = 3 ) LIMIT 1   [ RunTime:0.000000s ]
SQL: SELECT `type_id` FROM `index_classify_type` WHERE ( `table_name` = 'goods' ) LIMIT 1   [ RunTime:0.000000s ]
SQL: SHOW COLUMNS FROM `index_classify` [ RunTime:0.000000s ]
SQL: SELECT `level_id`,`classify_id`,`classify_pid` FROM `index_classify` WHERE ( `classify_id` = 354 ) LIMIT 1   [ RunTime:0.000000s ]
SQL: SELECT `level_id`,`classify_id`,`classify_pid` FROM `index_classify` WHERE ( `classify_id` = 354 ) LIMIT 1   [ RunTime:0.000000s ]
SQL: SHOW COLUMNS FROM `index_cart` [ RunTime:0.000000s ]
SQL: SELECT COUNT(*) AS tp_count FROM `index_cart` WHERE ( `member_id` = null ) LIMIT 1   [ RunTime:0.000000s ]
SQL: SHOW COLUMNS FROM `index_account` [ RunTime:0.000000s ]
SQL: SELECT `balance` FROM `index_account` WHERE ( `member_id` = null ) ORDER BY account_id desc LIMIT 1   [ RunTime:0.000000s ]
SQL: SHOW COLUMNS FROM `index_goods` [ RunTime:0.000000s ]
SQL: SELECT * FROM `index_goods` WHERE ( `goods_id` = 104 ) LIMIT 1   [ RunTime:0.000000s ]
NOTIC: [8] Undefined index: additional_img5 D:\WWW\wz170315\Index\Runtime\Cache\ff66c54bfd6441c03e79d6171da23a8a.php 第 20 行.
NOTIC: [8] Undefined index: additional_img6 D:\WWW\wz170315\Index\Runtime\Cache\ff66c54bfd6441c03e79d6171da23a8a.php 第 20 行.
NOTIC: [8] Undefined index: additional_img7 D:\WWW\wz170315\Index\Runtime\Cache\ff66c54bfd6441c03e79d6171da23a8a.php 第 20 行.
NOTIC: [8] Undefined index: additional_img8 D:\WWW\wz170315\Index\Runtime\Cache\ff66c54bfd6441c03e79d6171da23a8a.php 第 20 行.
NOTIC: [8] Undefined index: additional_img9 D:\WWW\wz170315\Index\Runtime\Cache\ff66c54bfd6441c03e79d6171da23a8a.php 第 20 行.
NOTIC: [2] Invalid argument supplied for foreach() D:\WWW\wz170315\Index\Runtime\Cache\ff66c54bfd6441c03e79d6171da23a8a.php 第 36 行.
INFO: ParseTemplate Behavior ::run [ RunTime:0.031250s ]
INFO: [ view_parse ] --END-- [ RunTime:0.031250s ]
INFO: [ view_filter ] --START--
INFO: ContentReplace Behavior ::run [ RunTime:0.000000s ]
INFO: TokenBuild Behavior ::run [ RunTime:0.000000s ]
INFO: WriteHtmlCache Behavior ::run [ RunTime:0.000000s ]
INFO: ShowRuntime Behavior ::run [ RunTime:0.000000s ]
INFO: [ view_filter ] --END-- [ RunTime:0.000000s ]
INFO: [ view_end ] --START--
INFO: ShowPageTrace Behavior ::run [ RunTime:0.000000s ]
INFO: [ view_end ] --END-- [ RunTime:0.000000s ]

[ 2017-03-21T10:41:18+08:00 ] 183.13.191.26 /wz170315/index.php?m=message
INFO: [ app_begin ] --START--
INFO: ReadHtmlCache Behavior ::run [ RunTime:0.000000s ]
INFO: [ app_begin ] --END-- [ RunTime:0.000000s ]
INFO: [ view_parse ] --START--
SQL: SHOW COLUMNS FROM `index_site` [ RunTime:0.000000s ]
SQL: SELECT * FROM `index_site` WHERE ( `version_id` = 1 ) LIMIT 1   [ RunTime:0.000000s ]
SQL: SHOW COLUMNS FROM `index_relevance` [ RunTime:0.000000s ]
SQL: SHOW COLUMNS FROM `index_classify_type` [ RunTime:0.000000s ]
SQL: SELECT `type_id` FROM `index_classify_type` WHERE ( `table_name` = 'message' ) LIMIT 1   [ RunTime:0.000000s ]
SQL: SELECT `classify_id` FROM `index_relevance` WHERE ( `content_id` = 0 ) AND ( `main_id` = 1 ) AND ( `type_id` = 11 ) LIMIT 1   [ RunTime:0.000000s ]
SQL: SELECT `type_id` FROM `index_classify_type` WHERE ( `table_name` = 'message' ) LIMIT 1   [ RunTime:0.000000s ]
SQL: SHOW COLUMNS FROM `index_classify` [ RunTime:0.000000s ]
SQL: SELECT `level_id`,`classify_id`,`classify_pid` FROM `index_classify` WHERE ( `classify_id` = null ) LIMIT 1   [ RunTime:0.000000s ]
SQL: SHOW COLUMNS FROM `index_cart` [ RunTime:0.015625s ]
SQL: SELECT COUNT(*) AS tp_count FROM `index_cart` WHERE ( `member_id` = null ) LIMIT 1   [ RunTime:0.000000s ]
SQL: SHOW COLUMNS FROM `index_account` [ RunTime:0.000000s ]
SQL: SELECT `balance` FROM `index_account` WHERE ( `member_id` = null ) ORDER BY account_id desc LIMIT 1   [ RunTime:0.000000s ]
SQL: SELECT * FROM `index_classify` WHERE ( `classify_id` = 3 ) LIMIT 1   [ RunTime:0.000000s ]
SQL: SHOW COLUMNS FROM `index_input` [ RunTime:0.000000s ]
SQL: SELECT * FROM `index_input` WHERE ( `type_id` = 11 ) AND ( `show_switch` = 2 ) AND (  (`input_pid` is null)  ) ORDER BY date asc  [ RunTime:0.000000s ]
SQL: SELECT * FROM `index_input` WHERE ( `type_id` = 11 ) AND ( `show_switch` = 2 ) AND ( `required_switch` = 2 ) AND (  (`input_pid` is null)  ) ORDER BY date asc  [ RunTime:0.000000s ]
INFO: ParseTemplate Behavior ::run [ RunTime:0.031250s ]
INFO: [ view_parse ] --END-- [ RunTime:0.031250s ]
INFO: [ view_filter ] --START--
INFO: ContentReplace Behavior ::run [ RunTime:0.000000s ]
INFO: TokenBuild Behavior ::run [ RunTime:0.000000s ]
INFO: WriteHtmlCache Behavior ::run [ RunTime:0.000000s ]
INFO: ShowRuntime Behavior ::run [ RunTime:0.000000s ]
INFO: [ view_filter ] --END-- [ RunTime:0.000000s ]
INFO: [ view_end ] --START--
INFO: ShowPageTrace Behavior ::run [ RunTime:0.000000s ]
INFO: [ view_end ] --END-- [ RunTime:0.000000s ]

[ 2017-03-21T10:43:46+08:00 ] 183.13.191.26 /wz170315/index.php?m=message
INFO: [ app_begin ] --START--
INFO: ReadHtmlCache Behavior ::run [ RunTime:0.000000s ]
INFO: [ app_begin ] --END-- [ RunTime:0.000000s ]
INFO: [ view_parse ] --START--
SQL: SHOW COLUMNS FROM `index_site` [ RunTime:0.000000s ]
SQL: SELECT * FROM `index_site` WHERE ( `version_id` = 1 ) LIMIT 1   [ RunTime:0.000000s ]
SQL: SHOW COLUMNS FROM `index_relevance` [ RunTime:0.000000s ]
SQL: SHOW COLUMNS FROM `index_classify_type` [ RunTime:0.000000s ]
SQL: SELECT `type_id` FROM `index_classify_type` WHERE ( `table_name` = 'message' ) LIMIT 1   [ RunTime:0.000000s ]
SQL: SELECT `classify_id` FROM `index_relevance` WHERE ( `content_id` = 0 ) AND ( `main_id` = 1 ) AND ( `type_id` = 11 ) LIMIT 1   [ RunTime:0.000000s ]
SQL: SELECT `type_id` FROM `index_classify_type` WHERE ( `table_name` = 'message' ) LIMIT 1   [ RunTime:0.000000s ]
SQL: SHOW COLUMNS FROM `index_classify` [ RunTime:0.015625s ]
SQL: SELECT `level_id`,`classify_id`,`classify_pid` FROM `index_classify` WHERE ( `classify_id` = null ) LIMIT 1   [ RunTime:0.000000s ]
SQL: SHOW COLUMNS FROM `index_cart` [ RunTime:0.000000s ]
SQL: SELECT COUNT(*) AS tp_count FROM `index_cart` WHERE ( `member_id` = null ) LIMIT 1   [ RunTime:0.000000s ]
SQL: SHOW COLUMNS FROM `index_account` [ RunTime:0.000000s ]
SQL: SELECT `balance` FROM `index_account` WHERE ( `member_id` = null ) ORDER BY account_id desc LIMIT 1   [ RunTime:0.000000s ]
SQL: SELECT * FROM `index_classify` WHERE ( `classify_id` = 3 ) LIMIT 1   [ RunTime:0.000000s ]
SQL: SHOW COLUMNS FROM `index_input` [ RunTime:0.000000s ]
SQL: SELECT * FROM `index_input` WHERE ( `type_id` = 11 ) AND ( `show_switch` = 2 ) AND (  (`input_pid` is null)  ) ORDER BY date asc  [ RunTime:0.000000s ]
SQL: SELECT * FROM `index_input` WHERE ( `type_id` = 11 ) AND ( `show_switch` = 2 ) AND ( `required_switch` = 2 ) AND (  (`input_pid` is null)  ) ORDER BY date asc  [ RunTime:0.000000s ]
INFO: ParseTemplate Behavior ::run [ RunTime:0.031250s ]
INFO: [ view_parse ] --END-- [ RunTime:0.031250s ]
INFO: [ view_filter ] --START--
INFO: ContentReplace Behavior ::run [ RunTime:0.000000s ]
INFO: TokenBuild Behavior ::run [ RunTime:0.000000s ]
INFO: WriteHtmlCache Behavior ::run [ RunTime:0.000000s ]
INFO: ShowRuntime Behavior ::run [ RunTime:0.000000s ]
INFO: [ view_filter ] --END-- [ RunTime:0.000000s ]
INFO: [ view_end ] --START--
INFO: ShowPageTrace Behavior ::run [ RunTime:0.000000s ]
INFO: [ view_end ] --END-- [ RunTime:0.000000s ]

[ 2017-03-21T10:43:54+08:00 ] 183.13.191.26 /wz170315/index.php?m=message
INFO: [ app_begin ] --START--
INFO: ReadHtmlCache Behavior ::run [ RunTime:0.000000s ]
INFO: [ app_begin ] --END-- [ RunTime:0.000000s ]
INFO: [ view_parse ] --START--
SQL: SHOW COLUMNS FROM `index_site` [ RunTime:0.000000s ]
SQL: SELECT * FROM `index_site` WHERE ( `version_id` = 1 ) LIMIT 1   [ RunTime:0.000000s ]
SQL: SHOW COLUMNS FROM `index_relevance` [ RunTime:0.000000s ]
SQL: SHOW COLUMNS FROM `index_classify_type` [ RunTime:0.000000s ]
SQL: SELECT `type_id` FROM `index_classify_type` WHERE ( `table_name` = 'message' ) LIMIT 1   [ RunTime:0.000000s ]
SQL: SELECT `classify_id` FROM `index_relevance` WHERE ( `content_id` = 0 ) AND ( `main_id` = 1 ) AND ( `type_id` = 11 ) LIMIT 1   [ RunTime:0.000000s ]
SQL: SELECT `type_id` FROM `index_classify_type` WHERE ( `table_name` = 'message' ) LIMIT 1   [ RunTime:0.000000s ]
SQL: SHOW COLUMNS FROM `index_classify` [ RunTime:0.015625s ]
SQL: SELECT `level_id`,`classify_id`,`classify_pid` FROM `index_classify` WHERE ( `classify_id` = null ) LIMIT 1   [ RunTime:0.000000s ]
SQL: SHOW COLUMNS FROM `index_cart` [ RunTime:0.000000s ]
SQL: SELECT COUNT(*) AS tp_count FROM `index_cart` WHERE ( `member_id` = null ) LIMIT 1   [ RunTime:0.000000s ]
SQL: SHOW COLUMNS FROM `index_account` [ RunTime:0.000000s ]
SQL: SELECT `balance` FROM `index_account` WHERE ( `member_id` = null ) ORDER BY account_id desc LIMIT 1   [ RunTime:0.000000s ]
SQL: SELECT * FROM `index_classify` WHERE ( `classify_id` = 3 ) LIMIT 1   [ RunTime:0.000000s ]
SQL: SHOW COLUMNS FROM `index_input` [ RunTime:0.000000s ]
SQL: SELECT * FROM `index_input` WHERE ( `type_id` = 11 ) AND ( `show_switch` = 2 ) AND (  (`input_pid` is null)  ) ORDER BY date asc  [ RunTime:0.000000s ]
SQL: SELECT * FROM `index_input` WHERE ( `type_id` = 11 ) AND ( `show_switch` = 2 ) AND ( `required_switch` = 2 ) AND (  (`input_pid` is null)  ) ORDER BY date asc  [ RunTime:0.000000s ]
INFO: ParseTemplate Behavior ::run [ RunTime:0.031250s ]
INFO: [ view_parse ] --END-- [ RunTime:0.031250s ]
INFO: [ view_filter ] --START--
INFO: ContentReplace Behavior ::run [ RunTime:0.000000s ]
INFO: TokenBuild Behavior ::run [ RunTime:0.000000s ]
INFO: WriteHtmlCache Behavior ::run [ RunTime:0.000000s ]
INFO: ShowRuntime Behavior ::run [ RunTime:0.000000s ]
INFO: [ view_filter ] --END-- [ RunTime:0.000000s ]
INFO: [ view_end ] --START--
INFO: ShowPageTrace Behavior ::run [ RunTime:0.000000s ]
INFO: [ view_end ] --END-- [ RunTime:0.000000s ]

