[ 2017-03-28T03:07:20+08:00 ] 110.75.145.2 /wz170315/index.php/alipay/link_return
INFO: [ route_check ] --START--
INFO: CheckRoute Behavior ::run [ RunTime:0.000000s ]
INFO: [ route_check ] --END-- [ RunTime:0.000000s ]
INFO: [ app_begin ] --START--
INFO: ReadHtmlCache Behavior ::run [ RunTime:0.000000s ]
INFO: [ app_begin ] --END-- [ RunTime:0.000000s ]

[ 2017-03-28T03:07:20+08:00 ] 110.75.145.2 /wz170315/index.php?m=order&a=pay_success&order_id=
INFO: [ app_begin ] --START--
INFO: ReadHtmlCache Behavior ::run [ RunTime:0.000000s ]
INFO: [ app_begin ] --END-- [ RunTime:0.000000s ]
NOTIC: [8] Constant THEME_NAME already defined D:\WWW\wz170315\ThinkPHP\Lib\Core\View.class.php 第 223 行.
NOTIC: [8] Constant THEME_PATH already defined D:\WWW\wz170315\ThinkPHP\Lib\Core\View.class.php 第 174 行.
NOTIC: [8] Constant APP_TMPL_PATH already defined D:\WWW\wz170315\ThinkPHP\Lib\Core\View.class.php 第 175 行.
INFO: [ view_parse ] --START--
SQL: SHOW COLUMNS FROM `index_site` [ RunTime:0.015625s ]
SQL: SELECT * FROM `index_site` WHERE ( `version_id` = 1 ) LIMIT 1   [ RunTime:0.000000s ]
SQL: SHOW COLUMNS FROM `index_relevance` [ RunTime:0.000000s ]
SQL: SHOW COLUMNS FROM `index_classify_type` [ RunTime:0.000000s ]
SQL: SELECT `type_id` FROM `index_classify_type` WHERE ( `table_name` = 'order' ) LIMIT 1   [ RunTime:0.000000s ]
SQL: SELECT `classify_id` FROM `index_relevance` WHERE ( `content_id` = 0 ) AND ( `main_id` = 1 ) AND ( `type_id` = 47 ) LIMIT 1   [ RunTime:0.000000s ]
SQL: SELECT `type_id` FROM `index_classify_type` WHERE ( `table_name` = 'order' ) LIMIT 1   [ RunTime:0.000000s ]
SQL: SHOW COLUMNS FROM `index_classify` [ RunTime:0.000000s ]
SQL: SELECT `level_id`,`classify_id`,`classify_pid` FROM `index_classify` WHERE ( `classify_id` = null ) LIMIT 1   [ RunTime:0.000000s ]
SQL: SHOW COLUMNS FROM `index_cart` [ RunTime:0.000000s ]
SQL: SELECT COUNT(*) AS tp_count FROM `index_cart` WHERE ( `member_id` = null ) LIMIT 1   [ RunTime:0.000000s ]
SQL: SHOW COLUMNS FROM `index_account` [ RunTime:0.000000s ]
SQL: SELECT `balance` FROM `index_account` WHERE ( `member_id` = null ) ORDER BY account_id desc LIMIT 1   [ RunTime:0.000000s ]
NOTIC: [8] Undefined index: is_success D:\WWW\wz170315\Index\Runtime\Cache\cf0e5ac566b8ed06b426cd874459fc86.php 第 27 行.
NOTIC: [8] Undefined variable: order D:\WWW\wz170315\Index\Runtime\Cache\cf0e5ac566b8ed06b426cd874459fc86.php 第 33 行.
NOTIC: [8] Undefined variable: order D:\WWW\wz170315\Index\Runtime\Cache\cf0e5ac566b8ed06b426cd874459fc86.php 第 33 行.
NOTIC: [8] Undefined variable: order D:\WWW\wz170315\Index\Runtime\Cache\cf0e5ac566b8ed06b426cd874459fc86.php 第 34 行.
INFO: ParseTemplate Behavior ::run [ RunTime:0.031250s ]
INFO: [ view_parse ] --END-- [ RunTime:0.031250s ]
INFO: [ view_filter ] --START--
INFO: ContentReplace Behavior ::run [ RunTime:0.000000s ]
INFO: TokenBuild Behavior ::run [ RunTime:0.000000s ]
INFO: WriteHtmlCache Behavior ::run [ RunTime:0.000000s ]
INFO: ShowRuntime Behavior ::run [ RunTime:0.000000s ]
INFO: [ view_filter ] --END-- [ RunTime:0.000000s ]
INFO: [ view_end ] --START--
INFO: ShowPageTrace Behavior ::run [ RunTime:0.000000s ]
INFO: [ view_end ] --END-- [ RunTime:0.000000s ]

[ 2017-03-28T03:07:20+08:00 ] 110.75.145.2 /wz170315/index.php/alipay/notify
INFO: [ route_check ] --START--
INFO: CheckRoute Behavior ::run [ RunTime:0.000000s ]
INFO: [ route_check ] --END-- [ RunTime:0.000000s ]
INFO: [ app_begin ] --START--
INFO: ReadHtmlCache Behavior ::run [ RunTime:0.000000s ]
INFO: [ app_begin ] --END-- [ RunTime:0.000000s ]

