[ 2017-03-23T14:51:43+08:00 ] 183.13.190.8 /wz170315/
INFO: [ app_begin ] --START--
INFO: ReadHtmlCache Behavior ::run [ RunTime:0.000000s ]
INFO: [ app_begin ] --END-- [ RunTime:0.000000s ]
INFO: [ view_parse ] --START--
SQL: SHOW COLUMNS FROM `index_site` [ RunTime:0.000000s ]
SQL: SELECT * FROM `index_site` WHERE ( `version_id` = 1 ) LIMIT 1   [ RunTime:0.000000s ]
SQL: SHOW COLUMNS FROM `index_relevance` [ RunTime:0.000000s ]
SQL: SHOW COLUMNS FROM `index_classify_type` [ RunTime:0.000000s ]
SQL: SELECT `type_id` FROM `index_classify_type` WHERE ( `table_name` = 'Index' ) LIMIT 1   [ RunTime:0.000000s ]
SQL: SELECT `classify_id` FROM `index_relevance` WHERE ( `content_id` = 0 ) AND ( `main_id` = 1 ) AND ( `type_id` = null ) LIMIT 1   [ RunTime:0.000000s ]
SQL: SELECT `type_id` FROM `index_classify_type` WHERE ( `table_name` = 'Index' ) LIMIT 1   [ RunTime:0.000000s ]
SQL: SHOW COLUMNS FROM `index_classify` [ RunTime:0.000000s ]
SQL: SELECT `level_id`,`classify_id`,`classify_pid` FROM `index_classify` WHERE ( `classify_id` = null ) LIMIT 1   [ RunTime:0.000000s ]
SQL: SHOW COLUMNS FROM `index_cart` [ RunTime:0.000000s ]
SQL: SELECT COUNT(*) AS tp_count FROM `index_cart` WHERE ( `member_id` = null ) LIMIT 1   [ RunTime:0.000000s ]
SQL: SHOW COLUMNS FROM `index_account` [ RunTime:0.000000s ]
SQL: SELECT `balance` FROM `index_account` WHERE ( `member_id` = null ) ORDER BY account_id desc LIMIT 1   [ RunTime:0.000000s ]
INFO: ParseTemplate Behavior ::run [ RunTime:0.046875s ]
INFO: [ view_parse ] --END-- [ RunTime:0.046875s ]
INFO: [ view_filter ] --START--
INFO: ContentReplace Behavior ::run [ RunTime:0.000000s ]
INFO: TokenBuild Behavior ::run [ RunTime:0.000000s ]
INFO: WriteHtmlCache Behavior ::run [ RunTime:0.000000s ]
INFO: ShowRuntime Behavior ::run [ RunTime:0.000000s ]
INFO: [ view_filter ] --END-- [ RunTime:0.000000s ]
INFO: [ view_end ] --START--
INFO: ShowPageTrace Behavior ::run [ RunTime:0.000000s ]
INFO: [ view_end ] --END-- [ RunTime:0.000000s ]

[ 2017-03-23T20:35:20+08:00 ] 140.205.201.33 /wz170315/INDEX.PHP?M=GOODS&A=INDEX&CLASSIFY_ID=353
INFO: [ app_begin ] --START--
INFO: ReadHtmlCache Behavior ::run [ RunTime:0.000000s ]
INFO: [ app_begin ] --END-- [ RunTime:0.000000s ]
INFO: [ view_parse ] --START--
SQL: SHOW COLUMNS FROM `index_site` [ RunTime:0.000000s ]
SQL: SELECT * FROM `index_site` WHERE ( `version_id` = 1 ) LIMIT 1   [ RunTime:0.000000s ]
SQL: SHOW COLUMNS FROM `index_relevance` [ RunTime:0.000000s ]
SQL: SHOW COLUMNS FROM `index_classify_type` [ RunTime:0.015625s ]
SQL: SELECT `type_id` FROM `index_classify_type` WHERE ( `table_name` = 'Index' ) LIMIT 1   [ RunTime:0.000000s ]
SQL: SELECT `classify_id` FROM `index_relevance` WHERE ( `content_id` = 0 ) AND ( `main_id` = 1 ) AND ( `type_id` = null ) LIMIT 1   [ RunTime:0.000000s ]
SQL: SELECT `type_id` FROM `index_classify_type` WHERE ( `table_name` = 'Index' ) LIMIT 1   [ RunTime:0.000000s ]
SQL: SHOW COLUMNS FROM `index_classify` [ RunTime:0.000000s ]
SQL: SELECT `level_id`,`classify_id`,`classify_pid` FROM `index_classify` WHERE ( `classify_id` = null ) LIMIT 1   [ RunTime:0.000000s ]
SQL: SHOW COLUMNS FROM `index_cart` [ RunTime:0.000000s ]
SQL: SELECT COUNT(*) AS tp_count FROM `index_cart` WHERE ( `member_id` = null ) LIMIT 1   [ RunTime:0.000000s ]
SQL: SHOW COLUMNS FROM `index_account` [ RunTime:0.000000s ]
SQL: SELECT `balance` FROM `index_account` WHERE ( `member_id` = null ) ORDER BY account_id desc LIMIT 1   [ RunTime:0.000000s ]
INFO: ParseTemplate Behavior ::run [ RunTime:0.031250s ]
INFO: [ view_parse ] --END-- [ RunTime:0.031250s ]
INFO: [ view_filter ] --START--
INFO: ContentReplace Behavior ::run [ RunTime:0.000000s ]
INFO: TokenBuild Behavior ::run [ RunTime:0.000000s ]
INFO: WriteHtmlCache Behavior ::run [ RunTime:0.000000s ]
INFO: ShowRuntime Behavior ::run [ RunTime:0.000000s ]
INFO: [ view_filter ] --END-- [ RunTime:0.000000s ]
INFO: [ view_end ] --START--
INFO: ShowPageTrace Behavior ::run [ RunTime:0.000000s ]
INFO: [ view_end ] --END-- [ RunTime:0.000000s ]

[ 2017-03-23T20:41:25+08:00 ] 140.205.201.33 /wz170315/INDEX.PHP
INFO: [ app_begin ] --START--
INFO: ReadHtmlCache Behavior ::run [ RunTime:0.000000s ]
INFO: [ app_begin ] --END-- [ RunTime:0.000000s ]
INFO: [ view_parse ] --START--
SQL: SHOW COLUMNS FROM `index_site` [ RunTime:0.000000s ]
SQL: SELECT * FROM `index_site` WHERE ( `version_id` = 1 ) LIMIT 1   [ RunTime:0.015625s ]
SQL: SHOW COLUMNS FROM `index_relevance` [ RunTime:0.000000s ]
SQL: SHOW COLUMNS FROM `index_classify_type` [ RunTime:0.000000s ]
SQL: SELECT `type_id` FROM `index_classify_type` WHERE ( `table_name` = 'Index' ) LIMIT 1   [ RunTime:0.000000s ]
SQL: SELECT `classify_id` FROM `index_relevance` WHERE ( `content_id` = 0 ) AND ( `main_id` = 1 ) AND ( `type_id` = null ) LIMIT 1   [ RunTime:0.000000s ]
SQL: SELECT `type_id` FROM `index_classify_type` WHERE ( `table_name` = 'Index' ) LIMIT 1   [ RunTime:0.000000s ]
SQL: SHOW COLUMNS FROM `index_classify` [ RunTime:0.000000s ]
SQL: SELECT `level_id`,`classify_id`,`classify_pid` FROM `index_classify` WHERE ( `classify_id` = null ) LIMIT 1   [ RunTime:0.000000s ]
SQL: SHOW COLUMNS FROM `index_cart` [ RunTime:0.000000s ]
SQL: SELECT COUNT(*) AS tp_count FROM `index_cart` WHERE ( `member_id` = null ) LIMIT 1   [ RunTime:0.000000s ]
SQL: SHOW COLUMNS FROM `index_account` [ RunTime:0.000000s ]
SQL: SELECT `balance` FROM `index_account` WHERE ( `member_id` = null ) ORDER BY account_id desc LIMIT 1   [ RunTime:0.000000s ]
INFO: ParseTemplate Behavior ::run [ RunTime:0.031250s ]
INFO: [ view_parse ] --END-- [ RunTime:0.031250s ]
INFO: [ view_filter ] --START--
INFO: ContentReplace Behavior ::run [ RunTime:0.000000s ]
INFO: TokenBuild Behavior ::run [ RunTime:0.000000s ]
INFO: WriteHtmlCache Behavior ::run [ RunTime:0.000000s ]
INFO: ShowRuntime Behavior ::run [ RunTime:0.000000s ]
INFO: [ view_filter ] --END-- [ RunTime:0.000000s ]
INFO: [ view_end ] --START--
INFO: ShowPageTrace Behavior ::run [ RunTime:0.000000s ]
INFO: [ view_end ] --END-- [ RunTime:0.000000s ]

[ 2017-03-23T20:44:31+08:00 ] 140.205.201.33 /wz170315/INDEX.PHP
INFO: [ app_begin ] --START--
INFO: ReadHtmlCache Behavior ::run [ RunTime:0.000000s ]
INFO: [ app_begin ] --END-- [ RunTime:0.000000s ]
INFO: [ view_parse ] --START--
SQL: SHOW COLUMNS FROM `index_site` [ RunTime:0.000000s ]
SQL: SELECT * FROM `index_site` WHERE ( `version_id` = 1 ) LIMIT 1   [ RunTime:0.000000s ]
SQL: SHOW COLUMNS FROM `index_relevance` [ RunTime:0.000000s ]
SQL: SHOW COLUMNS FROM `index_classify_type` [ RunTime:0.000000s ]
SQL: SELECT `type_id` FROM `index_classify_type` WHERE ( `table_name` = 'Index' ) LIMIT 1   [ RunTime:0.000000s ]
SQL: SELECT `classify_id` FROM `index_relevance` WHERE ( `content_id` = 0 ) AND ( `main_id` = 1 ) AND ( `type_id` = null ) LIMIT 1   [ RunTime:0.000000s ]
SQL: SELECT `type_id` FROM `index_classify_type` WHERE ( `table_name` = 'Index' ) LIMIT 1   [ RunTime:0.000000s ]
SQL: SHOW COLUMNS FROM `index_classify` [ RunTime:0.000000s ]
SQL: SELECT `level_id`,`classify_id`,`classify_pid` FROM `index_classify` WHERE ( `classify_id` = null ) LIMIT 1   [ RunTime:0.000000s ]
SQL: SHOW COLUMNS FROM `index_cart` [ RunTime:0.000000s ]
SQL: SELECT COUNT(*) AS tp_count FROM `index_cart` WHERE ( `member_id` = null ) LIMIT 1   [ RunTime:0.000000s ]
SQL: SHOW COLUMNS FROM `index_account` [ RunTime:0.015625s ]
SQL: SELECT `balance` FROM `index_account` WHERE ( `member_id` = null ) ORDER BY account_id desc LIMIT 1   [ RunTime:0.000000s ]
INFO: ParseTemplate Behavior ::run [ RunTime:0.046875s ]
INFO: [ view_parse ] --END-- [ RunTime:0.046875s ]
INFO: [ view_filter ] --START--
INFO: ContentReplace Behavior ::run [ RunTime:0.000000s ]
INFO: TokenBuild Behavior ::run [ RunTime:0.000000s ]
INFO: WriteHtmlCache Behavior ::run [ RunTime:0.000000s ]
INFO: ShowRuntime Behavior ::run [ RunTime:0.000000s ]
INFO: [ view_filter ] --END-- [ RunTime:0.000000s ]
INFO: [ view_end ] --START--
INFO: ShowPageTrace Behavior ::run [ RunTime:0.000000s ]
INFO: [ view_end ] --END-- [ RunTime:0.000000s ]

[ 2017-03-23T20:57:09+08:00 ] 140.205.201.33 /wz170315/INDEX.PHP?M=GOODS&A=INDEX&CLASSIFY_ID=353
INFO: [ app_begin ] --START--
INFO: ReadHtmlCache Behavior ::run [ RunTime:0.000000s ]
INFO: [ app_begin ] --END-- [ RunTime:0.000000s ]
INFO: [ view_parse ] --START--
SQL: SHOW COLUMNS FROM `index_site` [ RunTime:0.000000s ]
SQL: SELECT * FROM `index_site` WHERE ( `version_id` = 1 ) LIMIT 1   [ RunTime:0.000000s ]
SQL: SHOW COLUMNS FROM `index_relevance` [ RunTime:0.000000s ]
SQL: SHOW COLUMNS FROM `index_classify_type` [ RunTime:0.000000s ]
SQL: SELECT `type_id` FROM `index_classify_type` WHERE ( `table_name` = 'Index' ) LIMIT 1   [ RunTime:0.000000s ]
SQL: SELECT `classify_id` FROM `index_relevance` WHERE ( `content_id` = 0 ) AND ( `main_id` = 1 ) AND ( `type_id` = null ) LIMIT 1   [ RunTime:0.000000s ]
SQL: SELECT `type_id` FROM `index_classify_type` WHERE ( `table_name` = 'Index' ) LIMIT 1   [ RunTime:0.000000s ]
SQL: SHOW COLUMNS FROM `index_classify` [ RunTime:0.000000s ]
SQL: SELECT `level_id`,`classify_id`,`classify_pid` FROM `index_classify` WHERE ( `classify_id` = null ) LIMIT 1   [ RunTime:0.000000s ]
SQL: SHOW COLUMNS FROM `index_cart` [ RunTime:0.000000s ]
SQL: SELECT COUNT(*) AS tp_count FROM `index_cart` WHERE ( `member_id` = null ) LIMIT 1   [ RunTime:0.000000s ]
SQL: SHOW COLUMNS FROM `index_account` [ RunTime:0.000000s ]
SQL: SELECT `balance` FROM `index_account` WHERE ( `member_id` = null ) ORDER BY account_id desc LIMIT 1   [ RunTime:0.000000s ]
INFO: ParseTemplate Behavior ::run [ RunTime:0.015625s ]
INFO: [ view_parse ] --END-- [ RunTime:0.015625s ]
INFO: [ view_filter ] --START--
INFO: ContentReplace Behavior ::run [ RunTime:0.000000s ]
INFO: TokenBuild Behavior ::run [ RunTime:0.000000s ]
INFO: WriteHtmlCache Behavior ::run [ RunTime:0.000000s ]
INFO: ShowRuntime Behavior ::run [ RunTime:0.000000s ]
INFO: [ view_filter ] --END-- [ RunTime:0.000000s ]
INFO: [ view_end ] --START--
INFO: ShowPageTrace Behavior ::run [ RunTime:0.000000s ]
INFO: [ view_end ] --END-- [ RunTime:0.000000s ]

[ 2017-03-23T21:27:38+08:00 ] 140.205.201.33 /wz170315/INDEX.PHP?M=GOODSi3943974i&A=INDEX&CLASSIFY_ID=353
INFO: [ app_begin ] --START--
INFO: ReadHtmlCache Behavior ::run [ RunTime:0.000000s ]
INFO: [ app_begin ] --END-- [ RunTime:0.000000s ]
INFO: [ view_parse ] --START--
SQL: SHOW COLUMNS FROM `index_site` [ RunTime:0.000000s ]
SQL: SELECT * FROM `index_site` WHERE ( `version_id` = 1 ) LIMIT 1   [ RunTime:0.000000s ]
SQL: SHOW COLUMNS FROM `index_relevance` [ RunTime:0.000000s ]
SQL: SHOW COLUMNS FROM `index_classify_type` [ RunTime:0.000000s ]
SQL: SELECT `type_id` FROM `index_classify_type` WHERE ( `table_name` = 'Index' ) LIMIT 1   [ RunTime:0.000000s ]
SQL: SELECT `classify_id` FROM `index_relevance` WHERE ( `content_id` = 0 ) AND ( `main_id` = 1 ) AND ( `type_id` = null ) LIMIT 1   [ RunTime:0.000000s ]
SQL: SELECT `type_id` FROM `index_classify_type` WHERE ( `table_name` = 'Index' ) LIMIT 1   [ RunTime:0.000000s ]
SQL: SHOW COLUMNS FROM `index_classify` [ RunTime:0.000000s ]
SQL: SELECT `level_id`,`classify_id`,`classify_pid` FROM `index_classify` WHERE ( `classify_id` = null ) LIMIT 1   [ RunTime:0.000000s ]
SQL: SHOW COLUMNS FROM `index_cart` [ RunTime:0.000000s ]
SQL: SELECT COUNT(*) AS tp_count FROM `index_cart` WHERE ( `member_id` = null ) LIMIT 1   [ RunTime:0.000000s ]
SQL: SHOW COLUMNS FROM `index_account` [ RunTime:0.000000s ]
SQL: SELECT `balance` FROM `index_account` WHERE ( `member_id` = null ) ORDER BY account_id desc LIMIT 1   [ RunTime:0.000000s ]
INFO: ParseTemplate Behavior ::run [ RunTime:0.031250s ]
INFO: [ view_parse ] --END-- [ RunTime:0.031250s ]
INFO: [ view_filter ] --START--
INFO: ContentReplace Behavior ::run [ RunTime:0.000000s ]
INFO: TokenBuild Behavior ::run [ RunTime:0.000000s ]
INFO: WriteHtmlCache Behavior ::run [ RunTime:0.015625s ]
INFO: ShowRuntime Behavior ::run [ RunTime:0.000000s ]
INFO: [ view_filter ] --END-- [ RunTime:0.015625s ]
INFO: [ view_end ] --START--
INFO: ShowPageTrace Behavior ::run [ RunTime:0.000000s ]
INFO: [ view_end ] --END-- [ RunTime:0.000000s ]

[ 2017-03-23T21:27:55+08:00 ] 140.205.201.33 /wz170315/INDEX.PHP?M=GOODSi3943974i&A=INDEX&CLASSIFY_ID=353
INFO: [ app_begin ] --START--
INFO: ReadHtmlCache Behavior ::run [ RunTime:0.000000s ]
INFO: [ app_begin ] --END-- [ RunTime:0.000000s ]
INFO: [ view_parse ] --START--
SQL: SHOW COLUMNS FROM `index_site` [ RunTime:0.000000s ]
SQL: SELECT * FROM `index_site` WHERE ( `version_id` = 1 ) LIMIT 1   [ RunTime:0.000000s ]
SQL: SHOW COLUMNS FROM `index_relevance` [ RunTime:0.000000s ]
SQL: SHOW COLUMNS FROM `index_classify_type` [ RunTime:0.000000s ]
SQL: SELECT `type_id` FROM `index_classify_type` WHERE ( `table_name` = 'Index' ) LIMIT 1   [ RunTime:0.000000s ]
SQL: SELECT `classify_id` FROM `index_relevance` WHERE ( `content_id` = 0 ) AND ( `main_id` = 1 ) AND ( `type_id` = null ) LIMIT 1   [ RunTime:0.000000s ]
SQL: SELECT `type_id` FROM `index_classify_type` WHERE ( `table_name` = 'Index' ) LIMIT 1   [ RunTime:0.000000s ]
SQL: SHOW COLUMNS FROM `index_classify` [ RunTime:0.015625s ]
SQL: SELECT `level_id`,`classify_id`,`classify_pid` FROM `index_classify` WHERE ( `classify_id` = null ) LIMIT 1   [ RunTime:0.000000s ]
SQL: SHOW COLUMNS FROM `index_cart` [ RunTime:0.000000s ]
SQL: SELECT COUNT(*) AS tp_count FROM `index_cart` WHERE ( `member_id` = null ) LIMIT 1   [ RunTime:0.000000s ]
SQL: SHOW COLUMNS FROM `index_account` [ RunTime:0.000000s ]
SQL: SELECT `balance` FROM `index_account` WHERE ( `member_id` = null ) ORDER BY account_id desc LIMIT 1   [ RunTime:0.000000s ]
INFO: ParseTemplate Behavior ::run [ RunTime:0.031250s ]
INFO: [ view_parse ] --END-- [ RunTime:0.031250s ]
INFO: [ view_filter ] --START--
INFO: ContentReplace Behavior ::run [ RunTime:0.000000s ]
INFO: TokenBuild Behavior ::run [ RunTime:0.000000s ]
INFO: WriteHtmlCache Behavior ::run [ RunTime:0.000000s ]
INFO: ShowRuntime Behavior ::run [ RunTime:0.000000s ]
INFO: [ view_filter ] --END-- [ RunTime:0.000000s ]
INFO: [ view_end ] --START--
INFO: ShowPageTrace Behavior ::run [ RunTime:0.000000s ]
INFO: [ view_end ] --END-- [ RunTime:0.000000s ]

[ 2017-03-23T21:27:59+08:00 ] 140.205.201.33 /wz170315/INDEX.PHP?M=GOODSi3943974i&A=INDEX&CLASSIFY_ID=353
INFO: [ app_begin ] --START--
INFO: ReadHtmlCache Behavior ::run [ RunTime:0.000000s ]
INFO: [ app_begin ] --END-- [ RunTime:0.000000s ]
INFO: [ view_parse ] --START--
SQL: SHOW COLUMNS FROM `index_site` [ RunTime:0.000000s ]
SQL: SELECT * FROM `index_site` WHERE ( `version_id` = 1 ) LIMIT 1   [ RunTime:0.000000s ]
SQL: SHOW COLUMNS FROM `index_relevance` [ RunTime:0.000000s ]
SQL: SHOW COLUMNS FROM `index_classify_type` [ RunTime:0.000000s ]
SQL: SELECT `type_id` FROM `index_classify_type` WHERE ( `table_name` = 'Index' ) LIMIT 1   [ RunTime:0.000000s ]
SQL: SELECT `classify_id` FROM `index_relevance` WHERE ( `content_id` = 0 ) AND ( `main_id` = 1 ) AND ( `type_id` = null ) LIMIT 1   [ RunTime:0.000000s ]
SQL: SELECT `type_id` FROM `index_classify_type` WHERE ( `table_name` = 'Index' ) LIMIT 1   [ RunTime:0.000000s ]
SQL: SHOW COLUMNS FROM `index_classify` [ RunTime:0.000000s ]
SQL: SELECT `level_id`,`classify_id`,`classify_pid` FROM `index_classify` WHERE ( `classify_id` = null ) LIMIT 1   [ RunTime:0.000000s ]
SQL: SHOW COLUMNS FROM `index_cart` [ RunTime:0.000000s ]
SQL: SELECT COUNT(*) AS tp_count FROM `index_cart` WHERE ( `member_id` = null ) LIMIT 1   [ RunTime:0.000000s ]
SQL: SHOW COLUMNS FROM `index_account` [ RunTime:0.015625s ]
SQL: SELECT `balance` FROM `index_account` WHERE ( `member_id` = null ) ORDER BY account_id desc LIMIT 1   [ RunTime:0.000000s ]
INFO: ParseTemplate Behavior ::run [ RunTime:0.046875s ]
INFO: [ view_parse ] --END-- [ RunTime:0.046875s ]
INFO: [ view_filter ] --START--
INFO: ContentReplace Behavior ::run [ RunTime:0.000000s ]
INFO: TokenBuild Behavior ::run [ RunTime:0.000000s ]
INFO: WriteHtmlCache Behavior ::run [ RunTime:0.000000s ]
INFO: ShowRuntime Behavior ::run [ RunTime:0.000000s ]
INFO: [ view_filter ] --END-- [ RunTime:0.000000s ]
INFO: [ view_end ] --START--
INFO: ShowPageTrace Behavior ::run [ RunTime:0.000000s ]
INFO: [ view_end ] --END-- [ RunTime:0.000000s ]

[ 2017-03-23T21:28:02+08:00 ] 140.205.201.33 /wz170315/INDEX.PHP?M=GOODSi3943974i&A=INDEX&CLASSIFY_ID=353
INFO: [ app_begin ] --START--
INFO: ReadHtmlCache Behavior ::run [ RunTime:0.000000s ]
INFO: [ app_begin ] --END-- [ RunTime:0.000000s ]
INFO: [ view_parse ] --START--
SQL: SHOW COLUMNS FROM `index_site` [ RunTime:0.000000s ]
SQL: SELECT * FROM `index_site` WHERE ( `version_id` = 1 ) LIMIT 1   [ RunTime:0.000000s ]
SQL: SHOW COLUMNS FROM `index_relevance` [ RunTime:0.000000s ]
SQL: SHOW COLUMNS FROM `index_classify_type` [ RunTime:0.000000s ]
SQL: SELECT `type_id` FROM `index_classify_type` WHERE ( `table_name` = 'Index' ) LIMIT 1   [ RunTime:0.000000s ]
SQL: SELECT `classify_id` FROM `index_relevance` WHERE ( `content_id` = 0 ) AND ( `main_id` = 1 ) AND ( `type_id` = null ) LIMIT 1   [ RunTime:0.000000s ]
SQL: SELECT `type_id` FROM `index_classify_type` WHERE ( `table_name` = 'Index' ) LIMIT 1   [ RunTime:0.000000s ]
SQL: SHOW COLUMNS FROM `index_classify` [ RunTime:0.000000s ]
SQL: SELECT `level_id`,`classify_id`,`classify_pid` FROM `index_classify` WHERE ( `classify_id` = null ) LIMIT 1   [ RunTime:0.000000s ]
SQL: SHOW COLUMNS FROM `index_cart` [ RunTime:0.000000s ]
SQL: SELECT COUNT(*) AS tp_count FROM `index_cart` WHERE ( `member_id` = null ) LIMIT 1   [ RunTime:0.000000s ]
SQL: SHOW COLUMNS FROM `index_account` [ RunTime:0.000000s ]
SQL: SELECT `balance` FROM `index_account` WHERE ( `member_id` = null ) ORDER BY account_id desc LIMIT 1   [ RunTime:0.000000s ]
INFO: ParseTemplate Behavior ::run [ RunTime:0.031250s ]
INFO: [ view_parse ] --END-- [ RunTime:0.031250s ]
INFO: [ view_filter ] --START--
INFO: ContentReplace Behavior ::run [ RunTime:0.000000s ]
INFO: TokenBuild Behavior ::run [ RunTime:0.000000s ]
INFO: WriteHtmlCache Behavior ::run [ RunTime:0.000000s ]
INFO: ShowRuntime Behavior ::run [ RunTime:0.000000s ]
INFO: [ view_filter ] --END-- [ RunTime:0.000000s ]
INFO: [ view_end ] --START--
INFO: ShowPageTrace Behavior ::run [ RunTime:0.000000s ]
INFO: [ view_end ] --END-- [ RunTime:0.000000s ]

[ 2017-03-23T21:28:06+08:00 ] 140.205.201.33 /wz170315/INDEX.PHP?M=GOODS&A=INDEX&CLASSIFY_ID=353
INFO: [ app_begin ] --START--
INFO: ReadHtmlCache Behavior ::run [ RunTime:0.000000s ]
INFO: [ app_begin ] --END-- [ RunTime:0.000000s ]
INFO: [ view_parse ] --START--
SQL: SHOW COLUMNS FROM `index_site` [ RunTime:0.000000s ]
SQL: SELECT * FROM `index_site` WHERE ( `version_id` = 1 ) LIMIT 1   [ RunTime:0.000000s ]
SQL: SHOW COLUMNS FROM `index_relevance` [ RunTime:0.000000s ]
SQL: SHOW COLUMNS FROM `index_classify_type` [ RunTime:0.000000s ]
SQL: SELECT `type_id` FROM `index_classify_type` WHERE ( `table_name` = 'Index' ) LIMIT 1   [ RunTime:0.000000s ]
SQL: SELECT `classify_id` FROM `index_relevance` WHERE ( `content_id` = 0 ) AND ( `main_id` = 1 ) AND ( `type_id` = null ) LIMIT 1   [ RunTime:0.000000s ]
SQL: SELECT `type_id` FROM `index_classify_type` WHERE ( `table_name` = 'Index' ) LIMIT 1   [ RunTime:0.000000s ]
SQL: SHOW COLUMNS FROM `index_classify` [ RunTime:0.000000s ]
SQL: SELECT `level_id`,`classify_id`,`classify_pid` FROM `index_classify` WHERE ( `classify_id` = null ) LIMIT 1   [ RunTime:0.000000s ]
SQL: SHOW COLUMNS FROM `index_cart` [ RunTime:0.000000s ]
SQL: SELECT COUNT(*) AS tp_count FROM `index_cart` WHERE ( `member_id` = null ) LIMIT 1   [ RunTime:0.000000s ]
SQL: SHOW COLUMNS FROM `index_account` [ RunTime:0.000000s ]
SQL: SELECT `balance` FROM `index_account` WHERE ( `member_id` = null ) ORDER BY account_id desc LIMIT 1   [ RunTime:0.000000s ]
INFO: ParseTemplate Behavior ::run [ RunTime:0.031250s ]
INFO: [ view_parse ] --END-- [ RunTime:0.031250s ]
INFO: [ view_filter ] --START--
INFO: ContentReplace Behavior ::run [ RunTime:0.000000s ]
INFO: TokenBuild Behavior ::run [ RunTime:0.000000s ]
INFO: WriteHtmlCache Behavior ::run [ RunTime:0.000000s ]
INFO: ShowRuntime Behavior ::run [ RunTime:0.000000s ]
INFO: [ view_filter ] --END-- [ RunTime:0.000000s ]
INFO: [ view_end ] --START--
INFO: ShowPageTrace Behavior ::run [ RunTime:0.000000s ]
INFO: [ view_end ] --END-- [ RunTime:0.000000s ]

[ 2017-03-23T21:28:11+08:00 ] 140.205.201.33 /wz170315/INDEX.PHP?M=PHNjcmlwdD5hbGVydCgxKTwvc2NyaXB0Pg==&A=INDEX&CLASSIFY_ID=353
INFO: [ app_begin ] --START--
INFO: ReadHtmlCache Behavior ::run [ RunTime:0.000000s ]
INFO: [ app_begin ] --END-- [ RunTime:0.000000s ]
INFO: [ view_parse ] --START--
SQL: SHOW COLUMNS FROM `index_site` [ RunTime:0.000000s ]
SQL: SELECT * FROM `index_site` WHERE ( `version_id` = 1 ) LIMIT 1   [ RunTime:0.000000s ]
SQL: SHOW COLUMNS FROM `index_relevance` [ RunTime:0.000000s ]
SQL: SHOW COLUMNS FROM `index_classify_type` [ RunTime:0.000000s ]
SQL: SELECT `type_id` FROM `index_classify_type` WHERE ( `table_name` = 'Index' ) LIMIT 1   [ RunTime:0.000000s ]
SQL: SELECT `classify_id` FROM `index_relevance` WHERE ( `content_id` = 0 ) AND ( `main_id` = 1 ) AND ( `type_id` = null ) LIMIT 1   [ RunTime:0.000000s ]
SQL: SELECT `type_id` FROM `index_classify_type` WHERE ( `table_name` = 'Index' ) LIMIT 1   [ RunTime:0.000000s ]
SQL: SHOW COLUMNS FROM `index_classify` [ RunTime:0.000000s ]
SQL: SELECT `level_id`,`classify_id`,`classify_pid` FROM `index_classify` WHERE ( `classify_id` = null ) LIMIT 1   [ RunTime:0.000000s ]
SQL: SHOW COLUMNS FROM `index_cart` [ RunTime:0.015625s ]
SQL: SELECT COUNT(*) AS tp_count FROM `index_cart` WHERE ( `member_id` = null ) LIMIT 1   [ RunTime:0.000000s ]
SQL: SHOW COLUMNS FROM `index_account` [ RunTime:0.000000s ]
SQL: SELECT `balance` FROM `index_account` WHERE ( `member_id` = null ) ORDER BY account_id desc LIMIT 1   [ RunTime:0.000000s ]
INFO: ParseTemplate Behavior ::run [ RunTime:0.046875s ]
INFO: [ view_parse ] --END-- [ RunTime:0.046875s ]
INFO: [ view_filter ] --START--
INFO: ContentReplace Behavior ::run [ RunTime:0.000000s ]
INFO: TokenBuild Behavior ::run [ RunTime:0.000000s ]
INFO: WriteHtmlCache Behavior ::run [ RunTime:0.000000s ]
INFO: ShowRuntime Behavior ::run [ RunTime:0.000000s ]
INFO: [ view_filter ] --END-- [ RunTime:0.000000s ]
INFO: [ view_end ] --START--
INFO: ShowPageTrace Behavior ::run [ RunTime:0.000000s ]
INFO: [ view_end ] --END-- [ RunTime:0.000000s ]

[ 2017-03-23T21:28:14+08:00 ] 140.205.201.33 /wz170315/INDEX.PHP?M=GOODS&A=PHNjcmlwdD5hbGVydCgxKTwvc2NyaXB0Pg==&CLASSIFY_ID=353
INFO: [ app_begin ] --START--
INFO: ReadHtmlCache Behavior ::run [ RunTime:0.000000s ]
INFO: [ app_begin ] --END-- [ RunTime:0.000000s ]
INFO: [ view_parse ] --START--
SQL: SHOW COLUMNS FROM `index_site` [ RunTime:0.000000s ]
SQL: SELECT * FROM `index_site` WHERE ( `version_id` = 1 ) LIMIT 1   [ RunTime:0.000000s ]
SQL: SHOW COLUMNS FROM `index_relevance` [ RunTime:0.000000s ]
SQL: SHOW COLUMNS FROM `index_classify_type` [ RunTime:0.000000s ]
SQL: SELECT `type_id` FROM `index_classify_type` WHERE ( `table_name` = 'Index' ) LIMIT 1   [ RunTime:0.000000s ]
SQL: SELECT `classify_id` FROM `index_relevance` WHERE ( `content_id` = 0 ) AND ( `main_id` = 1 ) AND ( `type_id` = null ) LIMIT 1   [ RunTime:0.000000s ]
SQL: SELECT `type_id` FROM `index_classify_type` WHERE ( `table_name` = 'Index' ) LIMIT 1   [ RunTime:0.000000s ]
SQL: SHOW COLUMNS FROM `index_classify` [ RunTime:0.000000s ]
SQL: SELECT `level_id`,`classify_id`,`classify_pid` FROM `index_classify` WHERE ( `classify_id` = null ) LIMIT 1   [ RunTime:0.000000s ]
SQL: SHOW COLUMNS FROM `index_cart` [ RunTime:0.000000s ]
SQL: SELECT COUNT(*) AS tp_count FROM `index_cart` WHERE ( `member_id` = null ) LIMIT 1   [ RunTime:0.000000s ]
SQL: SHOW COLUMNS FROM `index_account` [ RunTime:0.000000s ]
SQL: SELECT `balance` FROM `index_account` WHERE ( `member_id` = null ) ORDER BY account_id desc LIMIT 1   [ RunTime:0.000000s ]
INFO: ParseTemplate Behavior ::run [ RunTime:0.031250s ]
INFO: [ view_parse ] --END-- [ RunTime:0.031250s ]
INFO: [ view_filter ] --START--
INFO: ContentReplace Behavior ::run [ RunTime:0.000000s ]
INFO: TokenBuild Behavior ::run [ RunTime:0.000000s ]
INFO: WriteHtmlCache Behavior ::run [ RunTime:0.000000s ]
INFO: ShowRuntime Behavior ::run [ RunTime:0.000000s ]
INFO: [ view_filter ] --END-- [ RunTime:0.000000s ]
INFO: [ view_end ] --START--
INFO: ShowPageTrace Behavior ::run [ RunTime:0.000000s ]
INFO: [ view_end ] --END-- [ RunTime:0.000000s ]

[ 2017-03-23T21:28:15+08:00 ] 140.205.201.33 /wz170315/INDEX.PHP?M=GOODS&A=INDEX&CLASSIFY_ID=PHNjcmlwdD5hbGVydCgxKTwvc2NyaXB0Pg==
INFO: [ app_begin ] --START--
INFO: ReadHtmlCache Behavior ::run [ RunTime:0.000000s ]
INFO: [ app_begin ] --END-- [ RunTime:0.015625s ]
INFO: [ view_parse ] --START--
SQL: SHOW COLUMNS FROM `index_site` [ RunTime:0.000000s ]
SQL: SELECT * FROM `index_site` WHERE ( `version_id` = 1 ) LIMIT 1   [ RunTime:0.000000s ]
SQL: SHOW COLUMNS FROM `index_relevance` [ RunTime:0.000000s ]
SQL: SHOW COLUMNS FROM `index_classify_type` [ RunTime:0.000000s ]
SQL: SELECT `type_id` FROM `index_classify_type` WHERE ( `table_name` = 'Index' ) LIMIT 1   [ RunTime:0.000000s ]
SQL: SELECT `classify_id` FROM `index_relevance` WHERE ( `content_id` = 0 ) AND ( `main_id` = 1 ) AND ( `type_id` = null ) LIMIT 1   [ RunTime:0.000000s ]
SQL: SELECT `type_id` FROM `index_classify_type` WHERE ( `table_name` = 'Index' ) LIMIT 1   [ RunTime:0.000000s ]
SQL: SHOW COLUMNS FROM `index_classify` [ RunTime:0.015625s ]
SQL: SELECT `level_id`,`classify_id`,`classify_pid` FROM `index_classify` WHERE ( `classify_id` = null ) LIMIT 1   [ RunTime:0.000000s ]
SQL: SHOW COLUMNS FROM `index_cart` [ RunTime:0.000000s ]
SQL: SELECT COUNT(*) AS tp_count FROM `index_cart` WHERE ( `member_id` = null ) LIMIT 1   [ RunTime:0.000000s ]
SQL: SHOW COLUMNS FROM `index_account` [ RunTime:0.000000s ]
SQL: SELECT `balance` FROM `index_account` WHERE ( `member_id` = null ) ORDER BY account_id desc LIMIT 1   [ RunTime:0.000000s ]
INFO: ParseTemplate Behavior ::run [ RunTime:0.031250s ]
INFO: [ view_parse ] --END-- [ RunTime:0.031250s ]
INFO: [ view_filter ] --START--
INFO: ContentReplace Behavior ::run [ RunTime:0.000000s ]
INFO: TokenBuild Behavior ::run [ RunTime:0.000000s ]
INFO: WriteHtmlCache Behavior ::run [ RunTime:0.000000s ]
INFO: ShowRuntime Behavior ::run [ RunTime:0.000000s ]
INFO: [ view_filter ] --END-- [ RunTime:0.000000s ]
INFO: [ view_end ] --START--
INFO: ShowPageTrace Behavior ::run [ RunTime:0.000000s ]
INFO: [ view_end ] --END-- [ RunTime:0.000000s ]

[ 2017-03-23T21:28:18+08:00 ] 140.205.201.33 /wz170315/INDEX.PHP?M=amF2YXNjcmlwdDpwcm9tcHQoMTExKTt4&A=INDEX&CLASSIFY_ID=353
INFO: [ app_begin ] --START--
INFO: ReadHtmlCache Behavior ::run [ RunTime:0.000000s ]
INFO: [ app_begin ] --END-- [ RunTime:0.000000s ]
INFO: [ view_parse ] --START--
SQL: SHOW COLUMNS FROM `index_site` [ RunTime:0.000000s ]
SQL: SELECT * FROM `index_site` WHERE ( `version_id` = 1 ) LIMIT 1   [ RunTime:0.015625s ]
SQL: SHOW COLUMNS FROM `index_relevance` [ RunTime:0.000000s ]
SQL: SHOW COLUMNS FROM `index_classify_type` [ RunTime:0.000000s ]
SQL: SELECT `type_id` FROM `index_classify_type` WHERE ( `table_name` = 'Index' ) LIMIT 1   [ RunTime:0.000000s ]
SQL: SELECT `classify_id` FROM `index_relevance` WHERE ( `content_id` = 0 ) AND ( `main_id` = 1 ) AND ( `type_id` = null ) LIMIT 1   [ RunTime:0.000000s ]
SQL: SELECT `type_id` FROM `index_classify_type` WHERE ( `table_name` = 'Index' ) LIMIT 1   [ RunTime:0.000000s ]
SQL: SHOW COLUMNS FROM `index_classify` [ RunTime:0.000000s ]
SQL: SELECT `level_id`,`classify_id`,`classify_pid` FROM `index_classify` WHERE ( `classify_id` = null ) LIMIT 1   [ RunTime:0.000000s ]
SQL: SHOW COLUMNS FROM `index_cart` [ RunTime:0.000000s ]
SQL: SELECT COUNT(*) AS tp_count FROM `index_cart` WHERE ( `member_id` = null ) LIMIT 1   [ RunTime:0.000000s ]
SQL: SHOW COLUMNS FROM `index_account` [ RunTime:0.000000s ]
SQL: SELECT `balance` FROM `index_account` WHERE ( `member_id` = null ) ORDER BY account_id desc LIMIT 1   [ RunTime:0.000000s ]
INFO: ParseTemplate Behavior ::run [ RunTime:0.031250s ]
INFO: [ view_parse ] --END-- [ RunTime:0.031250s ]
INFO: [ view_filter ] --START--
INFO: ContentReplace Behavior ::run [ RunTime:0.000000s ]
INFO: TokenBuild Behavior ::run [ RunTime:0.000000s ]
INFO: WriteHtmlCache Behavior ::run [ RunTime:0.000000s ]
INFO: ShowRuntime Behavior ::run [ RunTime:0.000000s ]
INFO: [ view_filter ] --END-- [ RunTime:0.000000s ]
INFO: [ view_end ] --START--
INFO: ShowPageTrace Behavior ::run [ RunTime:0.000000s ]
INFO: [ view_end ] --END-- [ RunTime:0.000000s ]

[ 2017-03-23T21:28:21+08:00 ] 140.205.201.33 /wz170315/INDEX.PHP?M=GOODS&A=amF2YXNjcmlwdDpwcm9tcHQoMTExKTt4&CLASSIFY_ID=353
INFO: [ app_begin ] --START--
INFO: ReadHtmlCache Behavior ::run [ RunTime:0.000000s ]
INFO: [ app_begin ] --END-- [ RunTime:0.000000s ]
INFO: [ view_parse ] --START--
SQL: SHOW COLUMNS FROM `index_site` [ RunTime:0.000000s ]
SQL: SELECT * FROM `index_site` WHERE ( `version_id` = 1 ) LIMIT 1   [ RunTime:0.000000s ]
SQL: SHOW COLUMNS FROM `index_relevance` [ RunTime:0.015625s ]
SQL: SHOW COLUMNS FROM `index_classify_type` [ RunTime:0.000000s ]
SQL: SELECT `type_id` FROM `index_classify_type` WHERE ( `table_name` = 'Index' ) LIMIT 1   [ RunTime:0.000000s ]
SQL: SELECT `classify_id` FROM `index_relevance` WHERE ( `content_id` = 0 ) AND ( `main_id` = 1 ) AND ( `type_id` = null ) LIMIT 1   [ RunTime:0.000000s ]
SQL: SELECT `type_id` FROM `index_classify_type` WHERE ( `table_name` = 'Index' ) LIMIT 1   [ RunTime:0.000000s ]
SQL: SHOW COLUMNS FROM `index_classify` [ RunTime:0.000000s ]
SQL: SELECT `level_id`,`classify_id`,`classify_pid` FROM `index_classify` WHERE ( `classify_id` = null ) LIMIT 1   [ RunTime:0.000000s ]
SQL: SHOW COLUMNS FROM `index_cart` [ RunTime:0.000000s ]
SQL: SELECT COUNT(*) AS tp_count FROM `index_cart` WHERE ( `member_id` = null ) LIMIT 1   [ RunTime:0.000000s ]
SQL: SHOW COLUMNS FROM `index_account` [ RunTime:0.000000s ]
SQL: SELECT `balance` FROM `index_account` WHERE ( `member_id` = null ) ORDER BY account_id desc LIMIT 1   [ RunTime:0.000000s ]
INFO: ParseTemplate Behavior ::run [ RunTime:0.031250s ]
INFO: [ view_parse ] --END-- [ RunTime:0.031250s ]
INFO: [ view_filter ] --START--
INFO: ContentReplace Behavior ::run [ RunTime:0.000000s ]
INFO: TokenBuild Behavior ::run [ RunTime:0.000000s ]
INFO: WriteHtmlCache Behavior ::run [ RunTime:0.000000s ]
INFO: ShowRuntime Behavior ::run [ RunTime:0.000000s ]
INFO: [ view_filter ] --END-- [ RunTime:0.000000s ]
INFO: [ view_end ] --START--
INFO: ShowPageTrace Behavior ::run [ RunTime:0.000000s ]
INFO: [ view_end ] --END-- [ RunTime:0.000000s ]

[ 2017-03-23T21:28:23+08:00 ] 140.205.201.33 /wz170315/INDEX.PHP?M=GOODS&A=INDEX&CLASSIFY_ID=amF2YXNjcmlwdDpwcm9tcHQoMTExKTt4
INFO: [ app_begin ] --START--
INFO: ReadHtmlCache Behavior ::run [ RunTime:0.000000s ]
INFO: [ app_begin ] --END-- [ RunTime:0.000000s ]
INFO: [ view_parse ] --START--
SQL: SHOW COLUMNS FROM `index_site` [ RunTime:0.000000s ]
SQL: SELECT * FROM `index_site` WHERE ( `version_id` = 1 ) LIMIT 1   [ RunTime:0.000000s ]
SQL: SHOW COLUMNS FROM `index_relevance` [ RunTime:0.000000s ]
SQL: SHOW COLUMNS FROM `index_classify_type` [ RunTime:0.000000s ]
SQL: SELECT `type_id` FROM `index_classify_type` WHERE ( `table_name` = 'Index' ) LIMIT 1   [ RunTime:0.000000s ]
SQL: SELECT `classify_id` FROM `index_relevance` WHERE ( `content_id` = 0 ) AND ( `main_id` = 1 ) AND ( `type_id` = null ) LIMIT 1   [ RunTime:0.000000s ]
SQL: SELECT `type_id` FROM `index_classify_type` WHERE ( `table_name` = 'Index' ) LIMIT 1   [ RunTime:0.000000s ]
SQL: SHOW COLUMNS FROM `index_classify` [ RunTime:0.000000s ]
SQL: SELECT `level_id`,`classify_id`,`classify_pid` FROM `index_classify` WHERE ( `classify_id` = null ) LIMIT 1   [ RunTime:0.000000s ]
SQL: SHOW COLUMNS FROM `index_cart` [ RunTime:0.000000s ]
SQL: SELECT COUNT(*) AS tp_count FROM `index_cart` WHERE ( `member_id` = null ) LIMIT 1   [ RunTime:0.000000s ]
SQL: SHOW COLUMNS FROM `index_account` [ RunTime:0.000000s ]
SQL: SELECT `balance` FROM `index_account` WHERE ( `member_id` = null ) ORDER BY account_id desc LIMIT 1   [ RunTime:0.000000s ]
INFO: ParseTemplate Behavior ::run [ RunTime:0.031250s ]
INFO: [ view_parse ] --END-- [ RunTime:0.031250s ]
INFO: [ view_filter ] --START--
INFO: ContentReplace Behavior ::run [ RunTime:0.000000s ]
INFO: TokenBuild Behavior ::run [ RunTime:0.000000s ]
INFO: WriteHtmlCache Behavior ::run [ RunTime:0.000000s ]
INFO: ShowRuntime Behavior ::run [ RunTime:0.000000s ]
INFO: [ view_filter ] --END-- [ RunTime:0.000000s ]
INFO: [ view_end ] --START--
INFO: ShowPageTrace Behavior ::run [ RunTime:0.000000s ]
INFO: [ view_end ] --END-- [ RunTime:0.000000s ]

[ 2017-03-23T21:28:33+08:00 ] 140.205.201.33 /wz170315/INDEX.PHP?M=GOODSi3943974i&A=INDEX&CLASSIFY_ID=353
INFO: [ app_begin ] --START--
INFO: ReadHtmlCache Behavior ::run [ RunTime:0.000000s ]
INFO: [ app_begin ] --END-- [ RunTime:0.000000s ]
INFO: [ view_parse ] --START--
SQL: SHOW COLUMNS FROM `index_site` [ RunTime:0.000000s ]
SQL: SELECT * FROM `index_site` WHERE ( `version_id` = 1 ) LIMIT 1   [ RunTime:0.000000s ]
SQL: SHOW COLUMNS FROM `index_relevance` [ RunTime:0.000000s ]
SQL: SHOW COLUMNS FROM `index_classify_type` [ RunTime:0.000000s ]
SQL: SELECT `type_id` FROM `index_classify_type` WHERE ( `table_name` = 'Index' ) LIMIT 1   [ RunTime:0.000000s ]
SQL: SELECT `classify_id` FROM `index_relevance` WHERE ( `content_id` = 0 ) AND ( `main_id` = 1 ) AND ( `type_id` = null ) LIMIT 1   [ RunTime:0.000000s ]
SQL: SELECT `type_id` FROM `index_classify_type` WHERE ( `table_name` = 'Index' ) LIMIT 1   [ RunTime:0.000000s ]
SQL: SHOW COLUMNS FROM `index_classify` [ RunTime:0.000000s ]
SQL: SELECT `level_id`,`classify_id`,`classify_pid` FROM `index_classify` WHERE ( `classify_id` = null ) LIMIT 1   [ RunTime:0.000000s ]
SQL: SHOW COLUMNS FROM `index_cart` [ RunTime:0.000000s ]
SQL: SELECT COUNT(*) AS tp_count FROM `index_cart` WHERE ( `member_id` = null ) LIMIT 1   [ RunTime:0.000000s ]
SQL: SHOW COLUMNS FROM `index_account` [ RunTime:0.000000s ]
SQL: SELECT `balance` FROM `index_account` WHERE ( `member_id` = null ) ORDER BY account_id desc LIMIT 1   [ RunTime:0.015625s ]
INFO: ParseTemplate Behavior ::run [ RunTime:0.046875s ]
INFO: [ view_parse ] --END-- [ RunTime:0.046875s ]
INFO: [ view_filter ] --START--
INFO: ContentReplace Behavior ::run [ RunTime:0.000000s ]
INFO: TokenBuild Behavior ::run [ RunTime:0.000000s ]
INFO: WriteHtmlCache Behavior ::run [ RunTime:0.000000s ]
INFO: ShowRuntime Behavior ::run [ RunTime:0.000000s ]
INFO: [ view_filter ] --END-- [ RunTime:0.000000s ]
INFO: [ view_end ] --START--
INFO: ShowPageTrace Behavior ::run [ RunTime:0.000000s ]
INFO: [ view_end ] --END-- [ RunTime:0.000000s ]

